07:39:34 50 docs → 193 segments
07:40:13 [epoch 0/300] nll=3.6518  best=inf  con=5.2767
07:41:00 [epoch 1/300] nll=4.4388  best=3.6518  con=4.5555
07:41:55 [epoch 2/300] nll=4.4667  best=3.6518  con=3.6684
07:42:49 [epoch 3/300] nll=4.0620  best=3.6518  con=3.4083
07:43:44 [epoch 4/300] nll=4.0013  best=3.6518  con=3.1700
07:44:38 [epoch 5/300] nll=3.9368  best=3.6518  con=3.0452
07:45:33 [epoch 6/300] nll=3.6007  best=3.6518  con=2.9308
07:46:27 [epoch 7/300] nll=3.4308  best=3.6007  con=2.8233
07:47:21 [epoch 8/300] nll=3.3468  best=3.4308  con=2.7296
07:48:15 [epoch 9/300] nll=3.0922  best=3.3468  con=2.6458
07:49:11 [epoch 10/300] nll=2.9050  best=3.0922  con=2.5948
07:50:05 [epoch 11/300] nll=2.7440  best=2.9050  con=2.5546
07:50:59 [epoch 12/300] nll=2.6421  best=2.7440  con=2.5419
07:51:53 [epoch 13/300] nll=2.5270  best=2.6421  con=2.5141
07:52:47 [epoch 14/300] nll=2.4130  best=2.5270  con=2.4660
07:53:42 [epoch 15/300] nll=2.3923  best=2.4130  con=2.4521
07:54:36 [epoch 16/300] nll=2.4148  best=2.3923  con=2.4197
07:55:31 [epoch 17/300] nll=2.2513  best=2.3923  con=2.4156
07:56:25 [epoch 18/300] nll=2.1683  best=2.2513  con=2.3994
07:57:19 [epoch 19/300] nll=2.0363  best=2.1683  con=2.3872
07:58:13 [epoch 20/300] nll=1.9811  best=2.0363  con=2.3682
07:59:07 [epoch 21/300] nll=1.9043  best=1.9811  con=2.3517
08:00:01 [epoch 22/300] nll=1.9127  best=1.9043  con=2.3489
08:00:55 [epoch 23/300] nll=1.8472  best=1.9043  con=2.3481
08:01:50 [epoch 24/300] nll=1.7630  best=1.8472  con=2.3336
08:02:44 [epoch 25/300] nll=1.6476  best=1.7630  con=2.3406
08:03:38 [epoch 26/300] nll=1.6373  best=1.6476  con=2.3347
08:04:32 [epoch 27/300] nll=1.5581  best=1.6373  con=2.3353
08:05:26 [epoch 28/300] nll=1.4118  best=1.5581  con=2.3288
08:06:20 [epoch 29/300] nll=1.4160  best=1.4118  con=2.3257
08:07:14 [epoch 30/300] nll=1.2892  best=1.4118  con=2.3167
08:08:08 [epoch 31/300] nll=1.2980  best=1.2892  con=2.3091
08:09:01 [epoch 32/300] nll=1.2021  best=1.2892  con=2.3042
08:09:56 [epoch 33/300] nll=1.1139  best=1.2021  con=2.2930
08:10:49 [epoch 34/300] nll=1.0622  best=1.1139  con=2.2837
08:11:43 [epoch 35/300] nll=1.0678  best=1.0622  con=2.2838
08:12:37 [epoch 36/300] nll=0.9939  best=1.0622  con=2.2750
08:13:32 [epoch 37/300] nll=0.9498  best=0.9939  con=2.2679
08:14:25 [epoch 38/300] nll=0.8917  best=0.9498  con=2.2621
08:15:20 [epoch 39/300] nll=0.8830  best=0.8917  con=2.2508
08:16:14 [epoch 40/300] nll=0.8818  best=0.8830  con=2.2467
08:17:08 [epoch 41/300] nll=0.8484  best=0.8818  con=2.2354
08:18:02 [epoch 42/300] nll=0.8100  best=0.8484  con=2.2267
08:18:56 [epoch 43/300] nll=0.7419  best=0.8100  con=2.2158
08:19:50 [epoch 44/300] nll=0.7304  best=0.7419  con=2.2057
08:20:43 [epoch 45/300] nll=0.6568  best=0.7304  con=2.1916
08:21:37 [epoch 46/300] nll=0.6729  best=0.6568  con=2.1779
08:22:31 [epoch 47/300] nll=0.6751  best=0.6568  con=2.1596
08:23:26 [epoch 48/300] nll=0.6529  best=0.6568  con=2.1457
08:24:19 [epoch 49/300] nll=0.6244  best=0.6529  con=2.1304
08:25:14 [epoch 50/300] nll=0.6067  best=0.6244  con=2.1092
09:04:51 50 docs → 193 segments
09:04:51 Resumed from experiments/v56_triviaqa_recon/runs/20260226_073923/latest_epoch50.pt, starting at epoch 51
09:05:32 [epoch 51/300] nll=0.5907  best=inf  con=2.0921
09:06:26 [epoch 52/300] nll=0.5873  best=0.5907  con=1.9882
09:07:20 [epoch 53/300] nll=0.8068  best=0.5873  con=1.9822
09:08:14 [epoch 54/300] nll=0.8410  best=0.5873  con=2.0156
09:09:08 [epoch 55/300] nll=0.6654  best=0.5873  con=2.0474
09:10:03 [epoch 56/300] nll=0.5233  best=0.5873  con=2.0588
09:10:57 [epoch 57/300] nll=0.4873  best=0.5233  con=2.0578
09:11:51 [epoch 58/300] nll=0.4237  best=0.4873  con=2.0455
09:12:45 [epoch 59/300] nll=0.4106  best=0.4237  con=2.0277
09:13:39 [epoch 60/300] nll=0.3632  best=0.4106  con=2.0056
09:14:33 [epoch 61/300] nll=0.3512  best=0.3632  con=1.9828
09:15:27 [epoch 62/300] nll=0.3275  best=0.3512  con=1.9561
09:16:21 [epoch 63/300] nll=0.3210  best=0.3275  con=1.9271
09:17:16 [epoch 64/300] nll=0.2925  best=0.3210  con=1.8986
09:18:10 [epoch 65/300] nll=0.2860  best=0.2925  con=1.8671
09:19:04 [epoch 66/300] nll=0.2941  best=0.2860  con=1.8385
09:19:58 [epoch 67/300] nll=0.3600  best=0.2860  con=1.8107
09:20:52 [epoch 68/300] nll=0.3249  best=0.2860  con=1.7837
09:21:46 [epoch 69/300] nll=0.3242  best=0.2860  con=1.7592
09:22:45 [epoch 70/300] nll=0.3315  best=0.2860  con=1.7383
09:23:22 [epoch 71/300] nll=0.3935  best=0.2860  con=1.7239
09:23:57 [epoch 72/300] nll=0.3819  best=0.2860  con=1.7111
09:24:31 [epoch 73/300] nll=0.3628  best=0.2860  con=1.7051
09:25:24 50 docs → 193 segments
09:27:07 50 docs → 193 segments
09:27:39 50 docs → 193 segments
09:29:15 50 docs → 193 segments
09:29:15 Resumed from experiments/v56_triviaqa_recon/runs/20260226_073923/latest_epoch73.pt, starting at epoch 74
09:30:10 [epoch 74/300] nll=0.3915  best=inf  con=1.6987
09:31:04 [epoch 75/300] nll=0.3330  best=0.3915  con=1.6238
09:31:58 [epoch 76/300] nll=0.6174  best=0.3330  con=1.6232
09:32:52 [epoch 77/300] nll=0.6364  best=0.3330  con=1.6595
09:33:47 [epoch 78/300] nll=0.4906  best=0.3330  con=1.6856
09:34:41 [epoch 79/300] nll=0.3264  best=0.3330  con=1.7000
09:35:35 [epoch 80/300] nll=0.2653  best=0.3264  con=1.7020
09:36:29 [epoch 81/300] nll=0.2033  best=0.2653  con=1.6956
09:37:23 [epoch 82/300] nll=0.1831  best=0.2033  con=1.6838
09:38:17 [epoch 83/300] nll=0.1695  best=0.1831  con=1.6641
09:39:11 [epoch 84/300] nll=0.1586  best=0.1695  con=1.6427
09:40:05 [epoch 85/300] nll=0.1459  best=0.1586  con=1.6193
09:40:59 [epoch 86/300] nll=0.1716  best=0.1459  con=1.5945
09:41:53 [epoch 87/300] nll=0.1723  best=0.1459  con=1.5718
09:42:48 [epoch 88/300] nll=0.1933  best=0.1459  con=1.5479
09:43:42 [epoch 89/300] nll=0.1658  best=0.1459  con=1.5232
09:44:36 [epoch 90/300] nll=0.1786  best=0.1459  con=1.5001
09:45:30 [epoch 91/300] nll=0.2016  best=0.1459  con=1.4786
09:46:25 [epoch 92/300] nll=0.2342  best=0.1459  con=1.4586
09:47:19 [epoch 93/300] nll=0.2787  best=0.1459  con=1.4455
09:48:13 [epoch 94/300] nll=0.3136  best=0.1459  con=1.4310
09:49:07 [epoch 95/300] nll=0.3444  best=0.1459  con=1.4239
09:50:01 [epoch 96/300] nll=0.4462  best=0.1459  con=1.4266
09:50:55 [epoch 97/300] nll=0.4499  best=0.1459  con=1.4329
09:51:49 [epoch 98/300] nll=0.3536  best=0.1459  con=1.4341
09:52:43 [epoch 99/300] nll=0.3573  best=0.1459  con=1.4395
09:53:38 [epoch 100/300] nll=0.4069  best=0.1459  con=1.4449
09:54:32 [epoch 101/300] nll=0.4210  best=0.1459  con=1.4575
09:55:26 [epoch 102/300] nll=0.3298  best=0.1459  con=1.4609
09:56:20 [epoch 103/300] nll=0.2959  best=0.1459  con=1.4668
09:57:14 [epoch 104/300] nll=0.2973  best=0.1459  con=1.4689
09:58:08 [epoch 105/300] nll=0.3160  best=0.1459  con=1.4699
09:59:02 [epoch 106/300] nll=0.2480  best=0.1459  con=1.4658
09:59:56 [epoch 107/300] nll=0.2416  best=0.1459  con=1.4579
10:00:50 [epoch 108/300] nll=0.2338  best=0.1459  con=1.4478
10:01:44 [epoch 109/300] nll=0.2983  best=0.1459  con=1.4352
10:02:38 [epoch 110/300] nll=0.2240  best=0.1459  con=1.4233
10:03:33 [epoch 111/300] nll=0.1814  best=0.1459  con=1.4069
10:04:26 [epoch 112/300] nll=0.2355  best=0.1459  con=1.3898
10:05:20 [epoch 113/300] nll=0.2505  best=0.1459  con=1.3762
10:06:14 [epoch 114/300] nll=0.2197  best=0.1459  con=1.3648
10:07:08 [epoch 115/300] nll=0.2158  best=0.1459  con=1.3523
10:08:02 [epoch 116/300] nll=0.2115  best=0.1459  con=1.3392
10:08:56 [epoch 117/300] nll=0.1827  best=0.1459  con=1.3253
10:09:50 [epoch 118/300] nll=0.2146  best=0.1459  con=1.3153
10:10:44 [epoch 119/300] nll=0.2609  best=0.1459  con=1.3089
10:11:38 [epoch 120/300] nll=0.2595  best=0.1459  con=1.3023
10:12:32 [epoch 121/300] nll=0.3165  best=0.1459  con=1.2993
10:13:26 [epoch 122/300] nll=0.2504  best=0.1459  con=1.2942
10:14:20 [epoch 123/300] nll=0.2636  best=0.1459  con=1.2938
10:15:15 [epoch 124/300] nll=0.2651  best=0.1459  con=1.2883
10:16:09 [epoch 125/300] nll=0.2926  best=0.1459  con=1.2862
10:17:02 [epoch 126/300] nll=0.3417  best=0.1459  con=1.2860
10:17:56 [epoch 127/300] nll=0.3272  best=0.1459  con=1.2863
10:18:50 [epoch 128/300] nll=0.3008  best=0.1459  con=1.2854
10:19:44 [epoch 129/300] nll=0.2917  best=0.1459  con=1.2860
10:20:38 [epoch 130/300] nll=0.2580  best=0.1459  con=1.2852
10:21:32 [epoch 131/300] nll=0.2257  best=0.1459  con=1.2809
10:22:26 [epoch 132/300] nll=0.2793  best=0.1459  con=1.2791
10:23:21 [epoch 133/300] nll=0.2246  best=0.1459  con=1.2760
10:24:15 [epoch 134/300] nll=0.2605  best=0.1459  con=1.2725
10:25:09 [epoch 135/300] nll=0.2109  best=0.1459  con=1.2646
10:26:03 [epoch 136/300] nll=0.2236  best=0.1459  con=1.2570
10:26:56 [epoch 137/300] nll=0.2419  best=0.1459  con=1.2514
10:27:30 [epoch 138/300] nll=0.1943  best=0.1459  con=1.2441
10:28:05 [epoch 139/300] nll=0.1922  best=0.1459  con=1.2391
10:28:40 [epoch 140/300] nll=0.1768  best=0.1459  con=1.2323
10:29:18 [epoch 141/300] nll=0.1844  best=0.1459  con=1.2288
10:29:54 [epoch 142/300] nll=0.1989  best=0.1459  con=1.2240
10:30:47 [epoch 143/300] nll=0.2020  best=0.1459  con=1.2190
10:31:41 [epoch 144/300] nll=0.2244  best=0.1459  con=1.2148
10:32:35 [epoch 145/300] nll=0.2544  best=0.1459  con=1.2089
10:33:29 [epoch 146/300] nll=0.2236  best=0.1459  con=1.2017
10:34:23 [epoch 147/300] nll=0.1771  best=0.1459  con=1.1958
10:35:17 [epoch 148/300] nll=0.2401  best=0.1459  con=1.1905
10:36:11 [epoch 149/300] nll=0.2086  best=0.1459  con=1.1883
10:37:04 [epoch 150/300] nll=0.1719  best=0.1459  con=1.1845
10:37:58 [epoch 151/300] nll=0.2044  best=0.1459  con=1.1784
10:38:52 [epoch 152/300] nll=0.2137  best=0.1459  con=1.1778
10:39:45 [epoch 153/300] nll=0.1878  best=0.1459  con=1.1738
10:40:39 [epoch 154/300] nll=0.2270  best=0.1459  con=1.1736
10:41:32 [epoch 155/300] nll=0.1851  best=0.1459  con=1.1697
10:42:26 [epoch 156/300] nll=0.2040  best=0.1459  con=1.1669
10:43:20 [epoch 157/300] nll=0.2561  best=0.1459  con=1.1664
10:44:14 [epoch 158/300] nll=0.2227  best=0.1459  con=1.1652
10:45:08 [epoch 159/300] nll=0.2391  best=0.1459  con=1.1648
10:46:01 [epoch 160/300] nll=0.2072  best=0.1459  con=1.1630
10:46:55 [epoch 161/300] nll=0.2100  best=0.1459  con=1.1607
10:47:49 [epoch 162/300] nll=0.1776  best=0.1459  con=1.1590
10:48:43 [epoch 163/300] nll=0.1683  best=0.1459  con=1.1553
10:49:36 [epoch 164/300] nll=0.1832  best=0.1459  con=1.1519
10:50:30 [epoch 165/300] nll=0.1818  best=0.1459  con=1.1463
10:51:24 [epoch 166/300] nll=0.2028  best=0.1459  con=1.1427
10:52:18 [epoch 167/300] nll=0.1689  best=0.1459  con=1.1387
10:53:11 [epoch 168/300] nll=0.1782  best=0.1459  con=1.1337
10:54:05 [epoch 169/300] nll=0.1823  best=0.1459  con=1.1297
10:54:59 [epoch 170/300] nll=0.1649  best=0.1459  con=1.1268
10:55:53 [epoch 171/300] nll=0.1866  best=0.1459  con=1.1223
10:56:47 [epoch 172/300] nll=0.2071  best=0.1459  con=1.1213
10:57:40 [epoch 173/300] nll=0.1726  best=0.1459  con=1.1177
10:58:34 [epoch 174/300] nll=0.1738  best=0.1459  con=1.1160
10:59:28 [epoch 175/300] nll=0.1893  best=0.1459  con=1.1128
11:00:22 [epoch 176/300] nll=0.1374  best=0.1459  con=1.1078
11:01:15 [epoch 177/300] nll=0.1272  best=0.1374  con=1.1026
11:02:09 [epoch 178/300] nll=0.1847  best=0.1272  con=1.0977
11:03:03 [epoch 179/300] nll=0.1864  best=0.1272  con=1.0976
11:03:57 [epoch 180/300] nll=0.1858  best=0.1272  con=1.0967
11:04:51 [epoch 181/300] nll=0.1507  best=0.1272  con=1.0950
11:05:45 [epoch 182/300] nll=0.1293  best=0.1272  con=1.0912
11:06:39 [epoch 183/300] nll=0.1782  best=0.1272  con=1.0877
11:07:33 [epoch 184/300] nll=0.1416  best=0.1272  con=1.0853
11:08:26 [epoch 185/300] nll=0.1826  best=0.1272  con=1.0804
11:09:20 [epoch 186/300] nll=0.2137  best=0.1272  con=1.0754
11:10:14 [epoch 187/300] nll=0.1407  best=0.1272  con=1.0693
11:11:08 [epoch 188/300] nll=0.1809  best=0.1272  con=1.0674
11:12:02 [epoch 189/300] nll=0.2331  best=0.1272  con=1.0687
11:12:55 [epoch 190/300] nll=0.2313  best=0.1272  con=1.0689
11:13:49 [epoch 191/300] nll=0.1774  best=0.1272  con=1.0687
11:14:43 [epoch 192/300] nll=0.1847  best=0.1272  con=1.0686
11:15:37 [epoch 193/300] nll=0.1779  best=0.1272  con=1.0644
11:16:31 [epoch 194/300] nll=0.1460  best=0.1272  con=1.0625
11:17:25 [epoch 195/300] nll=0.1239  best=0.1272  con=1.0583
11:18:18 [epoch 196/300] nll=0.1485  best=0.1239  con=1.0545
11:19:12 [epoch 197/300] nll=0.1842  best=0.1239  con=1.0528
11:20:06 [epoch 198/300] nll=0.1818  best=0.1239  con=1.0516
11:21:00 [epoch 199/300] nll=0.1650  best=0.1239  con=1.0505
11:21:54 [epoch 200/300] nll=0.1695  best=0.1239  con=1.0484
11:22:48 [epoch 201/300] nll=0.1521  best=0.1239  con=1.0471
11:23:42 [epoch 202/300] nll=0.1495  best=0.1239  con=1.0445
11:24:35 [epoch 203/300] nll=0.1397  best=0.1239  con=1.0419
11:25:29 [epoch 204/300] nll=0.1221  best=0.1239  con=1.0364
11:26:23 [epoch 205/300] nll=0.1720  best=0.1221  con=1.0341
11:27:17 [epoch 206/300] nll=0.1703  best=0.1221  con=1.0323
11:28:11 [epoch 207/300] nll=0.1536  best=0.1221  con=1.0315
11:29:04 [epoch 208/300] nll=0.1751  best=0.1221  con=1.0291
11:29:58 [epoch 209/300] nll=0.1581  best=0.1221  con=1.0277
11:30:52 [epoch 210/300] nll=0.1311  best=0.1221  con=1.0230
11:31:46 [epoch 211/300] nll=0.1457  best=0.1221  con=1.0202
11:32:40 [epoch 212/300] nll=0.1294  best=0.1221  con=1.0167
11:33:34 [epoch 213/300] nll=0.1235  best=0.1221  con=1.0126
11:34:27 [epoch 214/300] nll=0.1628  best=0.1221  con=1.0082
11:35:21 [epoch 215/300] nll=0.1620  best=0.1221  con=1.0057
11:36:15 [epoch 216/300] nll=0.1419  best=0.1221  con=1.0038
11:37:08 [epoch 217/300] nll=0.1745  best=0.1221  con=1.0028
11:38:02 [epoch 218/300] nll=0.2061  best=0.1221  con=1.0030
11:38:56 [epoch 219/300] nll=0.1583  best=0.1221  con=1.0000
11:39:50 [epoch 220/300] nll=0.1208  best=0.1221  con=0.9968
11:40:44 [epoch 221/300] nll=0.1656  best=0.1208  con=0.9946
11:41:37 [epoch 222/300] nll=0.1720  best=0.1208  con=0.9942
11:42:31 [epoch 223/300] nll=0.1609  best=0.1208  con=0.9938
11:43:25 [epoch 224/300] nll=0.1684  best=0.1208  con=0.9931
11:44:19 [epoch 225/300] nll=0.1716  best=0.1208  con=0.9955
11:45:13 [epoch 226/300] nll=0.1357  best=0.1208  con=0.9917
11:46:07 [epoch 227/300] nll=0.1554  best=0.1208  con=0.9894
11:47:00 [epoch 228/300] nll=0.1670  best=0.1208  con=0.9882
11:47:54 [epoch 229/300] nll=0.1568  best=0.1208  con=0.9881
11:48:48 [epoch 230/300] nll=0.1344  best=0.1208  con=0.9855
11:49:42 [epoch 231/300] nll=0.1216  best=0.1208  con=0.9841
11:50:35 [epoch 232/300] nll=0.1181  best=0.1208  con=0.9815
11:51:29 [epoch 233/300] nll=0.1567  best=0.1181  con=0.9805
11:52:23 [epoch 234/300] nll=0.1170  best=0.1181  con=0.9795
11:53:17 [epoch 235/300] nll=0.1140  best=0.1170  con=0.9761
11:54:11 [epoch 236/300] nll=0.0968  best=0.1140  con=0.9721
11:55:05 [epoch 237/300] nll=0.1307  best=0.0968  con=0.9684
11:55:58 [epoch 238/300] nll=0.1614  best=0.0968  con=0.9661
11:56:52 [epoch 239/300] nll=0.1168  best=0.0968  con=0.9630
11:57:46 [epoch 240/300] nll=0.1260  best=0.0968  con=0.9593
11:58:40 [epoch 241/300] nll=0.1268  best=0.0968  con=0.9559
11:59:33 [epoch 242/300] nll=0.1315  best=0.0968  con=0.9508
12:00:27 [epoch 243/300] nll=0.1166  best=0.0968  con=0.9484
12:01:21 [epoch 244/300] nll=0.1213  best=0.0968  con=0.9448
12:02:15 [epoch 245/300] nll=0.1907  best=0.0968  con=0.9446
12:03:09 [epoch 246/300] nll=0.1660  best=0.0968  con=0.9444
12:04:02 [epoch 247/300] nll=0.1508  best=0.0968  con=0.9427
12:04:56 [epoch 248/300] nll=0.1353  best=0.0968  con=0.9416
12:05:50 [epoch 249/300] nll=0.1556  best=0.0968  con=0.9427
12:06:44 [epoch 250/300] nll=0.1912  best=0.0968  con=0.9433
12:07:38 [epoch 251/300] nll=0.1751  best=0.0968  con=0.9469
12:08:31 [epoch 252/300] nll=0.1625  best=0.0968  con=0.9445
12:09:25 [epoch 253/300] nll=0.1739  best=0.0968  con=0.9469
12:10:19 [epoch 254/300] nll=0.1281  best=0.0968  con=0.9455
12:11:13 [epoch 255/300] nll=0.1623  best=0.0968  con=0.9442
12:12:07 [epoch 256/300] nll=0.1153  best=0.0968  con=0.9431
12:13:00 [epoch 257/300] nll=0.1041  best=0.0968  con=0.9400
12:13:54 [epoch 258/300] nll=0.1128  best=0.0968  con=0.9377
12:14:48 [epoch 259/300] nll=0.1286  best=0.0968  con=0.9353
12:15:42 [epoch 260/300] nll=0.1559  best=0.0968  con=0.9334
12:16:36 [epoch 261/300] nll=0.1719  best=0.0968  con=0.9345
12:17:30 [epoch 262/300] nll=0.1598  best=0.0968  con=0.9336
12:18:23 [epoch 263/300] nll=0.1307  best=0.0968  con=0.9319
12:19:17 [epoch 264/300] nll=0.1157  best=0.0968  con=0.9297
12:20:11 [epoch 265/300] nll=0.1152  best=0.0968  con=0.9271
12:21:05 [epoch 266/300] nll=0.1230  best=0.0968  con=0.9242
12:21:58 [epoch 267/300] nll=0.1209  best=0.0968  con=0.9194
12:22:52 [epoch 268/300] nll=0.1283  best=0.0968  con=0.9165
12:23:46 [epoch 269/300] nll=0.1426  best=0.0968  con=0.9137
12:24:40 [epoch 270/300] nll=0.1546  best=0.0968  con=0.9134
12:25:34 [epoch 271/300] nll=0.1271  best=0.0968  con=0.9118
12:26:28 [epoch 272/300] nll=0.1698  best=0.0968  con=0.9097
12:27:22 [epoch 273/300] nll=0.1260  best=0.0968  con=0.9055
12:28:15 [epoch 274/300] nll=0.1118  best=0.0968  con=0.9028
12:29:09 [epoch 275/300] nll=0.1359  best=0.0968  con=0.8991
12:30:03 [epoch 276/300] nll=0.1777  best=0.0968  con=0.8992
12:30:57 [epoch 277/300] nll=0.1762  best=0.0968  con=0.8981
12:31:50 [epoch 278/300] nll=0.1691  best=0.0968  con=0.9003
12:32:44 [epoch 279/300] nll=0.1339  best=0.0968  con=0.8999
12:33:38 [epoch 280/300] nll=0.1995  best=0.0968  con=0.9002
12:34:32 [epoch 281/300] nll=0.1678  best=0.0968  con=0.9017
12:35:25 [epoch 282/300] nll=0.1670  best=0.0968  con=0.9028
12:36:19 [epoch 283/300] nll=0.1571  best=0.0968  con=0.9056
12:37:13 [epoch 284/300] nll=0.1195  best=0.0968  con=0.9050
12:38:07 [epoch 285/300] nll=0.0902  best=0.0968  con=0.9022
12:39:00 [epoch 286/300] nll=0.1405  best=0.0902  con=0.8996
12:39:54 [epoch 287/300] nll=0.1178  best=0.0902  con=0.8977
12:40:48 [epoch 288/300] nll=0.1213  best=0.0902  con=0.8964
12:41:42 [epoch 289/300] nll=0.1742  best=0.0902  con=0.8945
12:42:36 [epoch 290/300] nll=0.1549  best=0.0902  con=0.8941
12:43:30 [epoch 291/300] nll=0.1641  best=0.0902  con=0.8950
12:44:24 [epoch 292/300] nll=0.1800  best=0.0902  con=0.8957
12:45:17 [epoch 293/300] nll=0.1034  best=0.0902  con=0.8939
12:46:11 [epoch 294/300] nll=0.0956  best=0.0902  con=0.8916
12:47:05 [epoch 295/300] nll=0.1118  best=0.0902  con=0.8893
12:47:58 [epoch 296/300] nll=0.1296  best=0.0902  con=0.8876
12:48:52 [epoch 297/300] nll=0.1215  best=0.0902  con=0.8849
12:49:46 [epoch 298/300] nll=0.1621  best=0.0902  con=0.8831
12:50:40 [epoch 299/300] nll=0.1380  best=0.0902  con=0.8807
12:50:40 Done → experiments/v56_triviaqa_recon/runs/20260226_073923
