11:43:19 50 docs → 193 segments
11:44:35 [epoch 0/300] nll=3.5980  best=inf  con=5.2880
11:45:51 [epoch 1/300] nll=4.3423  best=3.5980  con=4.8926
11:47:09 [epoch 2/300] nll=4.3452  best=3.5980  con=4.2446
11:48:26 [epoch 3/300] nll=4.6046  best=3.5980  con=4.1008
11:49:42 [epoch 4/300] nll=4.1620  best=3.5980  con=4.0104
11:50:58 [epoch 5/300] nll=3.9567  best=3.5980  con=3.9171
11:52:13 [epoch 6/300] nll=4.0564  best=3.5980  con=3.8543
11:53:29 [epoch 7/300] nll=3.6192  best=3.5980  con=3.8018
11:54:45 [epoch 8/300] nll=3.4598  best=3.5980  con=3.7196
11:56:01 [epoch 9/300] nll=3.2846  best=3.4598  con=3.6359
11:57:17 [epoch 10/300] nll=3.0878  best=3.2846  con=3.5813
11:58:33 [epoch 11/300] nll=2.9564  best=3.0878  con=3.5404
11:59:48 [epoch 12/300] nll=2.9002  best=2.9564  con=3.4992
12:01:04 [epoch 13/300] nll=2.7797  best=2.9002  con=3.4929
12:02:20 [epoch 14/300] nll=2.5724  best=2.7797  con=3.4708
12:03:36 [epoch 15/300] nll=2.5769  best=2.5724  con=3.4606
12:04:52 [epoch 16/300] nll=2.5588  best=2.5724  con=3.4348
12:06:07 [epoch 17/300] nll=2.3556  best=2.5588  con=3.4269
12:07:23 [epoch 18/300] nll=2.2081  best=2.3556  con=3.4152
12:08:39 [epoch 19/300] nll=2.2733  best=2.2081  con=3.4057
12:09:55 [epoch 20/300] nll=2.0467  best=2.2081  con=3.4005
12:11:11 [epoch 21/300] nll=1.9550  best=2.0467  con=3.3967
12:12:27 [epoch 22/300] nll=1.8724  best=1.9550  con=3.3868
12:13:42 [epoch 23/300] nll=1.6863  best=1.8724  con=3.3675
12:14:58 [epoch 24/300] nll=1.7203  best=1.6863  con=3.3518
12:16:14 [epoch 25/300] nll=1.6444  best=1.6863  con=3.3523
12:17:29 [epoch 26/300] nll=1.6564  best=1.6444  con=3.3373
12:18:45 [epoch 27/300] nll=1.6274  best=1.6444  con=3.3487
12:20:01 [epoch 28/300] nll=1.5117  best=1.6274  con=3.3490
12:21:16 [epoch 29/300] nll=1.4983  best=1.5117  con=3.3371
12:22:32 [epoch 30/300] nll=1.4335  best=1.4983  con=3.3292
12:23:48 [epoch 31/300] nll=1.3055  best=1.4335  con=3.3201
12:25:03 [epoch 32/300] nll=1.2973  best=1.3055  con=3.3116
12:26:19 [epoch 33/300] nll=1.2848  best=1.2973  con=3.3057
12:27:34 [epoch 34/300] nll=1.2027  best=1.2848  con=3.2977
12:28:50 [epoch 35/300] nll=1.1891  best=1.2027  con=3.2900
12:30:05 [epoch 36/300] nll=1.1137  best=1.1891  con=3.2817
12:31:21 [epoch 37/300] nll=1.0772  best=1.1137  con=3.2706
12:32:37 [epoch 38/300] nll=1.0417  best=1.0772  con=3.2542
12:33:52 [epoch 39/300] nll=1.0135  best=1.0417  con=3.2484
12:35:08 [epoch 40/300] nll=0.9604  best=1.0135  con=3.2349
12:36:24 [epoch 41/300] nll=0.8688  best=0.9604  con=3.2191
12:37:39 [epoch 42/300] nll=0.8306  best=0.8688  con=3.2002
12:38:55 [epoch 43/300] nll=0.8205  best=0.8306  con=3.1810
12:40:10 [epoch 44/300] nll=0.7727  best=0.8205  con=3.1655
12:41:26 [epoch 45/300] nll=0.7566  best=0.7727  con=3.1438
12:42:42 [epoch 46/300] nll=0.7466  best=0.7566  con=3.1279
12:43:57 [epoch 47/300] nll=0.6786  best=0.7466  con=3.1067
12:45:13 [epoch 48/300] nll=0.6625  best=0.6786  con=3.0891
12:46:28 [epoch 49/300] nll=0.6840  best=0.6625  con=3.0768
12:47:44 [epoch 50/300] nll=0.6901  best=0.6625  con=3.0542
12:49:00 [epoch 51/300] nll=0.6566  best=0.6625  con=3.0453
12:50:16 [epoch 52/300] nll=0.6712  best=0.6566  con=3.0352
12:51:31 [epoch 53/300] nll=0.6185  best=0.6566  con=3.0215
12:52:47 [epoch 54/300] nll=0.6503  best=0.6185  con=3.0141
12:54:03 [epoch 55/300] nll=0.5931  best=0.6185  con=3.0042
12:55:19 [epoch 56/300] nll=0.5185  best=0.5931  con=2.9854
12:56:34 [epoch 57/300] nll=0.5678  best=0.5185  con=2.9658
12:57:50 [epoch 58/300] nll=0.5574  best=0.5185  con=2.9484
12:59:06 [epoch 59/300] nll=0.4867  best=0.5185  con=2.9255
13:00:22 [epoch 60/300] nll=0.5192  best=0.4867  con=2.9063
13:01:37 [epoch 61/300] nll=0.4971  best=0.4867  con=2.8957
13:02:53 [epoch 62/300] nll=0.5430  best=0.4867  con=2.8771
13:04:09 [epoch 63/300] nll=0.4673  best=0.4867  con=2.8714
13:05:25 [epoch 64/300] nll=0.4592  best=0.4673  con=2.8616
13:06:34 [epoch 65/300] nll=0.4264  best=0.4592  con=2.8506
13:07:25 [epoch 66/300] nll=0.4197  best=0.4264  con=2.8400
13:08:16 [epoch 67/300] nll=0.3636  best=0.4197  con=2.8209
13:09:07 [epoch 68/300] nll=0.3468  best=0.3636  con=2.8035
13:09:58 [epoch 69/300] nll=0.3862  best=0.3468  con=2.7863
13:10:49 [epoch 70/300] nll=0.3901  best=0.3468  con=2.7799
13:11:40 [epoch 71/300] nll=0.3461  best=0.3468  con=2.7669
13:12:34 [epoch 72/300] nll=0.3346  best=0.3461  con=2.7503
13:13:26 [epoch 73/300] nll=0.3189  best=0.3346  con=2.7310
13:14:17 [epoch 74/300] nll=0.3230  best=0.3189  con=2.7130
13:15:20 [epoch 75/300] nll=0.3160  best=0.3189  con=2.6957
13:16:36 [epoch 76/300] nll=0.3166  best=0.3160  con=2.6841
13:17:52 [epoch 77/300] nll=0.3082  best=0.3160  con=2.6711
13:19:08 [epoch 78/300] nll=0.2728  best=0.3082  con=2.6572
13:20:24 [epoch 79/300] nll=0.2592  best=0.2728  con=2.6411
13:21:39 [epoch 80/300] nll=0.2620  best=0.2592  con=2.6196
13:22:55 [epoch 81/300] nll=0.2875  best=0.2592  con=2.6003
13:24:11 [epoch 82/300] nll=0.2550  best=0.2592  con=2.5851
13:25:27 [epoch 83/300] nll=0.2176  best=0.2550  con=2.5650
13:26:43 [epoch 84/300] nll=0.2784  best=0.2176  con=2.5474
13:27:59 [epoch 85/300] nll=0.2585  best=0.2176  con=2.5327
13:29:14 [epoch 86/300] nll=0.2974  best=0.2176  con=2.5154
13:30:30 [epoch 87/300] nll=0.2771  best=0.2176  con=2.5028
13:31:46 [epoch 88/300] nll=0.2658  best=0.2176  con=2.4909
13:33:01 [epoch 89/300] nll=0.2481  best=0.2176  con=2.4808
13:34:17 [epoch 90/300] nll=0.2663  best=0.2176  con=2.4675
13:35:33 [epoch 91/300] nll=0.2678  best=0.2176  con=2.4505
13:36:49 [epoch 92/300] nll=0.3254  best=0.2176  con=2.4409
13:38:05 [epoch 93/300] nll=0.2667  best=0.2176  con=2.4289
13:39:20 [epoch 94/300] nll=0.3121  best=0.2176  con=2.4180
13:40:36 [epoch 95/300] nll=0.2296  best=0.2176  con=2.4048
13:41:52 [epoch 96/300] nll=0.2184  best=0.2176  con=2.3918
13:43:08 [epoch 97/300] nll=0.2198  best=0.2176  con=2.3768
13:44:23 [epoch 98/300] nll=0.2184  best=0.2176  con=2.3621
13:45:39 [epoch 99/300] nll=0.2801  best=0.2176  con=2.3484
13:46:55 [epoch 100/300] nll=0.2337  best=0.2176  con=2.3393
13:48:11 [epoch 101/300] nll=0.2546  best=0.2176  con=2.3257
13:49:26 [epoch 102/300] nll=0.2301  best=0.2176  con=2.3132
13:50:42 [epoch 103/300] nll=0.2188  best=0.2176  con=2.3000
13:51:58 [epoch 104/300] nll=0.1834  best=0.2176  con=2.2850
13:53:14 [epoch 105/300] nll=0.1805  best=0.1834  con=2.2717
13:54:29 [epoch 106/300] nll=0.2410  best=0.1805  con=2.2580
13:55:45 [epoch 107/300] nll=0.1816  best=0.1805  con=2.2434
13:57:01 [epoch 108/300] nll=0.1890  best=0.1805  con=2.2318
13:58:17 [epoch 109/300] nll=0.3067  best=0.1805  con=2.2250
13:59:32 [epoch 110/300] nll=0.2593  best=0.1805  con=2.2201
14:00:48 [epoch 111/300] nll=0.2467  best=0.1805  con=2.2145
14:02:04 [epoch 112/300] nll=0.2153  best=0.1805  con=2.2082
14:03:20 [epoch 113/300] nll=0.2394  best=0.1805  con=2.1993
14:04:36 [epoch 114/300] nll=0.1983  best=0.1805  con=2.1946
14:05:51 [epoch 115/300] nll=0.1415  best=0.1805  con=2.1820
14:07:07 [epoch 116/300] nll=0.1825  best=0.1415  con=2.1708
14:08:23 [epoch 117/300] nll=0.1917  best=0.1415  con=2.1605
14:09:39 [epoch 118/300] nll=0.2331  best=0.1415  con=2.1509
14:10:55 [epoch 119/300] nll=0.2039  best=0.1415  con=2.1430
14:12:11 [epoch 120/300] nll=0.1704  best=0.1415  con=2.1363
14:13:26 [epoch 121/300] nll=0.2106  best=0.1415  con=2.1304
14:14:42 [epoch 122/300] nll=0.2188  best=0.1415  con=2.1235
14:15:58 [epoch 123/300] nll=0.2651  best=0.1415  con=2.1169
14:17:14 [epoch 124/300] nll=0.2213  best=0.1415  con=2.1115
14:18:30 [epoch 125/300] nll=0.1590  best=0.1415  con=2.1036
14:19:45 [epoch 126/300] nll=0.2188  best=0.1415  con=2.0939
14:21:01 [epoch 127/300] nll=0.1745  best=0.1415  con=2.0859
14:22:17 [epoch 128/300] nll=0.1933  best=0.1415  con=2.0750
14:23:33 [epoch 129/300] nll=0.1908  best=0.1415  con=2.0664
14:24:49 [epoch 130/300] nll=0.1717  best=0.1415  con=2.0576
14:26:04 [epoch 131/300] nll=0.1826  best=0.1415  con=2.0492
14:27:20 [epoch 132/300] nll=0.2082  best=0.1415  con=2.0451
14:28:36 [epoch 133/300] nll=0.1568  best=0.1415  con=2.0360
14:29:52 [epoch 134/300] nll=0.1444  best=0.1415  con=2.0281
14:31:08 [epoch 135/300] nll=0.1942  best=0.1415  con=2.0198
14:32:23 [epoch 136/300] nll=0.1819  best=0.1415  con=2.0137
14:33:39 [epoch 137/300] nll=0.1591  best=0.1415  con=2.0029
14:34:55 [epoch 138/300] nll=0.1910  best=0.1415  con=1.9986
14:36:11 [epoch 139/300] nll=0.2402  best=0.1415  con=1.9931
14:37:26 [epoch 140/300] nll=0.1917  best=0.1415  con=1.9885
14:38:42 [epoch 141/300] nll=0.2065  best=0.1415  con=1.9842
14:39:58 [epoch 142/300] nll=0.1789  best=0.1415  con=1.9787
14:41:14 [epoch 143/300] nll=0.1978  best=0.1415  con=1.9721
14:42:30 [epoch 144/300] nll=0.1391  best=0.1415  con=1.9667
14:43:46 [epoch 145/300] nll=0.1705  best=0.1391  con=1.9596
14:45:01 [epoch 146/300] nll=0.1506  best=0.1391  con=1.9544
14:46:17 [epoch 147/300] nll=0.1529  best=0.1391  con=1.9488
14:47:33 [epoch 148/300] nll=0.1945  best=0.1391  con=1.9406
14:48:49 [epoch 149/300] nll=0.1759  best=0.1391  con=1.9354
14:50:04 [epoch 150/300] nll=0.1568  best=0.1391  con=1.9292
14:51:20 [epoch 151/300] nll=0.1489  best=0.1391  con=1.9197
14:52:36 [epoch 152/300] nll=0.2203  best=0.1391  con=1.9173
14:53:52 [epoch 153/300] nll=0.1939  best=0.1391  con=1.9123
14:55:08 [epoch 154/300] nll=0.1857  best=0.1391  con=1.9072
14:56:23 [epoch 155/300] nll=0.1961  best=0.1391  con=1.9026
14:57:39 [epoch 156/300] nll=0.1421  best=0.1391  con=1.8954
14:58:55 [epoch 157/300] nll=0.2069  best=0.1391  con=1.8889
15:00:11 [epoch 158/300] nll=0.1196  best=0.1391  con=1.8802
15:01:27 [epoch 159/300] nll=0.1408  best=0.1196  con=1.8713
15:02:43 [epoch 160/300] nll=0.1428  best=0.1196  con=1.8628
15:03:58 [epoch 161/300] nll=0.1814  best=0.1196  con=1.8568
15:05:14 [epoch 162/300] nll=0.1844  best=0.1196  con=1.8507
15:06:30 [epoch 163/300] nll=0.2030  best=0.1196  con=1.8497
15:07:46 [epoch 164/300] nll=0.1545  best=0.1196  con=1.8452
15:09:02 [epoch 165/300] nll=0.1560  best=0.1196  con=1.8413
15:10:17 [epoch 166/300] nll=0.1587  best=0.1196  con=1.8361
15:11:33 [epoch 167/300] nll=0.1578  best=0.1196  con=1.8321
15:12:49 [epoch 168/300] nll=0.2202  best=0.1196  con=1.8347
15:14:05 [epoch 169/300] nll=0.1729  best=0.1196  con=1.8330
15:15:21 [epoch 170/300] nll=0.1752  best=0.1196  con=1.8287
15:16:37 [epoch 171/300] nll=0.1622  best=0.1196  con=1.8288
15:17:52 [epoch 172/300] nll=0.1608  best=0.1196  con=1.8274
15:19:08 [epoch 173/300] nll=0.1292  best=0.1196  con=1.8257
15:20:24 [epoch 174/300] nll=0.1405  best=0.1196  con=1.8199
15:21:40 [epoch 175/300] nll=0.1094  best=0.1196  con=1.8150
15:22:56 [epoch 176/300] nll=0.1774  best=0.1094  con=1.8084
15:24:12 [epoch 177/300] nll=0.1290  best=0.1094  con=1.8036
15:25:28 [epoch 178/300] nll=0.1320  best=0.1094  con=1.7963
15:26:43 [epoch 179/300] nll=0.1526  best=0.1094  con=1.7917
15:28:00 [epoch 180/300] nll=0.1271  best=0.1094  con=1.7866
15:29:16 [epoch 181/300] nll=0.1630  best=0.1094  con=1.7828
15:30:32 [epoch 182/300] nll=0.1947  best=0.1094  con=1.7795
15:31:50 [epoch 183/300] nll=0.1628  best=0.1094  con=1.7759
15:33:07 [epoch 184/300] nll=0.1605  best=0.1094  con=1.7727
15:34:24 [epoch 185/300] nll=0.1136  best=0.1094  con=1.7658
15:35:42 [epoch 186/300] nll=0.1101  best=0.1094  con=1.7600
15:36:59 [epoch 187/300] nll=0.1395  best=0.1094  con=1.7541
15:38:14 [epoch 188/300] nll=0.1922  best=0.1094  con=1.7487
15:39:30 [epoch 189/300] nll=0.1714  best=0.1094  con=1.7443
15:40:46 [epoch 190/300] nll=0.2113  best=0.1094  con=1.7421
15:42:02 [epoch 191/300] nll=0.1274  best=0.1094  con=1.7378
15:43:18 [epoch 192/300] nll=0.1060  best=0.1094  con=1.7297
15:44:33 [epoch 193/300] nll=0.1462  best=0.1060  con=1.7275
15:45:49 [epoch 194/300] nll=0.1660  best=0.1060  con=1.7228
15:47:05 [epoch 195/300] nll=0.1314  best=0.1060  con=1.7206
15:48:21 [epoch 196/300] nll=0.1882  best=0.1060  con=1.7194
15:49:37 [epoch 197/300] nll=0.1508  best=0.1060  con=1.7205
15:50:52 [epoch 198/300] nll=0.1688  best=0.1060  con=1.7159
15:52:08 [epoch 199/300] nll=0.1134  best=0.1060  con=1.7141
15:53:24 [epoch 200/300] nll=0.1318  best=0.1060  con=1.7078
15:54:40 [epoch 201/300] nll=0.1384  best=0.1060  con=1.7054
15:55:56 [epoch 202/300] nll=0.1174  best=0.1060  con=1.7027
15:57:11 [epoch 203/300] nll=0.1450  best=0.1060  con=1.7018
15:58:27 [epoch 204/300] nll=0.1595  best=0.1060  con=1.7002
15:59:43 [epoch 205/300] nll=0.1225  best=0.1060  con=1.6981
16:00:59 [epoch 206/300] nll=0.1331  best=0.1060  con=1.6932
16:02:15 [epoch 207/300] nll=0.1604  best=0.1060  con=1.6915
16:03:30 [epoch 208/300] nll=0.1238  best=0.1060  con=1.6848
16:04:46 [epoch 209/300] nll=0.1516  best=0.1060  con=1.6795
16:06:02 [epoch 210/300] nll=0.1702  best=0.1060  con=1.6775
16:07:18 [epoch 211/300] nll=0.1660  best=0.1060  con=1.6755
16:08:34 [epoch 212/300] nll=0.1220  best=0.1060  con=1.6708
16:09:49 [epoch 213/300] nll=0.1423  best=0.1060  con=1.6654
16:11:05 [epoch 214/300] nll=0.1251  best=0.1060  con=1.6613
16:12:21 [epoch 215/300] nll=0.1487  best=0.1060  con=1.6566
16:13:37 [epoch 216/300] nll=0.1654  best=0.1060  con=1.6572
16:14:53 [epoch 217/300] nll=0.1322  best=0.1060  con=1.6551
16:16:08 [epoch 218/300] nll=0.1221  best=0.1060  con=1.6534
16:17:24 [epoch 219/300] nll=0.1594  best=0.1060  con=1.6508
16:18:40 [epoch 220/300] nll=0.1604  best=0.1060  con=1.6484
16:19:56 [epoch 221/300] nll=0.1759  best=0.1060  con=1.6473
16:21:11 [epoch 222/300] nll=0.1439  best=0.1060  con=1.6431
16:22:27 [epoch 223/300] nll=0.1635  best=0.1060  con=1.6434
16:23:43 [epoch 224/300] nll=0.1473  best=0.1060  con=1.6425
16:24:59 [epoch 225/300] nll=0.1334  best=0.1060  con=1.6381
16:26:15 [epoch 226/300] nll=0.1308  best=0.1060  con=1.6341
16:27:30 [epoch 227/300] nll=0.1243  best=0.1060  con=1.6320
16:28:46 [epoch 228/300] nll=0.0875  best=0.1060  con=1.6262
16:30:02 [epoch 229/300] nll=0.0737  best=0.0875  con=1.6220
16:31:18 [epoch 230/300] nll=0.0884  best=0.0737  con=1.6155
16:32:33 [epoch 231/300] nll=0.1293  best=0.0737  con=1.6126
16:33:49 [epoch 232/300] nll=0.1827  best=0.0737  con=1.6104
16:35:05 [epoch 233/300] nll=0.1466  best=0.0737  con=1.6115
16:36:21 [epoch 234/300] nll=0.1359  best=0.0737  con=1.6091
16:37:37 [epoch 235/300] nll=0.1112  best=0.0737  con=1.6086
16:38:53 [epoch 236/300] nll=0.1344  best=0.0737  con=1.6061
16:40:09 [epoch 237/300] nll=0.1065  best=0.0737  con=1.6017
16:41:24 [epoch 238/300] nll=0.1319  best=0.0737  con=1.5996
16:42:40 [epoch 239/300] nll=0.1427  best=0.0737  con=1.5981
16:43:56 [epoch 240/300] nll=0.1195  best=0.0737  con=1.5958
16:45:12 [epoch 241/300] nll=0.1439  best=0.0737  con=1.5964
16:46:28 [epoch 242/300] nll=0.2100  best=0.0737  con=1.5940
16:47:43 [epoch 243/300] nll=0.1357  best=0.0737  con=1.5917
16:48:59 [epoch 244/300] nll=0.1977  best=0.0737  con=1.5891
16:50:15 [epoch 245/300] nll=0.1136  best=0.0737  con=1.5892
16:51:31 [epoch 246/300] nll=0.0860  best=0.0737  con=1.5858
16:52:47 [epoch 247/300] nll=0.1085  best=0.0737  con=1.5819
16:54:03 [epoch 248/300] nll=0.1311  best=0.0737  con=1.5806
16:55:18 [epoch 249/300] nll=0.1699  best=0.0737  con=1.5784
16:56:34 [epoch 250/300] nll=0.1129  best=0.0737  con=1.5775
16:57:50 [epoch 251/300] nll=0.1233  best=0.0737  con=1.5746
16:59:06 [epoch 252/300] nll=0.1249  best=0.0737  con=1.5719
17:00:22 [epoch 253/300] nll=0.1291  best=0.0737  con=1.5694
17:01:38 [epoch 254/300] nll=0.1188  best=0.0737  con=1.5652
17:02:53 [epoch 255/300] nll=0.1246  best=0.0737  con=1.5631
17:04:09 [epoch 256/300] nll=0.1625  best=0.0737  con=1.5633
17:05:25 [epoch 257/300] nll=0.1501  best=0.0737  con=1.5620
17:06:41 [epoch 258/300] nll=0.1182  best=0.0737  con=1.5608
17:07:57 [epoch 259/300] nll=0.0913  best=0.0737  con=1.5578
17:09:13 [epoch 260/300] nll=0.0950  best=0.0737  con=1.5553
17:10:28 [epoch 261/300] nll=0.0926  best=0.0737  con=1.5510
17:11:44 [epoch 262/300] nll=0.1337  best=0.0737  con=1.5471
17:13:00 [epoch 263/300] nll=0.1425  best=0.0737  con=1.5450
17:14:16 [epoch 264/300] nll=0.1288  best=0.0737  con=1.5416
17:15:32 [epoch 265/300] nll=0.1075  best=0.0737  con=1.5396
17:16:47 [epoch 266/300] nll=0.1418  best=0.0737  con=1.5395
17:18:03 [epoch 267/300] nll=0.1111  best=0.0737  con=1.5372
17:19:19 [epoch 268/300] nll=0.1258  best=0.0737  con=1.5357
17:20:35 [epoch 269/300] nll=0.1214  best=0.0737  con=1.5317
17:21:51 [epoch 270/300] nll=0.1294  best=0.0737  con=1.5303
17:23:06 [epoch 271/300] nll=0.0990  best=0.0737  con=1.5261
17:24:23 [epoch 272/300] nll=0.0835  best=0.0737  con=1.5216
17:33:49 50 docs → 193 segments
17:33:49 Resumed from experiments/v56_triviaqa_recon/runs/20260225_114259/latest_epoch272.pt, starting at epoch 272
17:35:10 [epoch 272/300] nll=0.2682  best=inf  con=1.5406
17:36:31 [epoch 273/300] nll=0.1464  best=0.2682  con=1.5200
17:37:52 [epoch 274/300] nll=0.1983  best=0.1464  con=1.5263
17:39:13 [epoch 275/300] nll=0.2583  best=0.1464  con=1.5461
17:40:34 [epoch 276/300] nll=0.2144  best=0.1464  con=1.5697
17:41:55 [epoch 277/300] nll=0.1503  best=0.1464  con=1.5862
17:43:16 [epoch 278/300] nll=0.1110  best=0.1464  con=1.5961
17:44:37 [epoch 279/300] nll=0.0820  best=0.1110  con=1.6003
17:45:58 [epoch 280/300] nll=0.0644  best=0.0820  con=1.6016
17:47:19 [epoch 281/300] nll=0.0501  best=0.0644  con=1.5991
17:48:40 [epoch 282/300] nll=0.0463  best=0.0501  con=1.5945
17:50:01 [epoch 283/300] nll=0.0561  best=0.0463  con=1.5879
17:51:22 [epoch 284/300] nll=0.0296  best=0.0463  con=1.5809
17:52:43 [epoch 285/300] nll=0.0279  best=0.0296  con=1.5719
17:54:04 [epoch 286/300] nll=0.0486  best=0.0279  con=1.5638
17:55:26 [epoch 287/300] nll=0.0490  best=0.0279  con=1.5555
17:56:47 [epoch 288/300] nll=0.0837  best=0.0279  con=1.5473
17:58:08 [epoch 289/300] nll=0.0712  best=0.0279  con=1.5378
17:59:29 [epoch 290/300] nll=0.0789  best=0.0279  con=1.5292
18:00:50 [epoch 291/300] nll=0.0861  best=0.0279  con=1.5210
18:02:11 [epoch 292/300] nll=0.0512  best=0.0279  con=1.5125
18:03:32 [epoch 293/300] nll=0.0443  best=0.0279  con=1.5018
18:04:53 [epoch 294/300] nll=0.0447  best=0.0279  con=1.4898
18:06:15 [epoch 295/300] nll=0.0621  best=0.0279  con=1.4784
18:07:36 [epoch 296/300] nll=0.1583  best=0.0279  con=1.4711
18:08:57 [epoch 297/300] nll=0.1781  best=0.0279  con=1.4686
18:10:18 [epoch 298/300] nll=0.1804  best=0.0279  con=1.4698
18:11:39 [epoch 299/300] nll=0.2123  best=0.0279  con=1.4728
18:11:39 Done → experiments/v56_triviaqa_recon/runs/20260225_114259
