23:37:14 50 docs → 50 segments
23:37:37 [epoch 0/3000] nll=3.1481  best=inf  con=3.9145
23:37:59 [epoch 1/3000] nll=2.9414  best=3.1481  con=3.8671
23:38:21 [epoch 2/3000] nll=2.6875  best=2.9414  con=3.4034
23:38:43 [epoch 3/3000] nll=2.7655  best=2.6875  con=3.0205
23:39:05 [epoch 4/3000] nll=2.8478  best=2.6875  con=2.6614
23:39:27 [epoch 5/3000] nll=2.6673  best=2.6875  con=2.3188
23:39:49 [epoch 6/3000] nll=2.7897  best=2.6673  con=2.0270
23:40:11 [epoch 7/3000] nll=2.5519  best=2.6673  con=1.7803
23:40:33 [epoch 8/3000] nll=2.5656  best=2.5519  con=1.5691
23:40:55 [epoch 9/3000] nll=2.5003  best=2.5519  con=1.3812
23:41:17 [epoch 10/3000] nll=2.8347  best=2.5003  con=1.2371
23:41:39 [epoch 11/3000] nll=2.5511  best=2.5003  con=1.1298
23:42:01 [epoch 12/3000] nll=2.5845  best=2.5003  con=1.0215
23:42:23 [epoch 13/3000] nll=2.7917  best=2.5003  con=0.9387
23:42:45 [epoch 14/3000] nll=3.0698  best=2.5003  con=0.8771
23:43:07 [epoch 15/3000] nll=3.0597  best=2.5003  con=0.8168
23:43:29 [epoch 16/3000] nll=3.5995  best=2.5003  con=0.7981
23:43:51 [epoch 17/3000] nll=3.0356  best=2.5003  con=0.7740
23:44:13 [epoch 18/3000] nll=3.1811  best=2.5003  con=0.7478
23:44:35 [epoch 19/3000] nll=2.8970  best=2.5003  con=0.7298
23:44:57 [epoch 20/3000] nll=2.5980  best=2.5003  con=0.6932
23:45:19 [epoch 21/3000] nll=2.5931  best=2.5003  con=0.6792
23:45:41 [epoch 22/3000] nll=2.7102  best=2.5003  con=0.6504
23:46:03 [epoch 23/3000] nll=2.7159  best=2.5003  con=0.6374
23:46:25 [epoch 24/3000] nll=2.4058  best=2.5003  con=0.6227
23:46:47 [epoch 25/3000] nll=2.5114  best=2.4058  con=0.6127
23:47:09 [epoch 26/3000] nll=2.5895  best=2.4058  con=0.6076
23:47:31 [epoch 27/3000] nll=2.4661  best=2.4058  con=0.5951
23:47:53 [epoch 28/3000] nll=2.2966  best=2.4058  con=0.5865
23:48:15 [epoch 29/3000] nll=2.5341  best=2.2966  con=0.5698
23:48:37 [epoch 30/3000] nll=2.3348  best=2.2966  con=0.5798
23:48:59 [epoch 31/3000] nll=2.1547  best=2.2966  con=0.5712
23:49:21 [epoch 32/3000] nll=2.1609  best=2.1547  con=0.5576
23:49:43 [epoch 33/3000] nll=2.3139  best=2.1547  con=0.5543
23:50:05 [epoch 34/3000] nll=2.3717  best=2.1547  con=0.5527
23:50:27 [epoch 35/3000] nll=2.4386  best=2.1547  con=0.5530
23:50:49 [epoch 36/3000] nll=2.5278  best=2.1547  con=0.5520
23:51:11 [epoch 37/3000] nll=2.3850  best=2.1547  con=0.5495
23:51:33 [epoch 38/3000] nll=2.2192  best=2.1547  con=0.5545
23:51:55 [epoch 39/3000] nll=2.2484  best=2.1547  con=0.5491
23:52:17 [epoch 40/3000] nll=2.3261  best=2.1547  con=0.5436
23:52:39 [epoch 41/3000] nll=2.2773  best=2.1547  con=0.5510
23:53:01 [epoch 42/3000] nll=2.2609  best=2.1547  con=0.5517
23:53:23 [epoch 43/3000] nll=2.3536  best=2.1547  con=0.5566
23:53:44 [epoch 44/3000] nll=2.4133  best=2.1547  con=0.5616
23:54:06 [epoch 45/3000] nll=2.2316  best=2.1547  con=0.5627
23:54:28 [epoch 46/3000] nll=2.2241  best=2.1547  con=0.5669
23:54:50 [epoch 47/3000] nll=2.3072  best=2.1547  con=0.5702
23:55:12 [epoch 48/3000] nll=2.3606  best=2.1547  con=0.5699
23:55:35 [epoch 49/3000] nll=2.4134  best=2.1547  con=0.5814
23:55:57 [epoch 50/3000] nll=2.3056  best=2.1547  con=0.5926
23:56:19 [epoch 51/3000] nll=2.1697  best=2.1547  con=0.5925
23:56:41 [epoch 52/3000] nll=2.2422  best=2.1547  con=0.5956
23:57:03 [epoch 53/3000] nll=2.2009  best=2.1547  con=0.5974
23:57:25 [epoch 54/3000] nll=2.1827  best=2.1547  con=0.6061
23:57:47 [epoch 55/3000] nll=2.1339  best=2.1547  con=0.5986
23:58:09 [epoch 56/3000] nll=2.1216  best=2.1339  con=0.5994
23:58:31 [epoch 57/3000] nll=2.0902  best=2.1216  con=0.6068
23:58:53 [epoch 58/3000] nll=2.0822  best=2.0902  con=0.6094
23:59:14 [epoch 59/3000] nll=2.0702  best=2.0822  con=0.6123
23:59:36 [epoch 60/3000] nll=2.0550  best=2.0702  con=0.6209
23:59:58 [epoch 61/3000] nll=2.0480  best=2.0550  con=0.6226
00:00:20 [epoch 62/3000] nll=2.0444  best=2.0480  con=0.6295
03:05:48 50 docs → 50 segments
03:07:55 50 docs → 50 segments
03:07:55 Resumed from experiments/v61_warmup_summary/runs/20260225_233639/best.pt, starting at epoch 62
03:08:17 [epoch 62/3000] nll=2.0913  best=inf  con=0.6320
03:08:39 [epoch 63/3000] nll=1.9688  best=2.0913  con=0.6281
03:09:01 [epoch 64/3000] nll=1.9131  best=1.9688  con=0.6256
03:09:23 [epoch 65/3000] nll=1.8847  best=1.9131  con=0.6245
03:09:44 [epoch 66/3000] nll=1.8654  best=1.8847  con=0.6217
03:10:06 [epoch 67/3000] nll=1.8462  best=1.8654  con=0.6195
03:10:28 [epoch 68/3000] nll=1.8445  best=1.8462  con=0.6171
03:10:50 [epoch 69/3000] nll=1.8445  best=1.8445  con=0.6157
03:11:12 [epoch 70/3000] nll=1.8348  best=1.8445  con=0.6154
03:11:33 [epoch 71/3000] nll=1.8162  best=1.8348  con=0.6136
03:11:55 [epoch 72/3000] nll=1.7989  best=1.8162  con=0.6150
03:12:17 [epoch 73/3000] nll=1.8912  best=1.7989  con=0.6143
03:12:39 [epoch 74/3000] nll=1.7816  best=1.7989  con=0.6154
03:13:01 [epoch 75/3000] nll=1.7658  best=1.7816  con=0.6145
03:13:22 [epoch 76/3000] nll=1.8141  best=1.7658  con=0.6174
03:13:44 [epoch 77/3000] nll=1.7924  best=1.7658  con=0.6187
03:14:06 [epoch 78/3000] nll=1.7398  best=1.7658  con=0.6203
03:14:28 [epoch 79/3000] nll=1.7868  best=1.7398  con=0.6225
03:14:50 [epoch 80/3000] nll=1.7466  best=1.7398  con=0.6248
03:15:11 [epoch 81/3000] nll=1.8399  best=1.7398  con=0.6303
03:15:33 [epoch 82/3000] nll=1.7113  best=1.7398  con=0.6333
03:15:55 [epoch 83/3000] nll=1.6803  best=1.7113  con=0.6357
03:16:17 [epoch 84/3000] nll=1.6895  best=1.6803  con=0.6387
03:16:39 [epoch 85/3000] nll=1.6834  best=1.6803  con=0.6421
03:17:00 [epoch 86/3000] nll=1.6822  best=1.6803  con=0.6470
03:17:22 [epoch 87/3000] nll=1.6728  best=1.6803  con=0.6494
03:17:44 [epoch 88/3000] nll=1.6728  best=1.6728  con=0.6550
03:18:06 [epoch 89/3000] nll=1.6715  best=1.6728  con=0.6611
03:18:28 [epoch 90/3000] nll=1.6746  best=1.6715  con=0.6615
03:18:49 [epoch 91/3000] nll=1.6610  best=1.6715  con=0.6684
03:19:11 [epoch 92/3000] nll=1.6600  best=1.6610  con=0.6722
03:19:33 [epoch 93/3000] nll=1.6944  best=1.6600  con=0.6777
03:19:55 [epoch 94/3000] nll=1.6726  best=1.6600  con=0.6848
03:20:17 [epoch 95/3000] nll=1.6623  best=1.6600  con=0.6883
03:20:38 [epoch 96/3000] nll=1.7440  best=1.6600  con=0.6960
03:21:00 [epoch 97/3000] nll=1.6599  best=1.6600  con=0.6963
03:21:22 [epoch 98/3000] nll=1.6698  best=1.6599  con=0.7036
03:21:44 [epoch 99/3000] nll=1.6725  best=1.6599  con=0.7082
03:22:06 [epoch 100/3000] nll=1.6524  best=1.6599  con=0.7136
03:22:27 [epoch 101/3000] nll=1.6448  best=1.6524  con=0.7204
03:22:49 [epoch 102/3000] nll=1.7270  best=1.6448  con=0.7274
03:23:11 [epoch 103/3000] nll=1.6360  best=1.6448  con=0.7309
03:23:33 [epoch 104/3000] nll=1.6615  best=1.6360  con=0.7353
03:23:54 [epoch 105/3000] nll=1.6411  best=1.6360  con=0.7439
03:24:16 [epoch 106/3000] nll=1.6383  best=1.6360  con=0.7499
03:24:38 [epoch 107/3000] nll=1.6273  best=1.6360  con=0.7521
03:25:00 [epoch 108/3000] nll=1.6330  best=1.6273  con=0.7601
03:25:22 [epoch 109/3000] nll=1.6330  best=1.6273  con=0.7661
03:25:43 [epoch 110/3000] nll=1.6205  best=1.6273  con=0.7714
03:26:05 [epoch 111/3000] nll=1.6272  best=1.6205  con=0.7778
03:26:27 [epoch 112/3000] nll=1.6248  best=1.6205  con=0.7853
03:26:49 [epoch 113/3000] nll=1.6065  best=1.6205  con=0.7875
03:27:10 [epoch 114/3000] nll=1.6070  best=1.6065  con=0.7920
03:27:32 [epoch 115/3000] nll=1.6188  best=1.6065  con=0.7968
03:27:54 [epoch 116/3000] nll=1.6000  best=1.6065  con=0.8062
03:28:16 [epoch 117/3000] nll=1.6898  best=1.6000  con=0.8096
03:28:38 [epoch 118/3000] nll=1.8407  best=1.6000  con=0.8157
03:28:59 [epoch 119/3000] nll=1.7798  best=1.6000  con=0.8238
03:29:21 [epoch 120/3000] nll=1.8938  best=1.6000  con=0.8267
03:29:43 [epoch 121/3000] nll=1.7758  best=1.6000  con=0.8312
03:30:05 [epoch 122/3000] nll=1.8615  best=1.6000  con=0.8378
03:30:27 [epoch 123/3000] nll=1.8468  best=1.6000  con=0.8449
03:30:48 [epoch 124/3000] nll=1.7766  best=1.6000  con=0.8522
03:31:10 [epoch 125/3000] nll=1.6043  best=1.6000  con=0.8557
03:31:32 [epoch 126/3000] nll=1.6843  best=1.6000  con=0.8666
03:31:54 [epoch 127/3000] nll=1.6332  best=1.6000  con=0.8736
03:32:16 [epoch 128/3000] nll=1.5878  best=1.6000  con=0.8796
03:32:37 [epoch 129/3000] nll=1.5926  best=1.5878  con=0.8826
03:32:59 [epoch 130/3000] nll=1.5545  best=1.5878  con=0.8868
03:33:21 [epoch 131/3000] nll=1.5438  best=1.5545  con=0.8950
03:33:43 [epoch 132/3000] nll=1.5245  best=1.5438  con=0.8980
03:34:05 [epoch 133/3000] nll=1.5273  best=1.5245  con=0.9040
03:34:26 [epoch 134/3000] nll=1.5908  best=1.5245  con=0.9054
03:34:48 [epoch 135/3000] nll=1.5603  best=1.5245  con=0.9194
03:35:10 [epoch 136/3000] nll=1.5190  best=1.5245  con=0.9201
03:35:32 [epoch 137/3000] nll=1.5547  best=1.5190  con=0.9240
03:35:54 [epoch 138/3000] nll=1.5239  best=1.5190  con=0.9320
03:36:15 [epoch 139/3000] nll=1.5169  best=1.5190  con=0.9403
03:36:37 [epoch 140/3000] nll=1.5416  best=1.5169  con=0.9443
03:36:59 [epoch 141/3000] nll=1.4927  best=1.5169  con=0.9516
03:37:21 [epoch 142/3000] nll=1.5948  best=1.4927  con=0.9563
03:37:43 [epoch 143/3000] nll=1.4957  best=1.4927  con=0.9639
03:38:04 [epoch 144/3000] nll=1.4858  best=1.4927  con=0.9666
03:38:26 [epoch 145/3000] nll=1.5409  best=1.4858  con=0.9716
03:38:48 [epoch 146/3000] nll=1.4773  best=1.4858  con=0.9781
03:39:10 [epoch 147/3000] nll=1.4623  best=1.4773  con=0.9837
03:39:31 [epoch 148/3000] nll=1.5077  best=1.4623  con=0.9875
03:39:53 [epoch 149/3000] nll=1.4764  best=1.4623  con=0.9960
03:40:15 [epoch 150/3000] nll=1.4788  best=1.4623  con=1.0015
03:40:37 [epoch 151/3000] nll=1.4428  best=1.4623  con=0.9998
03:40:59 [epoch 152/3000] nll=1.4141  best=1.4428  con=1.0089
03:41:21 [epoch 153/3000] nll=1.4632  best=1.4141  con=1.0107
03:41:42 [epoch 154/3000] nll=1.3879  best=1.4141  con=1.0197
03:42:04 [epoch 155/3000] nll=1.4108  best=1.3879  con=1.0236
03:42:26 [epoch 156/3000] nll=1.3938  best=1.3879  con=1.0311
03:42:48 [epoch 157/3000] nll=1.4169  best=1.3879  con=1.0393
03:43:10 [epoch 158/3000] nll=1.4500  best=1.3879  con=1.0403
03:43:32 [epoch 159/3000] nll=1.3734  best=1.3879  con=1.0495
03:43:53 [epoch 160/3000] nll=1.3437  best=1.3734  con=1.0545
03:44:15 [epoch 161/3000] nll=1.3836  best=1.3437  con=1.0590
03:44:37 [epoch 162/3000] nll=1.3536  best=1.3437  con=1.0636
03:44:59 [epoch 163/3000] nll=1.3403  best=1.3437  con=1.0758
03:45:21 [epoch 164/3000] nll=1.3571  best=1.3403  con=1.0774
03:45:42 [epoch 165/3000] nll=1.3178  best=1.3403  con=1.0829
03:46:04 [epoch 166/3000] nll=1.3051  best=1.3178  con=1.0907
03:46:26 [epoch 167/3000] nll=1.3713  best=1.3051  con=1.0939
03:46:48 [epoch 168/3000] nll=1.2612  best=1.3051  con=1.1058
03:47:10 [epoch 169/3000] nll=1.2837  best=1.2612  con=1.1049
03:47:31 [epoch 170/3000] nll=1.2657  best=1.2612  con=1.1116
03:47:53 [epoch 171/3000] nll=1.2595  best=1.2612  con=1.1137
03:48:15 [epoch 172/3000] nll=1.2504  best=1.2595  con=1.1244
03:48:37 [epoch 173/3000] nll=1.2396  best=1.2504  con=1.1260
03:48:59 [epoch 174/3000] nll=1.2194  best=1.2396  con=1.1329
03:49:20 [epoch 175/3000] nll=1.2427  best=1.2194  con=1.1387
03:49:42 [epoch 176/3000] nll=1.1781  best=1.2194  con=1.1399
03:50:04 [epoch 177/3000] nll=1.1694  best=1.1781  con=1.1458
03:50:26 [epoch 178/3000] nll=1.2245  best=1.1694  con=1.1507
03:50:48 [epoch 179/3000] nll=1.1667  best=1.1694  con=1.1513
03:51:10 [epoch 180/3000] nll=1.1435  best=1.1667  con=1.1586
03:51:31 [epoch 181/3000] nll=1.1038  best=1.1435  con=1.1625
03:51:53 [epoch 182/3000] nll=1.1208  best=1.1038  con=1.1686
03:52:15 [epoch 183/3000] nll=1.0858  best=1.1038  con=1.1729
03:52:37 [epoch 184/3000] nll=1.0565  best=1.0858  con=1.1757
03:52:59 [epoch 185/3000] nll=1.0931  best=1.0565  con=1.1804
03:53:21 [epoch 186/3000] nll=1.0838  best=1.0565  con=1.1875
03:53:42 [epoch 187/3000] nll=1.0662  best=1.0565  con=1.1906
03:54:04 [epoch 188/3000] nll=1.0140  best=1.0565  con=1.1981
03:54:26 [epoch 189/3000] nll=1.0315  best=1.0140  con=1.1998
03:54:48 [epoch 190/3000] nll=1.0570  best=1.0140  con=1.2046
03:55:09 [epoch 191/3000] nll=1.0050  best=1.0140  con=1.2089
03:55:31 [epoch 192/3000] nll=0.9846  best=1.0050  con=1.2111
03:55:53 [epoch 193/3000] nll=0.9527  best=0.9846  con=1.2118
03:56:15 [epoch 194/3000] nll=0.9500  best=0.9527  con=1.2160
03:56:37 [epoch 195/3000] nll=0.9697  best=0.9500  con=1.2213
03:56:58 [epoch 196/3000] nll=0.9410  best=0.9500  con=1.2268
03:57:20 [epoch 197/3000] nll=0.8887  best=0.9410  con=1.2256
03:57:42 [epoch 198/3000] nll=0.9225  best=0.8887  con=1.2306
03:58:04 [epoch 199/3000] nll=0.8881  best=0.8887  con=1.2332
03:58:26 [epoch 200/3000] nll=0.8429  best=0.8881  con=1.2354
03:58:47 [epoch 201/3000] nll=0.8554  best=0.8429  con=1.2376
03:59:09 [epoch 202/3000] nll=0.8345  best=0.8429  con=1.2429
03:59:31 [epoch 203/3000] nll=0.8216  best=0.8345  con=1.2441
03:59:53 [epoch 204/3000] nll=0.8320  best=0.8216  con=1.2482
04:00:15 [epoch 205/3000] nll=0.7855  best=0.8216  con=1.2529
04:00:36 [epoch 206/3000] nll=0.8004  best=0.7855  con=1.2519
04:00:58 [epoch 207/3000] nll=0.7908  best=0.7855  con=1.2587
04:01:20 [epoch 208/3000] nll=0.7602  best=0.7855  con=1.2598
04:01:42 [epoch 209/3000] nll=0.7514  best=0.7602  con=1.2655
04:02:04 [epoch 210/3000] nll=0.7123  best=0.7514  con=1.2640
04:02:26 [epoch 211/3000] nll=0.7309  best=0.7123  con=1.2666
04:02:47 [epoch 212/3000] nll=0.7078  best=0.7123  con=1.2678
04:03:09 [epoch 213/3000] nll=0.7154  best=0.7078  con=1.2713
04:03:31 [epoch 214/3000] nll=0.6813  best=0.7078  con=1.2689
04:03:53 [epoch 215/3000] nll=0.6499  best=0.6813  con=1.2715
04:04:15 [epoch 216/3000] nll=0.6706  best=0.6499  con=1.2752
04:04:37 [epoch 217/3000] nll=0.6460  best=0.6499  con=1.2739
04:04:58 [epoch 218/3000] nll=0.6474  best=0.6460  con=1.2778
04:05:20 [epoch 219/3000] nll=0.6140  best=0.6460  con=1.2769
04:05:42 [epoch 220/3000] nll=0.6149  best=0.6140  con=1.2788
04:06:04 [epoch 221/3000] nll=0.5998  best=0.6140  con=1.2802
04:06:26 [epoch 222/3000] nll=0.5745  best=0.5998  con=1.2816
04:06:47 [epoch 223/3000] nll=0.5389  best=0.5745  con=1.2796
04:07:09 [epoch 224/3000] nll=0.5578  best=0.5389  con=1.2797
04:07:31 [epoch 225/3000] nll=0.5320  best=0.5389  con=1.2800
04:07:53 [epoch 226/3000] nll=0.5206  best=0.5320  con=1.2784
04:08:15 [epoch 227/3000] nll=0.5664  best=0.5206  con=1.2781
04:08:36 [epoch 228/3000] nll=0.5215  best=0.5206  con=1.2782
04:08:58 [epoch 229/3000] nll=0.5443  best=0.5206  con=1.2798
04:09:20 [epoch 230/3000] nll=0.5099  best=0.5206  con=1.2778
04:09:42 [epoch 231/3000] nll=0.5003  best=0.5099  con=1.2785
04:10:04 [epoch 232/3000] nll=0.4781  best=0.5003  con=1.2781
04:10:25 [epoch 233/3000] nll=0.4657  best=0.4781  con=1.2768
04:10:47 [epoch 234/3000] nll=0.4482  best=0.4657  con=1.2741
04:11:09 [epoch 235/3000] nll=0.4351  best=0.4482  con=1.2748
04:11:31 [epoch 236/3000] nll=0.4208  best=0.4351  con=1.2728
04:11:53 [epoch 237/3000] nll=0.4101  best=0.4208  con=1.2699
04:12:14 [epoch 238/3000] nll=0.4161  best=0.4101  con=1.2681
04:12:36 [epoch 239/3000] nll=0.4128  best=0.4101  con=1.2679
04:12:58 [epoch 240/3000] nll=0.3970  best=0.4101  con=1.2673
04:13:20 [epoch 241/3000] nll=0.3938  best=0.3970  con=1.2638
04:13:42 [epoch 242/3000] nll=0.3791  best=0.3938  con=1.2648
04:14:03 [epoch 243/3000] nll=0.3464  best=0.3791  con=1.2604
04:14:25 [epoch 244/3000] nll=0.3523  best=0.3464  con=1.2591
04:14:47 [epoch 245/3000] nll=0.3356  best=0.3464  con=1.2537
04:15:09 [epoch 246/3000] nll=0.3395  best=0.3356  con=1.2511
04:15:31 [epoch 247/3000] nll=0.3128  best=0.3356  con=1.2480
04:15:52 [epoch 248/3000] nll=0.3124  best=0.3128  con=1.2421
04:16:14 [epoch 249/3000] nll=0.3152  best=0.3124  con=1.2395
04:16:36 [epoch 250/3000] nll=0.3059  best=0.3124  con=1.2352
04:16:58 [epoch 251/3000] nll=0.3034  best=0.3059  con=1.2314
04:17:20 [epoch 252/3000] nll=0.2933  best=0.3034  con=1.2281
04:17:41 [epoch 253/3000] nll=0.2918  best=0.2933  con=1.2237
04:18:03 [epoch 254/3000] nll=0.2639  best=0.2918  con=1.2189
04:18:25 [epoch 255/3000] nll=0.2643  best=0.2639  con=1.2151
04:18:47 [epoch 256/3000] nll=0.2597  best=0.2639  con=1.2093
04:19:09 [epoch 257/3000] nll=0.2465  best=0.2597  con=1.2040
04:19:30 [epoch 258/3000] nll=0.2671  best=0.2465  con=1.1996
04:19:52 [epoch 259/3000] nll=0.2491  best=0.2465  con=1.1942
04:20:14 [epoch 260/3000] nll=0.2463  best=0.2465  con=1.1913
04:20:36 [epoch 261/3000] nll=0.2368  best=0.2463  con=1.1852
04:20:58 [epoch 262/3000] nll=0.2312  best=0.2368  con=1.1802
04:21:19 [epoch 263/3000] nll=0.2271  best=0.2312  con=1.1744
04:21:41 [epoch 264/3000] nll=0.2187  best=0.2271  con=1.1706
04:22:03 [epoch 265/3000] nll=0.2175  best=0.2187  con=1.1643
04:22:25 [epoch 266/3000] nll=0.2080  best=0.2175  con=1.1600
04:22:46 [epoch 267/3000] nll=0.2001  best=0.2080  con=1.1558
04:23:09 [epoch 268/3000] nll=0.1955  best=0.2001  con=1.1497
04:23:30 [epoch 269/3000] nll=0.2076  best=0.1955  con=1.1463
04:23:52 [epoch 270/3000] nll=0.1973  best=0.1955  con=1.1422
04:24:14 [epoch 271/3000] nll=0.1919  best=0.1955  con=1.1363
04:24:36 [epoch 272/3000] nll=0.1942  best=0.1919  con=1.1329
04:24:58 [epoch 273/3000] nll=0.1804  best=0.1919  con=1.1273
04:25:19 [epoch 274/3000] nll=0.1806  best=0.1804  con=1.1223
04:25:41 [epoch 275/3000] nll=0.1651  best=0.1804  con=1.1169
04:26:03 [epoch 276/3000] nll=0.1832  best=0.1651  con=1.1116
04:26:25 [epoch 277/3000] nll=0.1735  best=0.1651  con=1.1068
04:26:47 [epoch 278/3000] nll=0.1661  best=0.1651  con=1.1013
04:27:08 [epoch 279/3000] nll=0.1573  best=0.1651  con=1.0965
04:27:30 [epoch 280/3000] nll=0.1578  best=0.1573  con=1.0920
04:27:52 [epoch 281/3000] nll=0.1595  best=0.1573  con=1.0859
04:28:14 [epoch 282/3000] nll=0.1641  best=0.1573  con=1.0813
04:28:36 [epoch 283/3000] nll=0.1472  best=0.1573  con=1.0767
04:28:57 [epoch 284/3000] nll=0.1444  best=0.1472  con=1.0710
04:29:19 [epoch 285/3000] nll=0.1397  best=0.1444  con=1.0659
04:29:41 [epoch 286/3000] nll=0.1341  best=0.1397  con=1.0607
04:30:03 [epoch 287/3000] nll=0.1540  best=0.1341  con=1.0556
04:30:25 [epoch 288/3000] nll=0.1541  best=0.1341  con=1.0511
04:30:47 [epoch 289/3000] nll=0.1422  best=0.1341  con=1.0460
04:31:09 [epoch 290/3000] nll=0.1346  best=0.1341  con=1.0417
04:31:31 [epoch 291/3000] nll=0.1278  best=0.1341  con=1.0368
04:31:52 [epoch 292/3000] nll=0.1435  best=0.1278  con=1.0318
04:32:14 [epoch 293/3000] nll=0.1476  best=0.1278  con=1.0273
04:32:36 [epoch 294/3000] nll=0.1361  best=0.1278  con=1.0238
04:32:58 [epoch 295/3000] nll=0.1308  best=0.1278  con=1.0190
04:33:20 [epoch 296/3000] nll=0.1366  best=0.1278  con=1.0154
04:33:42 [epoch 297/3000] nll=0.1257  best=0.1278  con=1.0102
04:34:03 [epoch 298/3000] nll=0.1283  best=0.1257  con=1.0065
04:34:25 [epoch 299/3000] nll=0.1348  best=0.1257  con=1.0025
04:34:47 [epoch 300/3000] nll=0.1296  best=0.1257  con=0.9983
04:35:09 [epoch 301/3000] nll=0.1457  best=0.1257  con=0.9942
04:35:31 [epoch 302/3000] nll=0.1396  best=0.1257  con=0.9910
04:35:53 [epoch 303/3000] nll=0.1252  best=0.1257  con=0.9867
04:36:14 [epoch 304/3000] nll=0.2025  best=0.1252  con=0.9832
04:36:36 [epoch 305/3000] nll=0.1372  best=0.1252  con=0.9797
04:36:58 [epoch 306/3000] nll=0.1320  best=0.1252  con=0.9755
04:37:20 [epoch 307/3000] nll=0.1377  best=0.1252  con=0.9721
04:37:41 [epoch 308/3000] nll=0.1347  best=0.1252  con=0.9687
04:38:03 [epoch 309/3000] nll=0.1392  best=0.1252  con=0.9648
04:38:25 [epoch 310/3000] nll=0.1290  best=0.1252  con=0.9629
04:38:47 [epoch 311/3000] nll=0.1197  best=0.1252  con=0.9592
04:39:08 [epoch 312/3000] nll=0.1227  best=0.1197  con=0.9552
04:39:30 [epoch 313/3000] nll=0.1191  best=0.1197  con=0.9518
04:39:52 [epoch 314/3000] nll=0.1323  best=0.1191  con=0.9489
04:40:14 [epoch 315/3000] nll=0.1291  best=0.1191  con=0.9451
04:40:36 [epoch 316/3000] nll=0.1249  best=0.1191  con=0.9418
04:40:57 [epoch 317/3000] nll=0.1226  best=0.1191  con=0.9385
04:41:19 [epoch 318/3000] nll=0.1203  best=0.1191  con=0.9356
04:41:41 [epoch 319/3000] nll=0.1184  best=0.1191  con=0.9322
04:42:03 [epoch 320/3000] nll=0.1175  best=0.1184  con=0.9289
04:42:25 [epoch 321/3000] nll=0.1300  best=0.1175  con=0.9256
04:42:46 [epoch 322/3000] nll=0.1231  best=0.1175  con=0.9221
04:43:08 [epoch 323/3000] nll=0.1116  best=0.1175  con=0.9187
04:43:30 [epoch 324/3000] nll=0.1105  best=0.1116  con=0.9153
04:43:52 [epoch 325/3000] nll=0.1196  best=0.1105  con=0.9118
04:44:14 [epoch 326/3000] nll=0.1053  best=0.1105  con=0.9077
04:44:35 [epoch 327/3000] nll=0.1181  best=0.1053  con=0.9051
04:44:57 [epoch 328/3000] nll=0.1024  best=0.1053  con=0.9011
04:45:19 [epoch 329/3000] nll=0.1038  best=0.1024  con=0.8972
04:45:41 [epoch 330/3000] nll=0.0987  best=0.1024  con=0.8935
04:46:02 [epoch 331/3000] nll=0.0962  best=0.0987  con=0.8893
04:46:24 [epoch 332/3000] nll=0.1120  best=0.0962  con=0.8850
04:46:46 [epoch 333/3000] nll=0.0960  best=0.0962  con=0.8815
04:47:08 [epoch 334/3000] nll=0.0923  best=0.0960  con=0.8772
04:47:30 [epoch 335/3000] nll=0.0937  best=0.0923  con=0.8735
04:47:51 [epoch 336/3000] nll=0.0906  best=0.0923  con=0.8698
04:48:13 [epoch 337/3000] nll=0.0907  best=0.0906  con=0.8654
04:48:35 [epoch 338/3000] nll=0.1041  best=0.0906  con=0.8616
04:48:57 [epoch 339/3000] nll=0.0970  best=0.0906  con=0.8579
04:49:19 [epoch 340/3000] nll=0.0924  best=0.0906  con=0.8545
04:49:40 [epoch 341/3000] nll=0.1004  best=0.0906  con=0.8508
04:50:02 [epoch 342/3000] nll=0.0972  best=0.0906  con=0.8477
04:50:24 [epoch 343/3000] nll=0.0974  best=0.0906  con=0.8441
04:50:45 [epoch 344/3000] nll=0.1114  best=0.0906  con=0.8411
04:51:07 [epoch 345/3000] nll=0.0995  best=0.0906  con=0.8378
04:51:29 [epoch 346/3000] nll=0.1056  best=0.0906  con=0.8345
04:51:51 [epoch 347/3000] nll=0.1045  best=0.0906  con=0.8316
04:52:13 [epoch 348/3000] nll=0.1082  best=0.0906  con=0.8288
04:52:34 [epoch 349/3000] nll=0.1114  best=0.0906  con=0.8257
04:52:56 [epoch 350/3000] nll=0.1303  best=0.0906  con=0.8236
04:53:18 [epoch 351/3000] nll=0.1350  best=0.0906  con=0.8220
04:53:40 [epoch 352/3000] nll=0.1521  best=0.0906  con=0.8200
04:54:01 [epoch 353/3000] nll=0.1338  best=0.0906  con=0.8178
04:54:23 [epoch 354/3000] nll=0.1259  best=0.0906  con=0.8165
04:54:45 [epoch 355/3000] nll=0.1229  best=0.0906  con=0.8149
04:55:07 [epoch 356/3000] nll=0.1458  best=0.0906  con=0.8132
04:55:29 [epoch 357/3000] nll=0.1423  best=0.0906  con=0.8124
04:55:50 [epoch 358/3000] nll=0.1230  best=0.0906  con=0.8107
04:56:12 [epoch 359/3000] nll=0.1247  best=0.0906  con=0.8095
04:56:34 [epoch 360/3000] nll=0.1146  best=0.0906  con=0.8070
04:56:56 [epoch 361/3000] nll=0.1202  best=0.0906  con=0.8063
04:57:17 [epoch 362/3000] nll=0.1190  best=0.0906  con=0.8041
04:57:39 [epoch 363/3000] nll=0.1163  best=0.0906  con=0.8025
04:58:01 [epoch 364/3000] nll=0.1121  best=0.0906  con=0.8005
04:58:23 [epoch 365/3000] nll=0.1090  best=0.0906  con=0.7986
04:58:45 [epoch 366/3000] nll=0.1126  best=0.0906  con=0.7972
04:59:06 [epoch 367/3000] nll=0.0971  best=0.0906  con=0.7946
04:59:28 [epoch 368/3000] nll=0.0995  best=0.0906  con=0.7932
04:59:50 [epoch 369/3000] nll=0.1519  best=0.0906  con=0.7904
05:00:12 [epoch 370/3000] nll=0.1027  best=0.0906  con=0.7878
05:00:33 [epoch 371/3000] nll=0.1145  best=0.0906  con=0.7856
05:00:55 [epoch 372/3000] nll=0.1056  best=0.0906  con=0.7823
05:01:17 [epoch 373/3000] nll=0.1059  best=0.0906  con=0.7805
05:01:39 [epoch 374/3000] nll=0.0998  best=0.0906  con=0.7786
05:02:01 [epoch 375/3000] nll=0.1014  best=0.0906  con=0.7767
05:02:22 [epoch 376/3000] nll=0.1071  best=0.0906  con=0.7744
05:02:44 [epoch 377/3000] nll=0.1032  best=0.0906  con=0.7726
05:03:06 [epoch 378/3000] nll=0.1103  best=0.0906  con=0.7703
05:03:28 [epoch 379/3000] nll=0.1191  best=0.0906  con=0.7688
05:03:50 [epoch 380/3000] nll=0.1092  best=0.0906  con=0.7669
05:04:12 [epoch 381/3000] nll=0.1072  best=0.0906  con=0.7648
05:04:33 [epoch 382/3000] nll=0.1003  best=0.0906  con=0.7631
05:04:55 [epoch 383/3000] nll=0.1011  best=0.0906  con=0.7608
05:05:17 [epoch 384/3000] nll=0.0977  best=0.0906  con=0.7598
05:05:39 [epoch 385/3000] nll=0.0937  best=0.0906  con=0.7570
05:06:01 [epoch 386/3000] nll=0.0939  best=0.0906  con=0.7551
05:06:22 [epoch 387/3000] nll=0.0987  best=0.0906  con=0.7522
05:06:44 [epoch 388/3000] nll=0.0901  best=0.0906  con=0.7500
05:07:06 [epoch 389/3000] nll=0.0899  best=0.0901  con=0.7476
05:07:28 [epoch 390/3000] nll=0.0892  best=0.0899  con=0.7448
05:07:50 [epoch 391/3000] nll=0.0846  best=0.0892  con=0.7422
05:08:11 [epoch 392/3000] nll=0.0871  best=0.0846  con=0.7395
05:08:33 [epoch 393/3000] nll=0.1104  best=0.0846  con=0.7374
05:08:55 [epoch 394/3000] nll=0.1053  best=0.0846  con=0.7352
05:09:17 [epoch 395/3000] nll=0.0965  best=0.0846  con=0.7328
05:09:39 [epoch 396/3000] nll=0.0925  best=0.0846  con=0.7304
05:10:00 [epoch 397/3000] nll=0.0929  best=0.0846  con=0.7280
05:10:22 [epoch 398/3000] nll=0.1000  best=0.0846  con=0.7262
05:10:44 [epoch 399/3000] nll=0.1013  best=0.0846  con=0.7241
05:11:06 [epoch 400/3000] nll=0.0988  best=0.0846  con=0.7227
05:11:28 [epoch 401/3000] nll=0.1263  best=0.0846  con=0.7214
05:11:49 [epoch 402/3000] nll=0.1177  best=0.0846  con=0.7202
05:12:11 [epoch 403/3000] nll=0.1122  best=0.0846  con=0.7185
05:12:33 [epoch 404/3000] nll=0.1352  best=0.0846  con=0.7171
05:12:55 [epoch 405/3000] nll=0.1192  best=0.0846  con=0.7149
05:13:16 [epoch 406/3000] nll=0.1156  best=0.0846  con=0.7139
05:13:38 [epoch 407/3000] nll=0.1427  best=0.0846  con=0.7127
05:14:00 [epoch 408/3000] nll=0.1699  best=0.0846  con=0.7114
05:14:22 [epoch 409/3000] nll=0.1267  best=0.0846  con=0.7110
05:14:44 [epoch 410/3000] nll=0.1511  best=0.0846  con=0.7100
05:15:05 [epoch 411/3000] nll=0.1600  best=0.0846  con=0.7091
05:15:27 [epoch 412/3000] nll=0.1401  best=0.0846  con=0.7083
05:15:49 [epoch 413/3000] nll=0.1243  best=0.0846  con=0.7075
05:16:11 [epoch 414/3000] nll=0.1262  best=0.0846  con=0.7068
05:16:32 [epoch 415/3000] nll=0.1219  best=0.0846  con=0.7060
05:16:54 [epoch 416/3000] nll=0.1348  best=0.0846  con=0.7050
05:17:16 [epoch 417/3000] nll=0.1255  best=0.0846  con=0.7048
05:17:38 [epoch 418/3000] nll=0.1392  best=0.0846  con=0.7048
05:17:59 [epoch 419/3000] nll=0.1439  best=0.0846  con=0.7039
05:18:21 [epoch 420/3000] nll=0.1313  best=0.0846  con=0.7043
05:18:43 [epoch 421/3000] nll=0.1532  best=0.0846  con=0.7040
05:19:05 [epoch 422/3000] nll=0.1336  best=0.0846  con=0.7045
05:19:27 [epoch 423/3000] nll=0.1235  best=0.0846  con=0.7035
05:19:48 [epoch 424/3000] nll=0.1261  best=0.0846  con=0.7031
05:20:10 [epoch 425/3000] nll=0.1389  best=0.0846  con=0.7033
05:20:32 [epoch 426/3000] nll=0.1308  best=0.0846  con=0.7034
05:20:54 [epoch 427/3000] nll=0.1908  best=0.0846  con=0.7031
05:21:16 [epoch 428/3000] nll=0.1988  best=0.0846  con=0.7050
05:21:37 [epoch 429/3000] nll=0.1715  best=0.0846  con=0.7061
05:21:59 [epoch 430/3000] nll=0.1392  best=0.0846  con=0.7067
05:22:21 [epoch 431/3000] nll=0.1466  best=0.0846  con=0.7076
05:22:43 [epoch 432/3000] nll=0.1284  best=0.0846  con=0.7074
05:23:04 [epoch 433/3000] nll=0.1263  best=0.0846  con=0.7078
05:23:26 [epoch 434/3000] nll=0.1461  best=0.0846  con=0.7075
05:23:48 [epoch 435/3000] nll=0.1298  best=0.0846  con=0.7081
05:24:10 [epoch 436/3000] nll=0.1176  best=0.0846  con=0.7078
05:24:31 [epoch 437/3000] nll=0.1276  best=0.0846  con=0.7066
05:24:53 [epoch 438/3000] nll=0.1149  best=0.0846  con=0.7068
05:25:15 [epoch 439/3000] nll=0.1265  best=0.0846  con=0.7059
05:25:37 [epoch 440/3000] nll=0.1188  best=0.0846  con=0.7052
05:25:58 [epoch 441/3000] nll=0.1536  best=0.0846  con=0.7050
05:26:20 [epoch 442/3000] nll=0.1362  best=0.0846  con=0.7040
05:26:42 [epoch 443/3000] nll=0.1223  best=0.0846  con=0.7041
05:27:04 [epoch 444/3000] nll=0.1177  best=0.0846  con=0.7032
05:27:26 [epoch 445/3000] nll=0.1321  best=0.0846  con=0.7028
05:27:47 [epoch 446/3000] nll=0.1532  best=0.0846  con=0.7026
05:28:09 [epoch 447/3000] nll=0.1340  best=0.0846  con=0.7017
05:28:31 [epoch 448/3000] nll=0.1287  best=0.0846  con=0.7015
05:28:53 [epoch 449/3000] nll=0.1334  best=0.0846  con=0.6997
05:29:14 [epoch 450/3000] nll=0.1149  best=0.0846  con=0.6999
05:29:36 [epoch 451/3000] nll=0.1050  best=0.0846  con=0.6980
05:29:58 [epoch 452/3000] nll=0.1000  best=0.0846  con=0.6968
05:30:20 [epoch 453/3000] nll=0.0973  best=0.0846  con=0.6955
05:30:42 [epoch 454/3000] nll=0.0946  best=0.0846  con=0.6937
05:31:03 [epoch 455/3000] nll=0.0998  best=0.0846  con=0.6929
05:31:25 [epoch 456/3000] nll=0.0981  best=0.0846  con=0.6921
05:31:47 [epoch 457/3000] nll=0.1118  best=0.0846  con=0.6902
05:32:09 [epoch 458/3000] nll=0.1132  best=0.0846  con=0.6901
05:32:30 [epoch 459/3000] nll=0.1043  best=0.0846  con=0.6881
05:32:52 [epoch 460/3000] nll=0.1159  best=0.0846  con=0.6873
05:33:14 [epoch 461/3000] nll=0.1020  best=0.0846  con=0.6867
05:33:36 [epoch 462/3000] nll=0.1019  best=0.0846  con=0.6854
05:33:58 [epoch 463/3000] nll=0.0907  best=0.0846  con=0.6846
05:34:19 [epoch 464/3000] nll=0.0945  best=0.0846  con=0.6830
05:34:41 [epoch 465/3000] nll=0.0846  best=0.0846  con=0.6818
05:35:03 [epoch 466/3000] nll=0.0841  best=0.0846  con=0.6799
05:35:25 [epoch 467/3000] nll=0.0809  best=0.0841  con=0.6779
05:35:47 [epoch 468/3000] nll=0.0821  best=0.0809  con=0.6760
05:36:08 [epoch 469/3000] nll=0.0827  best=0.0809  con=0.6743
05:36:30 [epoch 470/3000] nll=0.0794  best=0.0809  con=0.6724
05:36:52 [epoch 471/3000] nll=0.0789  best=0.0794  con=0.6704
05:37:14 [epoch 472/3000] nll=0.0825  best=0.0789  con=0.6685
05:37:35 [epoch 473/3000] nll=0.0786  best=0.0789  con=0.6662
05:37:57 [epoch 474/3000] nll=0.0927  best=0.0786  con=0.6650
05:38:19 [epoch 475/3000] nll=0.1090  best=0.0786  con=0.6641
05:38:41 [epoch 476/3000] nll=0.0890  best=0.0786  con=0.6626
05:39:03 [epoch 477/3000] nll=0.0892  best=0.0786  con=0.6617
05:39:24 [epoch 478/3000] nll=0.0905  best=0.0786  con=0.6602
05:39:46 [epoch 479/3000] nll=0.0852  best=0.0786  con=0.6586
05:40:08 [epoch 480/3000] nll=0.0850  best=0.0786  con=0.6573
05:40:30 [epoch 481/3000] nll=0.0831  best=0.0786  con=0.6558
05:40:52 [epoch 482/3000] nll=0.0885  best=0.0786  con=0.6542
05:41:13 [epoch 483/3000] nll=0.0817  best=0.0786  con=0.6529
05:41:35 [epoch 484/3000] nll=0.0840  best=0.0786  con=0.6515
05:41:57 [epoch 485/3000] nll=0.0822  best=0.0786  con=0.6497
05:42:19 [epoch 486/3000] nll=0.0808  best=0.0786  con=0.6482
05:42:40 [epoch 487/3000] nll=0.0767  best=0.0786  con=0.6464
05:43:02 [epoch 488/3000] nll=0.0753  best=0.0767  con=0.6445
05:43:24 [epoch 489/3000] nll=0.0754  best=0.0753  con=0.6427
05:43:45 [epoch 490/3000] nll=0.0775  best=0.0753  con=0.6411
05:44:07 [epoch 491/3000] nll=0.0942  best=0.0753  con=0.6394
05:44:29 [epoch 492/3000] nll=0.0983  best=0.0753  con=0.6377
05:44:51 [epoch 493/3000] nll=0.1329  best=0.0753  con=0.6365
05:45:13 [epoch 494/3000] nll=0.1295  best=0.0753  con=0.6355
05:45:34 [epoch 495/3000] nll=0.1100  best=0.0753  con=0.6347
05:45:56 [epoch 496/3000] nll=0.0971  best=0.0753  con=0.6338
05:46:18 [epoch 497/3000] nll=0.0973  best=0.0753  con=0.6327
05:46:40 [epoch 498/3000] nll=0.1050  best=0.0753  con=0.6320
05:47:01 [epoch 499/3000] nll=0.0923  best=0.0753  con=0.6313
05:47:23 [epoch 500/3000] nll=0.0961  best=0.0753  con=0.6295
05:47:45 [epoch 501/3000] nll=0.0922  best=0.0753  con=0.6290
05:48:07 [epoch 502/3000] nll=0.0843  best=0.0753  con=0.6275
05:48:29 [epoch 503/3000] nll=0.0849  best=0.0753  con=0.6263
05:48:50 [epoch 504/3000] nll=0.0922  best=0.0753  con=0.6247
05:49:12 [epoch 505/3000] nll=0.0945  best=0.0753  con=0.6246
05:49:34 [epoch 506/3000] nll=0.1012  best=0.0753  con=0.6232
05:49:56 [epoch 507/3000] nll=0.0955  best=0.0753  con=0.6224
05:50:18 [epoch 508/3000] nll=0.0905  best=0.0753  con=0.6212
05:50:39 [epoch 509/3000] nll=0.0976  best=0.0753  con=0.6202
05:51:01 [epoch 510/3000] nll=0.0912  best=0.0753  con=0.6195
05:51:23 [epoch 511/3000] nll=0.0877  best=0.0753  con=0.6186
05:51:45 [epoch 512/3000] nll=0.0836  best=0.0753  con=0.6171
05:52:07 [epoch 513/3000] nll=0.0845  best=0.0753  con=0.6163
05:52:28 [epoch 514/3000] nll=0.0840  best=0.0753  con=0.6148
05:52:50 [epoch 515/3000] nll=0.0845  best=0.0753  con=0.6138
05:53:12 [epoch 516/3000] nll=0.0808  best=0.0753  con=0.6124
05:53:34 [epoch 517/3000] nll=0.0792  best=0.0753  con=0.6114
05:53:55 [epoch 518/3000] nll=0.0765  best=0.0753  con=0.6100
05:54:17 [epoch 519/3000] nll=0.0785  best=0.0753  con=0.6084
05:54:39 [epoch 520/3000] nll=0.0825  best=0.0753  con=0.6074
05:55:01 [epoch 521/3000] nll=0.1250  best=0.0753  con=0.6057
05:55:23 [epoch 522/3000] nll=0.1044  best=0.0753  con=0.6050
05:55:44 [epoch 523/3000] nll=0.0863  best=0.0753  con=0.6037
05:56:06 [epoch 524/3000] nll=0.0846  best=0.0753  con=0.6028
05:56:28 [epoch 525/3000] nll=0.0973  best=0.0753  con=0.6015
05:56:50 [epoch 526/3000] nll=0.0923  best=0.0753  con=0.6008
05:57:12 [epoch 527/3000] nll=0.0841  best=0.0753  con=0.5995
05:57:33 [epoch 528/3000] nll=0.0836  best=0.0753  con=0.5993
05:57:55 [epoch 529/3000] nll=0.0861  best=0.0753  con=0.5976
05:58:17 [epoch 530/3000] nll=0.0819  best=0.0753  con=0.5967
05:58:39 [epoch 531/3000] nll=0.0779  best=0.0753  con=0.5956
05:59:00 [epoch 532/3000] nll=0.0897  best=0.0753  con=0.5946
05:59:22 [epoch 533/3000] nll=0.0815  best=0.0753  con=0.5942
05:59:44 [epoch 534/3000] nll=0.0799  best=0.0753  con=0.5930
06:00:06 [epoch 535/3000] nll=0.0853  best=0.0753  con=0.5923
06:00:27 [epoch 536/3000] nll=0.0723  best=0.0753  con=0.5911
06:00:49 [epoch 537/3000] nll=0.0976  best=0.0723  con=0.5907
06:01:11 [epoch 538/3000] nll=0.0981  best=0.0723  con=0.5897
06:01:33 [epoch 539/3000] nll=0.1104  best=0.0723  con=0.5892
06:01:55 [epoch 540/3000] nll=0.0965  best=0.0723  con=0.5889
06:02:17 [epoch 541/3000] nll=0.0850  best=0.0723  con=0.5876
06:02:38 [epoch 542/3000] nll=0.1023  best=0.0723  con=0.5867
06:03:00 [epoch 543/3000] nll=0.1037  best=0.0723  con=0.5865
06:03:22 [epoch 544/3000] nll=0.0924  best=0.0723  con=0.5853
06:03:44 [epoch 545/3000] nll=0.0952  best=0.0723  con=0.5851
06:04:05 [epoch 546/3000] nll=0.0940  best=0.0723  con=0.5839
06:04:27 [epoch 547/3000] nll=0.0966  best=0.0723  con=0.5836
06:04:49 [epoch 548/3000] nll=0.0855  best=0.0723  con=0.5825
06:05:11 [epoch 549/3000] nll=0.0789  best=0.0723  con=0.5818
06:05:33 [epoch 550/3000] nll=0.0764  best=0.0723  con=0.5808
06:05:54 [epoch 551/3000] nll=0.0813  best=0.0723  con=0.5800
06:06:16 [epoch 552/3000] nll=0.0771  best=0.0723  con=0.5787
06:06:36 [epoch 553/3000] nll=0.0757  best=0.0723  con=0.5780
06:06:50 [epoch 554/3000] nll=0.0805  best=0.0723  con=0.5770
06:07:04 [epoch 555/3000] nll=0.0776  best=0.0723  con=0.5761
06:07:19 [epoch 556/3000] nll=0.0776  best=0.0723  con=0.5754
06:07:33 [epoch 557/3000] nll=0.1068  best=0.0723  con=0.5749
06:07:48 [epoch 558/3000] nll=0.0977  best=0.0723  con=0.5738
06:08:02 [epoch 559/3000] nll=0.0901  best=0.0723  con=0.5730
06:08:17 [epoch 560/3000] nll=0.0880  best=0.0723  con=0.5722
06:08:31 [epoch 561/3000] nll=0.0880  best=0.0723  con=0.5713
06:08:46 [epoch 562/3000] nll=0.0831  best=0.0723  con=0.5700
06:09:00 [epoch 563/3000] nll=0.0784  best=0.0723  con=0.5692
06:09:15 [epoch 564/3000] nll=0.0788  best=0.0723  con=0.5682
06:09:29 [epoch 565/3000] nll=0.1047  best=0.0723  con=0.5675
06:09:43 [epoch 566/3000] nll=0.1194  best=0.0723  con=0.5664
06:09:58 [epoch 567/3000] nll=0.0955  best=0.0723  con=0.5659
06:10:12 [epoch 568/3000] nll=0.0864  best=0.0723  con=0.5655
06:10:27 [epoch 569/3000] nll=0.0838  best=0.0723  con=0.5647
06:10:41 [epoch 570/3000] nll=0.0855  best=0.0723  con=0.5647
06:10:56 [epoch 571/3000] nll=0.0863  best=0.0723  con=0.5639
06:11:10 [epoch 572/3000] nll=0.0828  best=0.0723  con=0.5636
06:11:25 [epoch 573/3000] nll=0.0841  best=0.0723  con=0.5629
06:11:39 [epoch 574/3000] nll=0.1004  best=0.0723  con=0.5624
06:11:53 [epoch 575/3000] nll=0.0958  best=0.0723  con=0.5615
06:12:08 [epoch 576/3000] nll=0.0902  best=0.0723  con=0.5611
06:12:22 [epoch 577/3000] nll=0.0869  best=0.0723  con=0.5604
06:12:37 [epoch 578/3000] nll=0.0910  best=0.0723  con=0.5601
06:12:51 [epoch 579/3000] nll=0.0862  best=0.0723  con=0.5596
06:13:06 [epoch 580/3000] nll=0.0901  best=0.0723  con=0.5587
06:13:20 [epoch 581/3000] nll=0.0839  best=0.0723  con=0.5589
06:13:35 [epoch 582/3000] nll=0.0842  best=0.0723  con=0.5584
06:13:49 [epoch 583/3000] nll=0.0816  best=0.0723  con=0.5580
06:14:04 [epoch 584/3000] nll=0.1130  best=0.0723  con=0.5575
06:14:18 [epoch 585/3000] nll=0.1002  best=0.0723  con=0.5575
06:14:33 [epoch 586/3000] nll=0.0946  best=0.0723  con=0.5568
06:14:47 [epoch 587/3000] nll=0.0985  best=0.0723  con=0.5564
06:15:01 [epoch 588/3000] nll=0.0867  best=0.0723  con=0.5559
06:15:16 [epoch 589/3000] nll=0.0899  best=0.0723  con=0.5555
06:15:30 [epoch 590/3000] nll=0.0798  best=0.0723  con=0.5544
06:15:45 [epoch 591/3000] nll=0.0797  best=0.0723  con=0.5540
06:15:59 [epoch 592/3000] nll=0.0767  best=0.0723  con=0.5530
06:16:14 [epoch 593/3000] nll=0.0763  best=0.0723  con=0.5521
06:16:28 [epoch 594/3000] nll=0.0741  best=0.0723  con=0.5514
06:16:43 [epoch 595/3000] nll=0.0785  best=0.0723  con=0.5504
06:16:57 [epoch 596/3000] nll=0.0760  best=0.0723  con=0.5496
06:17:12 [epoch 597/3000] nll=0.0727  best=0.0723  con=0.5485
06:17:26 [epoch 598/3000] nll=0.0791  best=0.0723  con=0.5476
06:17:40 [epoch 599/3000] nll=0.0813  best=0.0723  con=0.5467
06:17:55 [epoch 600/3000] nll=0.1033  best=0.0723  con=0.5463
06:18:09 [epoch 601/3000] nll=0.0861  best=0.0723  con=0.5457
06:18:24 [epoch 602/3000] nll=0.0886  best=0.0723  con=0.5450
06:18:38 [epoch 603/3000] nll=0.0853  best=0.0723  con=0.5446
06:18:53 [epoch 604/3000] nll=0.0830  best=0.0723  con=0.5439
06:19:07 [epoch 605/3000] nll=0.0865  best=0.0723  con=0.5429
06:19:22 [epoch 606/3000] nll=0.1260  best=0.0723  con=0.5430
06:19:36 [epoch 607/3000] nll=0.0942  best=0.0723  con=0.5421
06:19:51 [epoch 608/3000] nll=0.0916  best=0.0723  con=0.5421
06:20:08 [epoch 609/3000] nll=0.1030  best=0.0723  con=0.5412
06:20:26 [epoch 610/3000] nll=0.0929  best=0.0723  con=0.5412
06:20:43 [epoch 611/3000] nll=0.0920  best=0.0723  con=0.5406
06:21:01 [epoch 612/3000] nll=0.1050  best=0.0723  con=0.5399
06:21:19 [epoch 613/3000] nll=0.1200  best=0.0723  con=0.5399
06:21:36 [epoch 614/3000] nll=0.1182  best=0.0723  con=0.5398
06:21:54 [epoch 615/3000] nll=0.1218  best=0.0723  con=0.5400
06:22:12 [epoch 616/3000] nll=0.1198  best=0.0723  con=0.5405
06:22:29 [epoch 617/3000] nll=0.1061  best=0.0723  con=0.5406
06:22:47 [epoch 618/3000] nll=0.1129  best=0.0723  con=0.5404
06:23:05 [epoch 619/3000] nll=0.1198  best=0.0723  con=0.5401
06:23:22 [epoch 620/3000] nll=0.1117  best=0.0723  con=0.5406
06:23:40 [epoch 621/3000] nll=0.1039  best=0.0723  con=0.5402
06:23:58 [epoch 622/3000] nll=0.1060  best=0.0723  con=0.5400
06:24:15 [epoch 623/3000] nll=0.1026  best=0.0723  con=0.5402
06:24:33 [epoch 624/3000] nll=0.1106  best=0.0723  con=0.5405
06:24:50 [epoch 625/3000] nll=0.1148  best=0.0723  con=0.5403
06:25:08 [epoch 626/3000] nll=0.1220  best=0.0723  con=0.5412
06:25:26 [epoch 627/3000] nll=0.1025  best=0.0723  con=0.5402
06:25:43 [epoch 628/3000] nll=0.1279  best=0.0723  con=0.5405
06:26:01 [epoch 629/3000] nll=0.0969  best=0.0723  con=0.5401
06:26:19 [epoch 630/3000] nll=0.0987  best=0.0723  con=0.5399
06:26:36 [epoch 631/3000] nll=0.0982  best=0.0723  con=0.5395
06:26:54 [epoch 632/3000] nll=0.1077  best=0.0723  con=0.5398
06:27:12 [epoch 633/3000] nll=0.0882  best=0.0723  con=0.5395
06:27:29 [epoch 634/3000] nll=0.0970  best=0.0723  con=0.5394
06:27:47 [epoch 635/3000] nll=0.0956  best=0.0723  con=0.5395
06:28:05 [epoch 636/3000] nll=0.0871  best=0.0723  con=0.5388
06:28:22 [epoch 637/3000] nll=0.0825  best=0.0723  con=0.5384
06:28:40 [epoch 638/3000] nll=0.0829  best=0.0723  con=0.5379
06:28:58 [epoch 639/3000] nll=0.1002  best=0.0723  con=0.5378
06:29:15 [epoch 640/3000] nll=0.1053  best=0.0723  con=0.5367
06:29:33 [epoch 641/3000] nll=0.0872  best=0.0723  con=0.5365
06:29:51 [epoch 642/3000] nll=0.0798  best=0.0723  con=0.5359
06:30:08 [epoch 643/3000] nll=0.0807  best=0.0723  con=0.5352
06:30:26 [epoch 644/3000] nll=0.0775  best=0.0723  con=0.5349
06:30:44 [epoch 645/3000] nll=0.0827  best=0.0723  con=0.5344
06:31:01 [epoch 646/3000] nll=0.0901  best=0.0723  con=0.5337
06:31:19 [epoch 647/3000] nll=0.0895  best=0.0723  con=0.5335
06:31:36 [epoch 648/3000] nll=0.0844  best=0.0723  con=0.5333
06:31:51 [epoch 649/3000] nll=0.0905  best=0.0723  con=0.5330
06:32:05 [epoch 650/3000] nll=0.0904  best=0.0723  con=0.5325
06:32:20 [epoch 651/3000] nll=0.0809  best=0.0723  con=0.5325
06:32:34 [epoch 652/3000] nll=0.0744  best=0.0723  con=0.5320
06:32:49 [epoch 653/3000] nll=0.0754  best=0.0723  con=0.5313
06:33:03 [epoch 654/3000] nll=0.0743  best=0.0723  con=0.5307
06:33:18 [epoch 655/3000] nll=0.0733  best=0.0723  con=0.5299
06:33:32 [epoch 656/3000] nll=0.0706  best=0.0723  con=0.5296
06:33:47 [epoch 657/3000] nll=0.0671  best=0.0706  con=0.5286
06:34:01 [epoch 658/3000] nll=0.0662  best=0.0671  con=0.5276
06:34:16 [epoch 659/3000] nll=0.0660  best=0.0662  con=0.5266
06:34:30 [epoch 660/3000] nll=0.0665  best=0.0660  con=0.5256
06:34:45 [epoch 661/3000] nll=0.0656  best=0.0660  con=0.5246
06:34:59 [epoch 662/3000] nll=0.0876  best=0.0656  con=0.5236
06:35:13 [epoch 663/3000] nll=0.0810  best=0.0656  con=0.5229
06:35:28 [epoch 664/3000] nll=0.0844  best=0.0656  con=0.5221
06:35:42 [epoch 665/3000] nll=0.0776  best=0.0656  con=0.5214
06:35:57 [epoch 666/3000] nll=0.0734  best=0.0656  con=0.5204
06:36:11 [epoch 667/3000] nll=0.0991  best=0.0656  con=0.5197
06:36:26 [epoch 668/3000] nll=0.0846  best=0.0656  con=0.5191
06:36:40 [epoch 669/3000] nll=0.1061  best=0.0656  con=0.5184
06:36:55 [epoch 670/3000] nll=0.0875  best=0.0656  con=0.5179
06:37:09 [epoch 671/3000] nll=0.0751  best=0.0656  con=0.5173
06:37:23 [epoch 672/3000] nll=0.0915  best=0.0656  con=0.5168
06:37:38 [epoch 673/3000] nll=0.0975  best=0.0656  con=0.5165
06:37:52 [epoch 674/3000] nll=0.1261  best=0.0656  con=0.5165
06:38:07 [epoch 675/3000] nll=0.1134  best=0.0656  con=0.5169
06:38:21 [epoch 676/3000] nll=0.1087  best=0.0656  con=0.5170
06:38:36 [epoch 677/3000] nll=0.0997  best=0.0656  con=0.5169
06:38:50 [epoch 678/3000] nll=0.0918  best=0.0656  con=0.5174
06:39:05 [epoch 679/3000] nll=0.0848  best=0.0656  con=0.5169
06:39:19 [epoch 680/3000] nll=0.1144  best=0.0656  con=0.5174
06:39:33 [epoch 681/3000] nll=0.0956  best=0.0656  con=0.5179
06:39:48 [epoch 682/3000] nll=0.0810  best=0.0656  con=0.5178
06:40:02 [epoch 683/3000] nll=0.0822  best=0.0656  con=0.5173
06:40:17 [epoch 684/3000] nll=0.0734  best=0.0656  con=0.5170
06:40:31 [epoch 685/3000] nll=0.0834  best=0.0656  con=0.5170
06:40:46 [epoch 686/3000] nll=0.0886  best=0.0656  con=0.5162
06:41:00 [epoch 687/3000] nll=0.1098  best=0.0656  con=0.5160
06:41:15 [epoch 688/3000] nll=0.0866  best=0.0656  con=0.5156
06:41:29 [epoch 689/3000] nll=0.0756  best=0.0656  con=0.5153
06:41:44 [epoch 690/3000] nll=0.1048  best=0.0656  con=0.5148
06:41:58 [epoch 691/3000] nll=0.1000  best=0.0656  con=0.5145
06:42:13 [epoch 692/3000] nll=0.1054  best=0.0656  con=0.5142
06:42:27 [epoch 693/3000] nll=0.0935  best=0.0656  con=0.5137
06:42:41 [epoch 694/3000] nll=0.0897  best=0.0656  con=0.5135
06:42:56 [epoch 695/3000] nll=0.0929  best=0.0656  con=0.5126
06:43:10 [epoch 696/3000] nll=0.0840  best=0.0656  con=0.5129
06:43:25 [epoch 697/3000] nll=0.0823  best=0.0656  con=0.5120
06:43:39 [epoch 698/3000] nll=0.0769  best=0.0656  con=0.5116
06:43:54 [epoch 699/3000] nll=0.0774  best=0.0656  con=0.5111
06:44:08 [epoch 700/3000] nll=0.0860  best=0.0656  con=0.5107
06:44:23 [epoch 701/3000] nll=0.0832  best=0.0656  con=0.5102
06:44:38 [epoch 702/3000] nll=0.1080  best=0.0656  con=0.5098
06:44:52 [epoch 703/3000] nll=0.0942  best=0.0656  con=0.5094
06:45:07 [epoch 704/3000] nll=0.1008  best=0.0656  con=0.5089
06:45:21 [epoch 705/3000] nll=0.0913  best=0.0656  con=0.5085
06:45:36 [epoch 706/3000] nll=0.0937  best=0.0656  con=0.5081
06:45:50 [epoch 707/3000] nll=0.0872  best=0.0656  con=0.5075
06:46:05 [epoch 708/3000] nll=0.0886  best=0.0656  con=0.5070
06:46:19 [epoch 709/3000] nll=0.0824  best=0.0656  con=0.5071
06:46:33 [epoch 710/3000] nll=0.0800  best=0.0656  con=0.5063
06:46:48 [epoch 711/3000] nll=0.0802  best=0.0656  con=0.5059
06:47:02 [epoch 712/3000] nll=0.0724  best=0.0656  con=0.5059
06:47:17 [epoch 713/3000] nll=0.0762  best=0.0656  con=0.5052
06:47:31 [epoch 714/3000] nll=0.0730  best=0.0656  con=0.5050
06:47:46 [epoch 715/3000] nll=0.0747  best=0.0656  con=0.5047
06:48:01 [epoch 716/3000] nll=0.0687  best=0.0656  con=0.5040
06:48:16 [epoch 717/3000] nll=0.0720  best=0.0656  con=0.5038
06:48:31 [epoch 718/3000] nll=0.0698  best=0.0656  con=0.5031
06:48:45 [epoch 719/3000] nll=0.0682  best=0.0656  con=0.5026
06:49:00 [epoch 720/3000] nll=0.0682  best=0.0656  con=0.5021
06:49:15 [epoch 721/3000] nll=0.0657  best=0.0656  con=0.5013
06:49:29 [epoch 722/3000] nll=0.0642  best=0.0656  con=0.5005
06:49:44 [epoch 723/3000] nll=0.0640  best=0.0642  con=0.4997
06:49:58 [epoch 724/3000] nll=0.0635  best=0.0640  con=0.4988
06:50:13 [epoch 725/3000] nll=0.0634  best=0.0635  con=0.4979
06:50:27 [epoch 726/3000] nll=0.0635  best=0.0634  con=0.4971
06:50:42 [epoch 727/3000] nll=0.0631  best=0.0634  con=0.4962
06:50:56 [epoch 728/3000] nll=0.0631  best=0.0631  con=0.4953
06:51:11 [epoch 729/3000] nll=0.0630  best=0.0631  con=0.4945
06:51:25 [epoch 730/3000] nll=0.0632  best=0.0630  con=0.4937
06:51:40 [epoch 731/3000] nll=0.0628  best=0.0630  con=0.4929
06:51:54 [epoch 732/3000] nll=0.0628  best=0.0628  con=0.4920
06:52:08 [epoch 733/3000] nll=0.0629  best=0.0628  con=0.4913
06:52:23 [epoch 734/3000] nll=0.0626  best=0.0628  con=0.4904
06:52:37 [epoch 735/3000] nll=0.0628  best=0.0626  con=0.4896
06:52:52 [epoch 736/3000] nll=0.0714  best=0.0626  con=0.4888
06:53:06 [epoch 737/3000] nll=0.0762  best=0.0626  con=0.4884
06:53:21 [epoch 738/3000] nll=0.0749  best=0.0626  con=0.4878
06:53:35 [epoch 739/3000] nll=0.0754  best=0.0626  con=0.4875
06:53:50 [epoch 740/3000] nll=0.0702  best=0.0626  con=0.4867
06:54:04 [epoch 741/3000] nll=0.0721  best=0.0626  con=0.4864
06:54:19 [epoch 742/3000] nll=0.0768  best=0.0626  con=0.4857
06:54:33 [epoch 743/3000] nll=0.0965  best=0.0626  con=0.4857
06:54:48 [epoch 744/3000] nll=0.0972  best=0.0626  con=0.4853
06:55:02 [epoch 745/3000] nll=0.0858  best=0.0626  con=0.4851
06:55:17 [epoch 746/3000] nll=0.0841  best=0.0626  con=0.4852
06:55:31 [epoch 747/3000] nll=0.0821  best=0.0626  con=0.4848
06:55:46 [epoch 748/3000] nll=0.0738  best=0.0626  con=0.4845
06:56:00 [epoch 749/3000] nll=0.0693  best=0.0626  con=0.4840
06:56:15 [epoch 750/3000] nll=0.0753  best=0.0626  con=0.4837
06:56:29 [epoch 751/3000] nll=0.0723  best=0.0626  con=0.4836
06:56:44 [epoch 752/3000] nll=0.0724  best=0.0626  con=0.4830
06:56:58 [epoch 753/3000] nll=0.0709  best=0.0626  con=0.4828
06:57:12 [epoch 754/3000] nll=0.0672  best=0.0626  con=0.4825
06:57:27 [epoch 755/3000] nll=0.0666  best=0.0626  con=0.4819
06:57:41 [epoch 756/3000] nll=0.0676  best=0.0626  con=0.4812
06:57:56 [epoch 757/3000] nll=0.0666  best=0.0626  con=0.4809
06:58:10 [epoch 758/3000] nll=0.0647  best=0.0626  con=0.4802
06:58:25 [epoch 759/3000] nll=0.0642  best=0.0626  con=0.4797
06:58:39 [epoch 760/3000] nll=0.0652  best=0.0626  con=0.4790
06:58:54 [epoch 761/3000] nll=0.0649  best=0.0626  con=0.4784
06:59:08 [epoch 762/3000] nll=0.0643  best=0.0626  con=0.4780
06:59:23 [epoch 763/3000] nll=0.0631  best=0.0626  con=0.4775
06:59:37 [epoch 764/3000] nll=0.0627  best=0.0626  con=0.4770
06:59:52 [epoch 765/3000] nll=0.0636  best=0.0626  con=0.4762
07:00:06 [epoch 766/3000] nll=0.0641  best=0.0626  con=0.4758
07:00:21 [epoch 767/3000] nll=0.0895  best=0.0626  con=0.4753
07:00:35 [epoch 768/3000] nll=0.0917  best=0.0626  con=0.4749
07:00:49 [epoch 769/3000] nll=0.1192  best=0.0626  con=0.4748
07:01:04 [epoch 770/3000] nll=0.1420  best=0.0626  con=0.4744
07:01:18 [epoch 771/3000] nll=0.1536  best=0.0626  con=0.4746
07:01:33 [epoch 772/3000] nll=0.1663  best=0.0626  con=0.4741
07:01:47 [epoch 773/3000] nll=0.1380  best=0.0626  con=0.4743
07:02:02 [epoch 774/3000] nll=0.1084  best=0.0626  con=0.4745
07:02:16 [epoch 775/3000] nll=0.0996  best=0.0626  con=0.4752
07:02:31 [epoch 776/3000] nll=0.1119  best=0.0626  con=0.4748
07:02:45 [epoch 777/3000] nll=0.1006  best=0.0626  con=0.4755
07:02:59 [epoch 778/3000] nll=0.0822  best=0.0626  con=0.4754
07:03:14 [epoch 779/3000] nll=0.0865  best=0.0626  con=0.4755
07:03:28 [epoch 780/3000] nll=0.0817  best=0.0626  con=0.4747
07:03:43 [epoch 781/3000] nll=0.0772  best=0.0626  con=0.4752
07:03:57 [epoch 782/3000] nll=0.0681  best=0.0626  con=0.4748
07:04:12 [epoch 783/3000] nll=0.0718  best=0.0626  con=0.4748
07:04:26 [epoch 784/3000] nll=0.0705  best=0.0626  con=0.4742
07:04:40 [epoch 785/3000] nll=0.0929  best=0.0626  con=0.4748
07:04:55 [epoch 786/3000] nll=0.0694  best=0.0626  con=0.4745
07:05:09 [epoch 787/3000] nll=0.0659  best=0.0626  con=0.4743
07:05:24 [epoch 788/3000] nll=0.0633  best=0.0626  con=0.4737
07:05:38 [epoch 789/3000] nll=0.0952  best=0.0626  con=0.4733
07:05:53 [epoch 790/3000] nll=0.0836  best=0.0626  con=0.4728
07:06:07 [epoch 791/3000] nll=0.0824  best=0.0626  con=0.4728
07:06:22 [epoch 792/3000] nll=0.1046  best=0.0626  con=0.4721
07:06:36 [epoch 793/3000] nll=0.0902  best=0.0626  con=0.4720
07:06:51 [epoch 794/3000] nll=0.1123  best=0.0626  con=0.4721
07:07:05 [epoch 795/3000] nll=0.1098  best=0.0626  con=0.4720
07:07:20 [epoch 796/3000] nll=0.1002  best=0.0626  con=0.4725
07:07:34 [epoch 797/3000] nll=0.0886  best=0.0626  con=0.4722
07:07:48 [epoch 798/3000] nll=0.0872  best=0.0626  con=0.4724
07:08:03 [epoch 799/3000] nll=0.0832  best=0.0626  con=0.4728
07:08:17 [epoch 800/3000] nll=0.0804  best=0.0626  con=0.4727
07:08:32 [epoch 801/3000] nll=0.0814  best=0.0626  con=0.4731
07:08:46 [epoch 802/3000] nll=0.0870  best=0.0626  con=0.4731
07:09:01 [epoch 803/3000] nll=0.0721  best=0.0626  con=0.4732
07:09:16 [epoch 804/3000] nll=0.0737  best=0.0626  con=0.4729
07:09:30 [epoch 805/3000] nll=0.0771  best=0.0626  con=0.4728
07:09:45 [epoch 806/3000] nll=0.0713  best=0.0626  con=0.4727
07:09:59 [epoch 807/3000] nll=0.0736  best=0.0626  con=0.4721
07:10:14 [epoch 808/3000] nll=0.0793  best=0.0626  con=0.4722
07:10:28 [epoch 809/3000] nll=0.0855  best=0.0626  con=0.4724
07:10:42 [epoch 810/3000] nll=0.0862  best=0.0626  con=0.4722
