07:40:28 50 docs → 50 segments
07:40:43 [epoch 0/3000] nll=3.1481  best=inf  con=3.9072
07:40:58 [epoch 1/3000] nll=6.1328  best=3.1481  con=3.6724
07:41:12 [epoch 2/3000] nll=5.4488  best=3.1481  con=3.4299
07:41:26 [epoch 3/3000] nll=4.5942  best=3.1481  con=3.2539
07:41:41 [epoch 4/3000] nll=4.3688  best=3.1481  con=3.0760
07:41:55 [epoch 5/3000] nll=4.1134  best=3.1481  con=2.9013
07:42:10 [epoch 6/3000] nll=3.8394  best=3.1481  con=2.7353
07:42:24 [epoch 7/3000] nll=3.8952  best=3.1481  con=2.6191
07:42:38 [epoch 8/3000] nll=3.8489  best=3.1481  con=2.5178
07:42:53 [epoch 9/3000] nll=3.7513  best=3.1481  con=2.4010
07:43:08 [epoch 10/3000] nll=3.8072  best=3.1481  con=2.3192
07:43:22 [epoch 11/3000] nll=3.9205  best=3.1481  con=2.2648
07:43:36 [epoch 12/3000] nll=3.8789  best=3.1481  con=2.2170
07:43:51 [epoch 13/3000] nll=3.5947  best=3.1481  con=2.1598
07:44:05 [epoch 14/3000] nll=3.6541  best=3.1481  con=2.1030
07:44:20 [epoch 15/3000] nll=3.4681  best=3.1481  con=2.0388
07:44:34 [epoch 16/3000] nll=3.3111  best=3.1481  con=1.9982
07:44:48 [epoch 17/3000] nll=3.3780  best=3.1481  con=1.9388
07:45:03 [epoch 18/3000] nll=3.0719  best=3.1481  con=1.8956
07:45:17 [epoch 19/3000] nll=3.0189  best=3.0719  con=1.8420
07:45:32 [epoch 20/3000] nll=2.9611  best=3.0189  con=1.7918
07:45:46 [epoch 21/3000] nll=2.8977  best=2.9611  con=1.7499
07:46:00 [epoch 22/3000] nll=2.8719  best=2.8977  con=1.7180
07:46:15 [epoch 23/3000] nll=2.8550  best=2.8719  con=1.6900
07:46:29 [epoch 24/3000] nll=2.7287  best=2.8550  con=1.6616
07:46:44 [epoch 25/3000] nll=2.8163  best=2.7287  con=1.6376
07:46:58 [epoch 26/3000] nll=2.6480  best=2.7287  con=1.6361
07:47:12 [epoch 27/3000] nll=2.6303  best=2.6480  con=1.6057
07:47:27 [epoch 28/3000] nll=2.6605  best=2.6303  con=1.5927
07:47:41 [epoch 29/3000] nll=2.5666  best=2.6303  con=1.5877
07:47:56 [epoch 30/3000] nll=2.5668  best=2.5666  con=1.5811
07:48:10 [epoch 31/3000] nll=2.9005  best=2.5666  con=1.5840
07:48:24 [epoch 32/3000] nll=2.6055  best=2.5666  con=1.5824
07:48:39 [epoch 33/3000] nll=2.5055  best=2.5666  con=1.5575
07:48:53 [epoch 34/3000] nll=2.4178  best=2.5055  con=1.5420
07:49:08 [epoch 35/3000] nll=2.3777  best=2.4178  con=1.5382
07:49:22 [epoch 36/3000] nll=2.4589  best=2.3777  con=1.5213
07:49:37 [epoch 37/3000] nll=2.3338  best=2.3777  con=1.5124
07:49:51 [epoch 38/3000] nll=2.3033  best=2.3338  con=1.5143
07:50:06 [epoch 39/3000] nll=2.2952  best=2.3033  con=1.4992
07:50:20 [epoch 40/3000] nll=2.2284  best=2.2952  con=1.5053
07:50:35 [epoch 41/3000] nll=2.1748  best=2.2284  con=1.4942
07:50:49 [epoch 42/3000] nll=2.0891  best=2.1748  con=1.4893
07:51:03 [epoch 43/3000] nll=2.1541  best=2.0891  con=1.4943
07:51:18 [epoch 44/3000] nll=1.9737  best=2.0891  con=1.4840
07:51:32 [epoch 45/3000] nll=1.9436  best=1.9737  con=1.4730
07:51:47 [epoch 46/3000] nll=1.9127  best=1.9436  con=1.4753
07:52:01 [epoch 47/3000] nll=1.9642  best=1.9127  con=1.4724
07:52:16 [epoch 48/3000] nll=1.9607  best=1.9127  con=1.4782
07:52:30 [epoch 49/3000] nll=1.8665  best=1.9127  con=1.4772
07:52:44 [epoch 50/3000] nll=1.7666  best=1.8665  con=1.4720
07:52:59 [epoch 51/3000] nll=1.7389  best=1.7666  con=1.4661
07:53:13 [epoch 52/3000] nll=1.7019  best=1.7389  con=1.4681
07:53:28 [epoch 53/3000] nll=1.7270  best=1.7019  con=1.4710
07:53:43 [epoch 54/3000] nll=1.8905  best=1.7019  con=1.4761
07:53:58 [epoch 55/3000] nll=1.8100  best=1.7019  con=1.4786
07:54:12 [epoch 56/3000] nll=1.6815  best=1.7019  con=1.4744
07:54:27 [epoch 57/3000] nll=1.5745  best=1.6815  con=1.4743
07:54:41 [epoch 58/3000] nll=1.5450  best=1.5745  con=1.4703
07:54:56 [epoch 59/3000] nll=1.5375  best=1.5450  con=1.4702
07:55:11 [epoch 60/3000] nll=1.5800  best=1.5375  con=1.4816
07:55:25 [epoch 61/3000] nll=1.5179  best=1.5375  con=1.4817
07:55:39 [epoch 62/3000] nll=1.4990  best=1.5179  con=1.4846
07:55:54 [epoch 63/3000] nll=1.4715  best=1.4990  con=1.4830
07:56:09 [epoch 64/3000] nll=1.4208  best=1.4715  con=1.4784
07:56:23 [epoch 65/3000] nll=1.4528  best=1.4208  con=1.4768
07:56:37 [epoch 66/3000] nll=1.3615  best=1.4208  con=1.4823
07:56:52 [epoch 67/3000] nll=1.3375  best=1.3615  con=1.4812
07:57:06 [epoch 68/3000] nll=1.2742  best=1.3375  con=1.4847
07:57:21 [epoch 69/3000] nll=1.2695  best=1.2742  con=1.4825
07:57:36 [epoch 70/3000] nll=1.3081  best=1.2695  con=1.4847
07:57:50 [epoch 71/3000] nll=1.2000  best=1.2695  con=1.4765
07:58:05 [epoch 72/3000] nll=1.1789  best=1.2000  con=1.4779
07:58:19 [epoch 73/3000] nll=1.1485  best=1.1789  con=1.4784
07:58:34 [epoch 74/3000] nll=1.0914  best=1.1485  con=1.4756
07:58:48 [epoch 75/3000] nll=1.0510  best=1.0914  con=1.4725
07:59:02 [epoch 76/3000] nll=1.0472  best=1.0510  con=1.4736
07:59:17 [epoch 77/3000] nll=1.0556  best=1.0472  con=1.4733
07:59:31 [epoch 78/3000] nll=1.0138  best=1.0472  con=1.4778
07:59:46 [epoch 79/3000] nll=0.9819  best=1.0138  con=1.4726
08:00:00 [epoch 80/3000] nll=1.0330  best=0.9819  con=1.4678
08:00:14 [epoch 81/3000] nll=0.9762  best=0.9819  con=1.4707
08:00:29 [epoch 82/3000] nll=0.9376  best=0.9762  con=1.4643
08:00:43 [epoch 83/3000] nll=0.8382  best=0.9376  con=1.4664
08:00:58 [epoch 84/3000] nll=0.8438  best=0.8382  con=1.4592
08:01:12 [epoch 85/3000] nll=0.8175  best=0.8382  con=1.4571
08:01:27 [epoch 86/3000] nll=0.8163  best=0.8175  con=1.4594
08:01:41 [epoch 87/3000] nll=0.8320  best=0.8163  con=1.4565
08:01:56 [epoch 88/3000] nll=0.7518  best=0.8163  con=1.4504
08:02:10 [epoch 89/3000] nll=0.7443  best=0.7518  con=1.4483
08:02:25 [epoch 90/3000] nll=0.7485  best=0.7443  con=1.4477
08:02:39 [epoch 91/3000] nll=0.7314  best=0.7443  con=1.4464
08:02:53 [epoch 92/3000] nll=0.7186  best=0.7314  con=1.4432
08:03:09 [epoch 93/3000] nll=0.6338  best=0.7186  con=1.4391
08:03:23 [epoch 94/3000] nll=0.6071  best=0.6338  con=1.4352
08:03:37 [epoch 95/3000] nll=0.6505  best=0.6071  con=1.4325
08:03:52 [epoch 96/3000] nll=0.6590  best=0.6071  con=1.4294
08:04:06 [epoch 97/3000] nll=0.6234  best=0.6071  con=1.4263
08:04:21 [epoch 98/3000] nll=0.6245  best=0.6071  con=1.4250
08:04:35 [epoch 99/3000] nll=0.6290  best=0.6071  con=1.4251
08:04:50 [epoch 100/3000] nll=0.5911  best=0.6071  con=1.4197
08:05:04 [epoch 101/3000] nll=0.6175  best=0.5911  con=1.4159
08:05:19 [epoch 102/3000] nll=0.6138  best=0.5911  con=1.4146
08:05:33 [epoch 103/3000] nll=0.4910  best=0.5911  con=1.4087
08:05:48 [epoch 104/3000] nll=0.4418  best=0.4910  con=1.4050
08:06:02 [epoch 105/3000] nll=0.4656  best=0.4418  con=1.3996
08:06:17 [epoch 106/3000] nll=0.4759  best=0.4418  con=1.3985
08:06:31 [epoch 107/3000] nll=0.4598  best=0.4418  con=1.3931
08:06:45 [epoch 108/3000] nll=0.4277  best=0.4418  con=1.3881
08:07:00 [epoch 109/3000] nll=0.3963  best=0.4277  con=1.3835
08:07:14 [epoch 110/3000] nll=0.3867  best=0.3963  con=1.3784
08:07:29 [epoch 111/3000] nll=0.3905  best=0.3867  con=1.3729
08:07:43 [epoch 112/3000] nll=0.3782  best=0.3867  con=1.3685
08:07:58 [epoch 113/3000] nll=0.3585  best=0.3782  con=1.3642
08:08:12 [epoch 114/3000] nll=0.3957  best=0.3585  con=1.3580
08:08:26 [epoch 115/3000] nll=0.3925  best=0.3585  con=1.3555
08:08:41 [epoch 116/3000] nll=0.3549  best=0.3585  con=1.3493
08:08:55 [epoch 117/3000] nll=0.3556  best=0.3549  con=1.3474
08:09:10 [epoch 118/3000] nll=0.3252  best=0.3549  con=1.3410
08:09:24 [epoch 119/3000] nll=0.3125  best=0.3252  con=1.3364
08:09:39 [epoch 120/3000] nll=0.2978  best=0.3125  con=1.3312
08:09:53 [epoch 121/3000] nll=0.3354  best=0.2978  con=1.3271
08:10:08 [epoch 122/3000] nll=0.3200  best=0.2978  con=1.3228
08:10:22 [epoch 123/3000] nll=0.3136  best=0.2978  con=1.3185
08:10:37 [epoch 124/3000] nll=0.2692  best=0.2978  con=1.3133
08:10:51 [epoch 125/3000] nll=0.2686  best=0.2692  con=1.3080
08:11:06 [epoch 126/3000] nll=0.2460  best=0.2686  con=1.3023
08:11:20 [epoch 127/3000] nll=0.2695  best=0.2460  con=1.2992
08:11:34 [epoch 128/3000] nll=0.2870  best=0.2460  con=1.2932
08:11:49 [epoch 129/3000] nll=0.3030  best=0.2460  con=1.2899
08:12:03 [epoch 130/3000] nll=0.2971  best=0.2460  con=1.2855
08:12:18 [epoch 131/3000] nll=0.2605  best=0.2460  con=1.2813
08:12:32 [epoch 132/3000] nll=0.2486  best=0.2460  con=1.2758
08:12:47 [epoch 133/3000] nll=0.2445  best=0.2460  con=1.2712
08:13:01 [epoch 134/3000] nll=0.2716  best=0.2445  con=1.2663
08:13:16 [epoch 135/3000] nll=0.2551  best=0.2445  con=1.2633
08:13:31 [epoch 136/3000] nll=0.2263  best=0.2445  con=1.2578
08:13:45 [epoch 137/3000] nll=0.2426  best=0.2263  con=1.2532
08:14:00 [epoch 138/3000] nll=0.2109  best=0.2263  con=1.2483
08:14:14 [epoch 139/3000] nll=0.2244  best=0.2109  con=1.2441
08:14:29 [epoch 140/3000] nll=0.2017  best=0.2109  con=1.2388
08:14:43 [epoch 141/3000] nll=0.2310  best=0.2017  con=1.2342
08:14:58 [epoch 142/3000] nll=0.1805  best=0.2017  con=1.2297
08:15:12 [epoch 143/3000] nll=0.1729  best=0.1805  con=1.2252
08:15:27 [epoch 144/3000] nll=0.1630  best=0.1729  con=1.2198
08:15:41 [epoch 145/3000] nll=0.1603  best=0.1630  con=1.2152
08:15:56 [epoch 146/3000] nll=0.1720  best=0.1603  con=1.2102
08:16:10 [epoch 147/3000] nll=0.1516  best=0.1603  con=1.2051
08:16:25 [epoch 148/3000] nll=0.1673  best=0.1516  con=1.2010
08:16:39 [epoch 149/3000] nll=0.1705  best=0.1516  con=1.1964
08:16:53 [epoch 150/3000] nll=0.1718  best=0.1516  con=1.1921
08:17:08 [epoch 151/3000] nll=0.1861  best=0.1516  con=1.1879
08:17:22 [epoch 152/3000] nll=0.1933  best=0.1516  con=1.1840
08:17:37 [epoch 153/3000] nll=0.2174  best=0.1516  con=1.1816
08:17:51 [epoch 154/3000] nll=0.1658  best=0.1516  con=1.1783
08:18:06 [epoch 155/3000] nll=0.1576  best=0.1516  con=1.1727
08:18:20 [epoch 156/3000] nll=0.1780  best=0.1516  con=1.1696
08:18:35 [epoch 157/3000] nll=0.1645  best=0.1516  con=1.1647
08:18:49 [epoch 158/3000] nll=0.2172  best=0.1516  con=1.1626
08:19:04 [epoch 159/3000] nll=0.1789  best=0.1516  con=1.1588
08:19:18 [epoch 160/3000] nll=0.1555  best=0.1516  con=1.1546
08:19:32 [epoch 161/3000] nll=0.1672  best=0.1516  con=1.1502
08:19:47 [epoch 162/3000] nll=0.1463  best=0.1516  con=1.1468
08:20:01 [epoch 163/3000] nll=0.1444  best=0.1463  con=1.1426
08:20:16 [epoch 164/3000] nll=0.1385  best=0.1444  con=1.1388
08:20:30 [epoch 165/3000] nll=0.1342  best=0.1385  con=1.1353
08:20:45 [epoch 166/3000] nll=0.1303  best=0.1342  con=1.1316
08:20:59 [epoch 167/3000] nll=0.1146  best=0.1303  con=1.1281
08:21:14 [epoch 168/3000] nll=0.1085  best=0.1146  con=1.1238
08:21:28 [epoch 169/3000] nll=0.1155  best=0.1085  con=1.1201
08:21:43 [epoch 170/3000] nll=0.1172  best=0.1085  con=1.1160
08:21:57 [epoch 171/3000] nll=0.1361  best=0.1085  con=1.1149
08:22:11 [epoch 172/3000] nll=0.1456  best=0.1085  con=1.1113
08:22:26 [epoch 173/3000] nll=0.1635  best=0.1085  con=1.1063
08:22:40 [epoch 174/3000] nll=0.1613  best=0.1085  con=1.1056
08:22:55 [epoch 175/3000] nll=0.1255  best=0.1085  con=1.1011
08:23:10 [epoch 176/3000] nll=0.1122  best=0.1085  con=1.0968
08:23:24 [epoch 177/3000] nll=0.1025  best=0.1085  con=1.0927
08:23:39 [epoch 178/3000] nll=0.0987  best=0.1025  con=1.0880
08:23:53 [epoch 179/3000] nll=0.1400  best=0.0987  con=1.0883
08:24:07 [epoch 180/3000] nll=0.1142  best=0.0987  con=1.0837
08:24:22 [epoch 181/3000] nll=0.1339  best=0.0987  con=1.0806
08:24:37 [epoch 182/3000] nll=0.1321  best=0.0987  con=1.0801
08:24:51 [epoch 183/3000] nll=0.1436  best=0.0987  con=1.0768
08:25:06 [epoch 184/3000] nll=0.1411  best=0.0987  con=1.0734
08:25:23 [epoch 185/3000] nll=0.1492  best=0.0987  con=1.0705
08:25:38 [epoch 186/3000] nll=0.1514  best=0.0987  con=1.0676
08:25:52 [epoch 187/3000] nll=0.1474  best=0.0987  con=1.0649
08:26:07 [epoch 188/3000] nll=0.1240  best=0.0987  con=1.0615
08:26:21 [epoch 189/3000] nll=0.1302  best=0.0987  con=1.0582
08:26:35 [epoch 190/3000] nll=0.0966  best=0.0987  con=1.0550
08:26:45 [epoch 191/3000] nll=0.0894  best=0.0966  con=1.0519
08:26:54 [epoch 192/3000] nll=0.1065  best=0.0894  con=1.0497
08:27:05 [epoch 193/3000] nll=0.0947  best=0.0894  con=1.0466
08:27:18 [epoch 194/3000] nll=0.1068  best=0.0894  con=1.0435
08:27:32 [epoch 195/3000] nll=0.0917  best=0.0894  con=1.0403
08:27:47 [epoch 196/3000] nll=0.0873  best=0.0894  con=1.0367
08:28:01 [epoch 197/3000] nll=0.1017  best=0.0873  con=1.0345
09:05:23 50 docs → 50 segments
09:05:23 Resumed from experiments/v62_summary_contrastive/runs/20260226_074017/latest_epoch197.pt, starting at epoch 198
09:05:38 [epoch 198/3000] nll=0.0880  best=inf  con=1.0310
09:05:53 [epoch 199/3000] nll=0.0756  best=0.0880  con=1.0274
09:06:07 [epoch 200/3000] nll=0.0730  best=0.0756  con=1.0244
09:06:22 [epoch 201/3000] nll=0.0720  best=0.0730  con=1.0209
09:06:36 [epoch 202/3000] nll=0.0716  best=0.0720  con=1.0181
09:06:51 [epoch 203/3000] nll=0.0711  best=0.0716  con=1.0144
09:07:05 [epoch 204/3000] nll=0.0737  best=0.0711  con=1.0118
09:07:19 [epoch 205/3000] nll=0.0730  best=0.0711  con=1.0082
09:07:34 [epoch 206/3000] nll=0.0765  best=0.0711  con=1.0054
09:07:48 [epoch 207/3000] nll=0.0796  best=0.0711  con=1.0022
09:08:03 [epoch 208/3000] nll=0.0791  best=0.0711  con=0.9987
09:08:17 [epoch 209/3000] nll=0.0902  best=0.0711  con=0.9968
09:08:32 [epoch 210/3000] nll=0.0822  best=0.0711  con=0.9926
09:08:46 [epoch 211/3000] nll=0.0780  best=0.0711  con=0.9902
09:09:00 [epoch 212/3000] nll=0.0697  best=0.0711  con=0.9870
09:09:15 [epoch 213/3000] nll=0.0675  best=0.0697  con=0.9840
09:09:29 [epoch 214/3000] nll=0.0844  best=0.0675  con=0.9812
09:09:44 [epoch 215/3000] nll=0.0914  best=0.0675  con=0.9791
09:09:58 [epoch 216/3000] nll=0.0805  best=0.0675  con=0.9763
09:10:13 [epoch 217/3000] nll=0.0718  best=0.0675  con=0.9739
09:10:27 [epoch 218/3000] nll=0.0698  best=0.0675  con=0.9712
09:10:41 [epoch 219/3000] nll=0.0912  best=0.0675  con=0.9695
09:10:56 [epoch 220/3000] nll=0.0844  best=0.0675  con=0.9667
09:11:10 [epoch 221/3000] nll=0.0725  best=0.0675  con=0.9639
09:11:25 [epoch 222/3000] nll=0.0632  best=0.0675  con=0.9613
09:11:39 [epoch 223/3000] nll=0.0623  best=0.0632  con=0.9585
09:11:53 [epoch 224/3000] nll=0.0617  best=0.0623  con=0.9557
09:12:08 [epoch 225/3000] nll=0.0613  best=0.0617  con=0.9530
09:12:22 [epoch 226/3000] nll=0.0610  best=0.0613  con=0.9502
09:12:37 [epoch 227/3000] nll=0.0609  best=0.0610  con=0.9476
09:12:51 [epoch 228/3000] nll=0.0607  best=0.0609  con=0.9448
09:13:06 [epoch 229/3000] nll=0.0611  best=0.0607  con=0.9423
09:13:20 [epoch 230/3000] nll=0.0616  best=0.0607  con=0.9395
09:13:35 [epoch 231/3000] nll=0.0683  best=0.0607  con=0.9373
09:13:49 [epoch 232/3000] nll=0.1189  best=0.0607  con=0.9345
09:14:03 [epoch 233/3000] nll=0.1506  best=0.0607  con=0.9348
09:14:18 [epoch 234/3000] nll=0.1177  best=0.0607  con=0.9318
09:14:32 [epoch 235/3000] nll=0.1012  best=0.0607  con=0.9298
09:14:47 [epoch 236/3000] nll=0.1135  best=0.0607  con=0.9289
09:15:01 [epoch 237/3000] nll=0.1235  best=0.0607  con=0.9279
09:15:16 [epoch 238/3000] nll=0.1329  best=0.0607  con=0.9267
09:15:30 [epoch 239/3000] nll=0.1102  best=0.0607  con=0.9250
09:15:44 [epoch 240/3000] nll=0.1029  best=0.0607  con=0.9228
09:15:59 [epoch 241/3000] nll=0.1782  best=0.0607  con=0.9228
09:16:13 [epoch 242/3000] nll=0.1473  best=0.0607  con=0.9210
09:16:28 [epoch 243/3000] nll=0.1413  best=0.0607  con=0.9196
09:16:42 [epoch 244/3000] nll=0.1099  best=0.0607  con=0.9181
09:16:56 [epoch 245/3000] nll=0.0912  best=0.0607  con=0.9162
09:17:11 [epoch 246/3000] nll=0.0971  best=0.0607  con=0.9143
09:17:25 [epoch 247/3000] nll=0.0798  best=0.0607  con=0.9127
09:17:39 [epoch 248/3000] nll=0.0854  best=0.0607  con=0.9134
09:17:54 [epoch 249/3000] nll=0.0928  best=0.0607  con=0.9100
09:18:08 [epoch 250/3000] nll=0.0988  best=0.0607  con=0.9112
09:18:23 [epoch 251/3000] nll=0.1115  best=0.0607  con=0.9075
09:18:37 [epoch 252/3000] nll=0.0880  best=0.0607  con=0.9057
09:18:52 [epoch 253/3000] nll=0.0668  best=0.0607  con=0.9040
09:19:06 [epoch 254/3000] nll=0.0725  best=0.0607  con=0.9025
09:19:20 [epoch 255/3000] nll=0.0611  best=0.0607  con=0.8999
09:19:35 [epoch 256/3000] nll=0.0600  best=0.0607  con=0.8977
09:19:49 [epoch 257/3000] nll=0.0582  best=0.0600  con=0.8953
09:20:03 [epoch 258/3000] nll=0.0578  best=0.0582  con=0.8930
09:20:18 [epoch 259/3000] nll=0.0604  best=0.0578  con=0.8909
09:20:32 [epoch 260/3000] nll=0.0932  best=0.0578  con=0.8887
09:20:47 [epoch 261/3000] nll=0.2672  best=0.0578  con=0.8882
09:21:01 [epoch 262/3000] nll=0.2135  best=0.0578  con=0.8865
09:21:15 [epoch 263/3000] nll=0.1665  best=0.0578  con=0.8845
09:21:30 [epoch 264/3000] nll=0.1638  best=0.0578  con=0.8828
09:21:44 [epoch 265/3000] nll=0.1739  best=0.0578  con=0.8810
09:21:59 [epoch 266/3000] nll=0.0894  best=0.0578  con=0.8796
09:22:13 [epoch 267/3000] nll=0.1014  best=0.0578  con=0.8787
09:22:30 [epoch 268/3000] nll=0.0823  best=0.0578  con=0.8764
09:25:33 50 docs → 50 segments
09:25:33 Resumed from experiments/v62_summary_contrastive/runs/20260226_074017/latest_epoch268.pt, starting at epoch 269
09:25:43 [epoch 269/3000] nll=0.0791  best=inf  con=0.8745
09:25:52 [epoch 270/3000] nll=0.0757  best=0.0791  con=0.8725
09:26:02 [epoch 271/3000] nll=0.0713  best=0.0757  con=0.8707
09:26:11 [epoch 272/3000] nll=0.0665  best=0.0713  con=0.8689
09:26:20 [epoch 273/3000] nll=0.0699  best=0.0665  con=0.8674
09:26:30 [epoch 274/3000] nll=0.1974  best=0.0665  con=0.8653
09:26:39 [epoch 275/3000] nll=0.1059  best=0.0665  con=0.8637
09:26:49 [epoch 276/3000] nll=0.1039  best=0.0665  con=0.8624
09:26:59 [epoch 277/3000] nll=0.1071  best=0.0665  con=0.8643
09:27:09 [epoch 278/3000] nll=0.1070  best=0.0665  con=0.8634
09:27:19 [epoch 279/3000] nll=0.0868  best=0.0665  con=0.8621
09:27:28 [epoch 280/3000] nll=0.0823  best=0.0665  con=0.8608
09:27:38 [epoch 281/3000] nll=0.0863  best=0.0665  con=0.8592
09:27:48 [epoch 282/3000] nll=0.1115  best=0.0665  con=0.8588
09:27:57 [epoch 283/3000] nll=0.1347  best=0.0665  con=0.8594
09:28:07 [epoch 284/3000] nll=0.1152  best=0.0665  con=0.8592
09:28:16 [epoch 285/3000] nll=0.1116  best=0.0665  con=0.8574
09:28:25 [epoch 286/3000] nll=0.1305  best=0.0665  con=0.8557
09:28:35 [epoch 287/3000] nll=0.1188  best=0.0665  con=0.8550
09:28:44 [epoch 288/3000] nll=0.1164  best=0.0665  con=0.8531
09:28:53 [epoch 289/3000] nll=0.0978  best=0.0665  con=0.8525
09:29:03 [epoch 290/3000] nll=0.0807  best=0.0665  con=0.8508
09:29:14 [epoch 291/3000] nll=0.0984  best=0.0665  con=0.8505
09:29:27 [epoch 292/3000] nll=0.0714  best=0.0665  con=0.8488
09:29:41 [epoch 293/3000] nll=0.0621  best=0.0665  con=0.8471
09:29:56 [epoch 294/3000] nll=0.0587  best=0.0621  con=0.8452
09:30:10 [epoch 295/3000] nll=0.0597  best=0.0587  con=0.8436
09:30:24 [epoch 296/3000] nll=0.0547  best=0.0587  con=0.8416
09:30:39 [epoch 297/3000] nll=0.0537  best=0.0547  con=0.8397
09:30:53 [epoch 298/3000] nll=0.0532  best=0.0537  con=0.8377
09:31:07 [epoch 299/3000] nll=0.0529  best=0.0532  con=0.8358
09:31:22 [epoch 300/3000] nll=0.0529  best=0.0529  con=0.8338
09:31:36 [epoch 301/3000] nll=0.2146  best=0.0529  con=0.8324
09:31:50 [epoch 302/3000] nll=0.1188  best=0.0529  con=0.8308
09:32:05 [epoch 303/3000] nll=0.0725  best=0.0529  con=0.8295
09:32:19 [epoch 304/3000] nll=0.0664  best=0.0529  con=0.8279
09:32:33 [epoch 305/3000] nll=0.0602  best=0.0529  con=0.8262
09:32:48 [epoch 306/3000] nll=0.0591  best=0.0529  con=0.8246
09:33:02 [epoch 307/3000] nll=0.0642  best=0.0529  con=0.8234
09:33:17 [epoch 308/3000] nll=0.0569  best=0.0529  con=0.8218
09:33:31 [epoch 309/3000] nll=0.0614  best=0.0529  con=0.8202
09:33:46 [epoch 310/3000] nll=0.0743  best=0.0529  con=0.8186
09:34:00 [epoch 311/3000] nll=0.0717  best=0.0529  con=0.8174
09:34:14 [epoch 312/3000] nll=0.0625  best=0.0529  con=0.8160
09:34:29 [epoch 313/3000] nll=0.0546  best=0.0529  con=0.8144
09:34:43 [epoch 314/3000] nll=0.0523  best=0.0529  con=0.8128
09:34:57 [epoch 315/3000] nll=0.0519  best=0.0523  con=0.8111
09:35:12 [epoch 316/3000] nll=0.0517  best=0.0519  con=0.8094
09:35:26 [epoch 317/3000] nll=0.0514  best=0.0517  con=0.8076
09:35:40 [epoch 318/3000] nll=0.0511  best=0.0514  con=0.8059
09:35:55 [epoch 319/3000] nll=0.0510  best=0.0511  con=0.8042
09:36:09 [epoch 320/3000] nll=0.0509  best=0.0510  con=0.8026
09:36:23 [epoch 321/3000] nll=0.0598  best=0.0509  con=0.8008
09:36:38 [epoch 322/3000] nll=0.2573  best=0.0509  con=0.8012
09:36:52 [epoch 323/3000] nll=0.2345  best=0.0509  con=0.8012
09:37:06 [epoch 324/3000] nll=0.1104  best=0.0509  con=0.7996
09:37:20 [epoch 325/3000] nll=0.0966  best=0.0509  con=0.7980
09:37:35 [epoch 326/3000] nll=0.1256  best=0.0509  con=0.7968
09:37:49 [epoch 327/3000] nll=0.0985  best=0.0509  con=0.7954
09:38:03 [epoch 328/3000] nll=0.0802  best=0.0509  con=0.7945
09:38:18 [epoch 329/3000] nll=0.0744  best=0.0509  con=0.7932
09:38:32 [epoch 330/3000] nll=0.0821  best=0.0509  con=0.7921
09:38:46 [epoch 331/3000] nll=0.0717  best=0.0509  con=0.7905
09:39:01 [epoch 332/3000] nll=0.0633  best=0.0509  con=0.7893
09:39:15 [epoch 333/3000] nll=0.0788  best=0.0509  con=0.7881
09:39:29 [epoch 334/3000] nll=0.0617  best=0.0509  con=0.7867
09:39:43 [epoch 335/3000] nll=0.0594  best=0.0509  con=0.7857
09:39:58 [epoch 336/3000] nll=0.0743  best=0.0509  con=0.7843
09:40:12 [epoch 337/3000] nll=0.0575  best=0.0509  con=0.7831
09:40:27 [epoch 338/3000] nll=0.0518  best=0.0509  con=0.7821
09:40:41 [epoch 339/3000] nll=0.0500  best=0.0509  con=0.7804
09:40:55 [epoch 340/3000] nll=0.0491  best=0.0500  con=0.7791
09:41:10 [epoch 341/3000] nll=0.0488  best=0.0491  con=0.7776
09:41:24 [epoch 342/3000] nll=0.0488  best=0.0488  con=0.7761
09:41:38 [epoch 343/3000] nll=0.0486  best=0.0488  con=0.7746
09:41:52 [epoch 344/3000] nll=0.0497  best=0.0486  con=0.7732
09:42:07 [epoch 345/3000] nll=0.0759  best=0.0486  con=0.7727
09:42:21 [epoch 346/3000] nll=0.0615  best=0.0486  con=0.7715
09:42:35 [epoch 347/3000] nll=0.1879  best=0.0486  con=0.7705
09:42:50 [epoch 348/3000] nll=0.1001  best=0.0486  con=0.7714
09:43:04 [epoch 349/3000] nll=0.0945  best=0.0486  con=0.7721
09:43:18 [epoch 350/3000] nll=0.0766  best=0.0486  con=0.7703
09:43:33 [epoch 351/3000] nll=0.0576  best=0.0486  con=0.7682
09:43:47 [epoch 352/3000] nll=0.0883  best=0.0486  con=0.7667
09:44:01 [epoch 353/3000] nll=0.0725  best=0.0486  con=0.7675
09:44:15 [epoch 354/3000] nll=0.0561  best=0.0486  con=0.7660
09:44:30 [epoch 355/3000] nll=0.1701  best=0.0486  con=0.7644
09:44:44 [epoch 356/3000] nll=0.0901  best=0.0486  con=0.7648
09:44:58 [epoch 357/3000] nll=0.1000  best=0.0486  con=0.7633
09:45:13 [epoch 358/3000] nll=0.1455  best=0.0486  con=0.7660
09:45:27 [epoch 359/3000] nll=0.0958  best=0.0486  con=0.7651
09:45:41 [epoch 360/3000] nll=0.0792  best=0.0486  con=0.7634
09:45:55 [epoch 361/3000] nll=0.0682  best=0.0486  con=0.7635
09:46:10 [epoch 362/3000] nll=0.0800  best=0.0486  con=0.7638
09:46:24 [epoch 363/3000] nll=0.0840  best=0.0486  con=0.7620
09:46:38 [epoch 364/3000] nll=0.0780  best=0.0486  con=0.7619
09:46:53 [epoch 365/3000] nll=0.0904  best=0.0486  con=0.7623
09:47:07 [epoch 366/3000] nll=0.0853  best=0.0486  con=0.7607
09:47:21 [epoch 367/3000] nll=0.0831  best=0.0486  con=0.7609
09:47:35 [epoch 368/3000] nll=0.0972  best=0.0486  con=0.7614
09:47:50 [epoch 369/3000] nll=0.0801  best=0.0486  con=0.7601
09:48:04 [epoch 370/3000] nll=0.0631  best=0.0486  con=0.7584
09:48:18 [epoch 371/3000] nll=0.0619  best=0.0486  con=0.7574
09:48:32 [epoch 372/3000] nll=0.0703  best=0.0486  con=0.7575
09:48:47 [epoch 373/3000] nll=0.0606  best=0.0486  con=0.7564
09:49:01 [epoch 374/3000] nll=0.0541  best=0.0486  con=0.7550
09:49:15 [epoch 375/3000] nll=0.0745  best=0.0486  con=0.7547
09:49:29 [epoch 376/3000] nll=0.0731  best=0.0486  con=0.7540
09:49:44 [epoch 377/3000] nll=0.0550  best=0.0486  con=0.7530
09:49:58 [epoch 378/3000] nll=0.0519  best=0.0486  con=0.7523
09:50:12 [epoch 379/3000] nll=0.0691  best=0.0486  con=0.7509
09:50:26 [epoch 380/3000] nll=0.0695  best=0.0486  con=0.7517
09:50:41 [epoch 381/3000] nll=0.2521  best=0.0486  con=0.7508
09:50:55 [epoch 382/3000] nll=0.1388  best=0.0486  con=0.7509
09:51:09 [epoch 383/3000] nll=0.0768  best=0.0486  con=0.7495
09:51:24 [epoch 384/3000] nll=0.0717  best=0.0486  con=0.7486
09:51:38 [epoch 385/3000] nll=0.0607  best=0.0486  con=0.7474
09:51:52 [epoch 386/3000] nll=0.0864  best=0.0486  con=0.7468
09:52:06 [epoch 387/3000] nll=0.0711  best=0.0486  con=0.7458
09:52:21 [epoch 388/3000] nll=0.0572  best=0.0486  con=0.7445
09:52:35 [epoch 389/3000] nll=0.0518  best=0.0486  con=0.7435
09:52:49 [epoch 390/3000] nll=0.0531  best=0.0486  con=0.7426
09:53:03 [epoch 391/3000] nll=0.0492  best=0.0486  con=0.7415
09:53:18 [epoch 392/3000] nll=0.0496  best=0.0486  con=0.7404
09:53:32 [epoch 393/3000] nll=0.0467  best=0.0486  con=0.7391
09:53:46 [epoch 394/3000] nll=0.0454  best=0.0467  con=0.7379
09:54:01 [epoch 395/3000] nll=0.0452  best=0.0454  con=0.7365
09:54:15 [epoch 396/3000] nll=0.0451  best=0.0452  con=0.7353
09:54:29 [epoch 397/3000] nll=0.0450  best=0.0451  con=0.7339
09:54:44 [epoch 398/3000] nll=0.0449  best=0.0450  con=0.7327
09:54:58 [epoch 399/3000] nll=0.0448  best=0.0449  con=0.7313
09:55:12 [epoch 400/3000] nll=0.0447  best=0.0448  con=0.7301
09:55:26 [epoch 401/3000] nll=0.0446  best=0.0447  con=0.7288
09:55:41 [epoch 402/3000] nll=0.0445  best=0.0446  con=0.7276
09:55:55 [epoch 403/3000] nll=0.0444  best=0.0445  con=0.7263
09:56:09 [epoch 404/3000] nll=0.0443  best=0.0444  con=0.7251
09:56:24 [epoch 405/3000] nll=0.0442  best=0.0443  con=0.7238
09:56:38 [epoch 406/3000] nll=0.0441  best=0.0442  con=0.7226
09:56:52 [epoch 407/3000] nll=0.0440  best=0.0441  con=0.7213
09:57:06 [epoch 408/3000] nll=0.0440  best=0.0440  con=0.7202
09:57:21 [epoch 409/3000] nll=0.0460  best=0.0440  con=0.7189
09:57:35 [epoch 410/3000] nll=0.2043  best=0.0440  con=0.7193
09:57:49 [epoch 411/3000] nll=0.1398  best=0.0440  con=0.7182
09:58:04 [epoch 412/3000] nll=0.0755  best=0.0440  con=0.7171
09:58:18 [epoch 413/3000] nll=0.0692  best=0.0440  con=0.7159
09:58:32 [epoch 414/3000] nll=0.0680  best=0.0440  con=0.7151
09:58:47 [epoch 415/3000] nll=0.0707  best=0.0440  con=0.7140
09:59:01 [epoch 416/3000] nll=0.0674  best=0.0440  con=0.7131
09:59:15 [epoch 417/3000] nll=0.0624  best=0.0440  con=0.7121
09:59:29 [epoch 418/3000] nll=0.0583  best=0.0440  con=0.7114
09:59:44 [epoch 419/3000] nll=0.0584  best=0.0440  con=0.7104
09:59:58 [epoch 420/3000] nll=0.0496  best=0.0440  con=0.7100
10:00:12 [epoch 421/3000] nll=0.0565  best=0.0440  con=0.7087
10:00:27 [epoch 422/3000] nll=0.0543  best=0.0440  con=0.7081
10:00:41 [epoch 423/3000] nll=0.0583  best=0.0440  con=0.7076
10:00:55 [epoch 424/3000] nll=0.0503  best=0.0440  con=0.7067
10:01:10 [epoch 425/3000] nll=0.0505  best=0.0440  con=0.7061
10:01:24 [epoch 426/3000] nll=0.0638  best=0.0440  con=0.7050
10:01:38 [epoch 427/3000] nll=0.0547  best=0.0440  con=0.7042
10:01:53 [epoch 428/3000] nll=0.0461  best=0.0440  con=0.7035
10:02:07 [epoch 429/3000] nll=0.0443  best=0.0440  con=0.7025
10:02:21 [epoch 430/3000] nll=0.0437  best=0.0440  con=0.7015
10:02:35 [epoch 431/3000] nll=0.0435  best=0.0437  con=0.7004
10:02:50 [epoch 432/3000] nll=0.0433  best=0.0435  con=0.6993
10:03:04 [epoch 433/3000] nll=0.0432  best=0.0433  con=0.6982
10:03:18 [epoch 434/3000] nll=0.0745  best=0.0432  con=0.6974
10:03:33 [epoch 435/3000] nll=0.0738  best=0.0432  con=0.6969
10:03:47 [epoch 436/3000] nll=0.0614  best=0.0432  con=0.6967
10:04:01 [epoch 437/3000] nll=0.0520  best=0.0432  con=0.6954
10:04:16 [epoch 438/3000] nll=0.0451  best=0.0432  con=0.6944
10:04:30 [epoch 439/3000] nll=0.0641  best=0.0432  con=0.6932
10:04:44 [epoch 440/3000] nll=0.0902  best=0.0432  con=0.6954
10:04:58 [epoch 441/3000] nll=0.1191  best=0.0432  con=0.6940
10:05:13 [epoch 442/3000] nll=0.1165  best=0.0432  con=0.6953
10:05:27 [epoch 443/3000] nll=0.1169  best=0.0432  con=0.6937
10:05:41 [epoch 444/3000] nll=0.0840  best=0.0432  con=0.6936
10:05:56 [epoch 445/3000] nll=0.0738  best=0.0432  con=0.6923
10:06:10 [epoch 446/3000] nll=0.0607  best=0.0432  con=0.6911
10:06:24 [epoch 447/3000] nll=0.0526  best=0.0432  con=0.6899
10:06:38 [epoch 448/3000] nll=0.0636  best=0.0432  con=0.6892
10:06:53 [epoch 449/3000] nll=0.0636  best=0.0432  con=0.6889
10:07:07 [epoch 450/3000] nll=0.0531  best=0.0432  con=0.6877
10:07:21 [epoch 451/3000] nll=0.0564  best=0.0432  con=0.6874
10:07:36 [epoch 452/3000] nll=0.0913  best=0.0432  con=0.6863
10:07:50 [epoch 453/3000] nll=0.0938  best=0.0432  con=0.6860
10:08:04 [epoch 454/3000] nll=0.0591  best=0.0432  con=0.6849
10:08:18 [epoch 455/3000] nll=0.1490  best=0.0432  con=0.6849
10:08:33 [epoch 456/3000] nll=0.0872  best=0.0432  con=0.6852
10:08:47 [epoch 457/3000] nll=0.0640  best=0.0432  con=0.6847
10:09:01 [epoch 458/3000] nll=0.0545  best=0.0432  con=0.6838
10:09:16 [epoch 459/3000] nll=0.0561  best=0.0432  con=0.6832
10:09:30 [epoch 460/3000] nll=0.0497  best=0.0432  con=0.6825
10:09:44 [epoch 461/3000] nll=0.0531  best=0.0432  con=0.6822
10:09:59 [epoch 462/3000] nll=0.0487  best=0.0432  con=0.6812
10:10:13 [epoch 463/3000] nll=0.0472  best=0.0432  con=0.6804
10:10:27 [epoch 464/3000] nll=0.0440  best=0.0432  con=0.6793
10:10:41 [epoch 465/3000] nll=0.0651  best=0.0432  con=0.6790
10:10:56 [epoch 466/3000] nll=0.0686  best=0.0432  con=0.6781
10:11:10 [epoch 467/3000] nll=0.0748  best=0.0432  con=0.6780
10:11:24 [epoch 468/3000] nll=0.0694  best=0.0432  con=0.6769
10:11:39 [epoch 469/3000] nll=0.0595  best=0.0432  con=0.6760
10:11:53 [epoch 470/3000] nll=0.0490  best=0.0432  con=0.6751
10:12:07 [epoch 471/3000] nll=0.1678  best=0.0432  con=0.6746
10:12:21 [epoch 472/3000] nll=0.1113  best=0.0432  con=0.6742
10:12:36 [epoch 473/3000] nll=0.2081  best=0.0432  con=0.6749
10:12:50 [epoch 474/3000] nll=0.0928  best=0.0432  con=0.6743
10:13:05 [epoch 475/3000] nll=0.0898  best=0.0432  con=0.6734
10:13:19 [epoch 476/3000] nll=0.0868  best=0.0432  con=0.6723
10:13:33 [epoch 477/3000] nll=0.0867  best=0.0432  con=0.6714
10:13:48 [epoch 478/3000] nll=0.0850  best=0.0432  con=0.6705
10:14:02 [epoch 479/3000] nll=0.0858  best=0.0432  con=0.6697
10:14:16 [epoch 480/3000] nll=0.0839  best=0.0432  con=0.6689
10:14:31 [epoch 481/3000] nll=0.0831  best=0.0432  con=0.6679
10:14:45 [epoch 482/3000] nll=0.0824  best=0.0432  con=0.6670
10:14:59 [epoch 483/3000] nll=0.0817  best=0.0432  con=0.6661
10:15:13 [epoch 484/3000] nll=0.0811  best=0.0432  con=0.6652
10:15:28 [epoch 485/3000] nll=0.0806  best=0.0432  con=0.6643
10:15:42 [epoch 486/3000] nll=0.0803  best=0.0432  con=0.6635
10:15:56 [epoch 487/3000] nll=0.0798  best=0.0432  con=0.6626
10:16:11 [epoch 488/3000] nll=0.1110  best=0.0432  con=0.6634
10:16:25 [epoch 489/3000] nll=0.1068  best=0.0432  con=0.6626
10:16:39 [epoch 490/3000] nll=0.1050  best=0.0432  con=0.6615
10:16:53 [epoch 491/3000] nll=0.1012  best=0.0432  con=0.6608
10:17:08 [epoch 492/3000] nll=0.1116  best=0.0432  con=0.6627
10:17:22 [epoch 493/3000] nll=0.1165  best=0.0432  con=0.6628
10:17:36 [epoch 494/3000] nll=0.1148  best=0.0432  con=0.6617
10:17:51 [epoch 495/3000] nll=0.1135  best=0.0432  con=0.6608
10:18:05 [epoch 496/3000] nll=0.1112  best=0.0432  con=0.6596
10:18:19 [epoch 497/3000] nll=0.1076  best=0.0432  con=0.6585
10:18:34 [epoch 498/3000] nll=0.0896  best=0.0432  con=0.6570
10:18:48 [epoch 499/3000] nll=0.0937  best=0.0432  con=0.6578
10:19:02 [epoch 500/3000] nll=0.0817  best=0.0432  con=0.6564
10:19:16 [epoch 501/3000] nll=0.0903  best=0.0432  con=0.6556
10:19:31 [epoch 502/3000] nll=0.1025  best=0.0432  con=0.6575
10:19:45 [epoch 503/3000] nll=0.0946  best=0.0432  con=0.6566
10:19:59 [epoch 504/3000] nll=0.0852  best=0.0432  con=0.6555
10:20:14 [epoch 505/3000] nll=0.0747  best=0.0432  con=0.6541
10:20:28 [epoch 506/3000] nll=0.0747  best=0.0432  con=0.6535
10:20:42 [epoch 507/3000] nll=0.0733  best=0.0432  con=0.6528
10:20:56 [epoch 508/3000] nll=0.0731  best=0.0432  con=0.6519
10:21:11 [epoch 509/3000] nll=0.0723  best=0.0432  con=0.6512
10:21:25 [epoch 510/3000] nll=0.0721  best=0.0432  con=0.6504
10:21:39 [epoch 511/3000] nll=0.0851  best=0.0432  con=0.6495
10:21:54 [epoch 512/3000] nll=0.2501  best=0.0432  con=0.6511
10:22:08 [epoch 513/3000] nll=0.1474  best=0.0432  con=0.6502
10:22:22 [epoch 514/3000] nll=0.1067  best=0.0432  con=0.6483
10:22:37 [epoch 515/3000] nll=0.0947  best=0.0432  con=0.6482
10:22:51 [epoch 516/3000] nll=0.0873  best=0.0432  con=0.6476
10:23:05 [epoch 517/3000] nll=0.0934  best=0.0432  con=0.6472
10:23:19 [epoch 518/3000] nll=0.1170  best=0.0432  con=0.6466
10:23:33 [epoch 519/3000] nll=0.2018  best=0.0432  con=0.6477
10:23:48 [epoch 520/3000] nll=0.1424  best=0.0432  con=0.6463
10:24:02 [epoch 521/3000] nll=0.1153  best=0.0432  con=0.6462
10:24:16 [epoch 522/3000] nll=0.2430  best=0.0432  con=0.6474
10:24:31 [epoch 523/3000] nll=0.1414  best=0.0432  con=0.6472
10:24:45 [epoch 524/3000] nll=0.2009  best=0.0432  con=0.6487
10:24:59 [epoch 525/3000] nll=0.1552  best=0.0432  con=0.6486
10:25:13 [epoch 526/3000] nll=0.1278  best=0.0432  con=0.6489
10:25:28 [epoch 527/3000] nll=0.1111  best=0.0432  con=0.6488
10:25:42 [epoch 528/3000] nll=0.1248  best=0.0432  con=0.6492
10:25:56 [epoch 529/3000] nll=0.1162  best=0.0432  con=0.6488
10:26:11 [epoch 530/3000] nll=0.0956  best=0.0432  con=0.6490
10:26:25 [epoch 531/3000] nll=0.1165  best=0.0432  con=0.6484
10:26:39 [epoch 532/3000] nll=0.1034  best=0.0432  con=0.6490
10:26:53 [epoch 533/3000] nll=0.0857  best=0.0432  con=0.6484
10:26:53 Early stopping at epoch 533 (patience=100)
10:26:53 Done → experiments/v62_summary_contrastive/runs/20260226_074017
10:29:52 50 docs → 50 segments
10:29:52 Resumed from experiments/v62_summary_contrastive/runs/20260226_074017/latest_epoch533.pt, starting at epoch 534
10:30:07 [epoch 534/3000] nll=0.0793  best=inf  con=0.6486
10:30:21 [epoch 535/3000] nll=0.0851  best=0.0793  con=0.6481
10:30:36 [epoch 536/3000] nll=0.0687  best=0.0793  con=0.6478
10:30:50 [epoch 537/3000] nll=0.0682  best=0.0687  con=0.6471
10:31:05 [epoch 538/3000] nll=0.0623  best=0.0682  con=0.6465
10:31:19 [epoch 539/3000] nll=0.0599  best=0.0623  con=0.6460
10:31:33 [epoch 540/3000] nll=0.0598  best=0.0599  con=0.6452
10:31:48 [epoch 541/3000] nll=0.0587  best=0.0598  con=0.6448
10:32:02 [epoch 542/3000] nll=0.0589  best=0.0587  con=0.6439
10:32:16 [epoch 543/3000] nll=0.0698  best=0.0587  con=0.6438
10:32:31 [epoch 544/3000] nll=0.1038  best=0.0587  con=0.6438
10:32:45 [epoch 545/3000] nll=0.0952  best=0.0587  con=0.6440
10:33:00 [epoch 546/3000] nll=0.0778  best=0.0587  con=0.6439
10:33:14 [epoch 547/3000] nll=0.0819  best=0.0587  con=0.6439
10:33:29 [epoch 548/3000] nll=0.1024  best=0.0587  con=0.6438
10:33:43 [epoch 549/3000] nll=0.1008  best=0.0587  con=0.6447
10:33:57 [epoch 550/3000] nll=0.0973  best=0.0587  con=0.6446
10:34:12 [epoch 551/3000] nll=0.0821  best=0.0587  con=0.6440
10:34:26 [epoch 552/3000] nll=0.0705  best=0.0587  con=0.6431
10:34:41 [epoch 553/3000] nll=0.0828  best=0.0587  con=0.6441
10:34:55 [epoch 554/3000] nll=0.0618  best=0.0587  con=0.6432
10:35:09 [epoch 555/3000] nll=0.0576  best=0.0587  con=0.6423
10:35:24 [epoch 556/3000] nll=0.0699  best=0.0576  con=0.6430
10:35:38 [epoch 557/3000] nll=0.0566  best=0.0576  con=0.6418
10:35:53 [epoch 558/3000] nll=0.0651  best=0.0566  con=0.6414
10:36:07 [epoch 559/3000] nll=0.0534  best=0.0566  con=0.6409
10:36:21 [epoch 560/3000] nll=0.0475  best=0.0534  con=0.6402
10:36:36 [epoch 561/3000] nll=0.0459  best=0.0475  con=0.6396
10:36:50 [epoch 562/3000] nll=0.0456  best=0.0459  con=0.6388
10:37:05 [epoch 563/3000] nll=0.0461  best=0.0456  con=0.6382
10:37:19 [epoch 564/3000] nll=0.0498  best=0.0456  con=0.6376
10:37:33 [epoch 565/3000] nll=0.1013  best=0.0456  con=0.6376
10:37:48 [epoch 566/3000] nll=0.0898  best=0.0456  con=0.6368
10:38:02 [epoch 567/3000] nll=0.1050  best=0.0456  con=0.6363
10:38:16 [epoch 568/3000] nll=0.0897  best=0.0456  con=0.6366
10:38:31 [epoch 569/3000] nll=0.0631  best=0.0456  con=0.6367
10:38:45 [epoch 570/3000] nll=0.0586  best=0.0456  con=0.6367
10:39:00 [epoch 571/3000] nll=0.1111  best=0.0456  con=0.6365
10:39:14 [epoch 572/3000] nll=0.1224  best=0.0456  con=0.6365
10:39:28 [epoch 573/3000] nll=0.1034  best=0.0456  con=0.6369
10:39:43 [epoch 574/3000] nll=0.0764  best=0.0456  con=0.6371
10:39:57 [epoch 575/3000] nll=0.0883  best=0.0456  con=0.6375
10:40:11 [epoch 576/3000] nll=0.0745  best=0.0456  con=0.6376
10:40:26 [epoch 577/3000] nll=0.0512  best=0.0456  con=0.6372
10:40:40 [epoch 578/3000] nll=0.0555  best=0.0456  con=0.6370
10:40:55 [epoch 579/3000] nll=0.0472  best=0.0456  con=0.6364
10:41:09 [epoch 580/3000] nll=0.0510  best=0.0456  con=0.6363
10:41:23 [epoch 581/3000] nll=0.0579  best=0.0456  con=0.6356
10:41:38 [epoch 582/3000] nll=0.0558  best=0.0456  con=0.6353
10:41:52 [epoch 583/3000] nll=0.1359  best=0.0456  con=0.6350
10:42:06 [epoch 584/3000] nll=0.0927  best=0.0456  con=0.6347
10:42:21 [epoch 585/3000] nll=0.0949  best=0.0456  con=0.6349
10:42:35 [epoch 586/3000] nll=0.0891  best=0.0456  con=0.6344
10:42:49 [epoch 587/3000] nll=0.0763  best=0.0456  con=0.6343
10:43:04 [epoch 588/3000] nll=0.0722  best=0.0456  con=0.6339
10:43:18 [epoch 589/3000] nll=0.0606  best=0.0456  con=0.6337
10:43:32 [epoch 590/3000] nll=0.0647  best=0.0456  con=0.6336
10:43:47 [epoch 591/3000] nll=0.0512  best=0.0456  con=0.6332
10:44:01 [epoch 592/3000] nll=0.0854  best=0.0456  con=0.6327
10:44:16 [epoch 593/3000] nll=0.0866  best=0.0456  con=0.6330
10:44:30 [epoch 594/3000] nll=0.0985  best=0.0456  con=0.6329
10:44:44 [epoch 595/3000] nll=0.0866  best=0.0456  con=0.6323
10:44:59 [epoch 596/3000] nll=0.0758  best=0.0456  con=0.6321
10:45:13 [epoch 597/3000] nll=0.0630  best=0.0456  con=0.6319
10:45:27 [epoch 598/3000] nll=0.0745  best=0.0456  con=0.6318
10:45:42 [epoch 599/3000] nll=0.0668  best=0.0456  con=0.6318
10:45:56 [epoch 600/3000] nll=0.0621  best=0.0456  con=0.6312
10:46:10 [epoch 601/3000] nll=0.0578  best=0.0456  con=0.6307
10:46:25 [epoch 602/3000] nll=0.0536  best=0.0456  con=0.6306
10:46:39 [epoch 603/3000] nll=0.0888  best=0.0456  con=0.6305
10:46:53 [epoch 604/3000] nll=0.0819  best=0.0456  con=0.6305
10:47:08 [epoch 605/3000] nll=0.0838  best=0.0456  con=0.6305
10:47:22 [epoch 606/3000] nll=0.0726  best=0.0456  con=0.6310
10:47:36 [epoch 607/3000] nll=0.0814  best=0.0456  con=0.6310
10:47:51 [epoch 608/3000] nll=0.0724  best=0.0456  con=0.6309
10:48:05 [epoch 609/3000] nll=0.0550  best=0.0456  con=0.6304
10:48:19 [epoch 610/3000] nll=0.0491  best=0.0456  con=0.6302
10:48:34 [epoch 611/3000] nll=0.0574  best=0.0456  con=0.6296
10:48:48 [epoch 612/3000] nll=0.0558  best=0.0456  con=0.6296
10:49:03 [epoch 613/3000] nll=0.0509  best=0.0456  con=0.6291
10:49:17 [epoch 614/3000] nll=0.0509  best=0.0456  con=0.6291
10:49:31 [epoch 615/3000] nll=0.0601  best=0.0456  con=0.6286
10:49:46 [epoch 616/3000] nll=0.0460  best=0.0456  con=0.6281
10:50:00 [epoch 617/3000] nll=0.0404  best=0.0456  con=0.6275
10:50:14 [epoch 618/3000] nll=0.0391  best=0.0404  con=0.6268
10:50:29 [epoch 619/3000] nll=0.0386  best=0.0391  con=0.6261
10:50:43 [epoch 620/3000] nll=0.0383  best=0.0386  con=0.6254
10:50:58 [epoch 621/3000] nll=0.0381  best=0.0383  con=0.6247
10:51:12 [epoch 622/3000] nll=0.0379  best=0.0381  con=0.6240
10:51:26 [epoch 623/3000] nll=0.0377  best=0.0379  con=0.6233
10:51:41 [epoch 624/3000] nll=0.0375  best=0.0377  con=0.6226
10:51:55 [epoch 625/3000] nll=0.0374  best=0.0375  con=0.6218
10:52:09 [epoch 626/3000] nll=0.0373  best=0.0374  con=0.6212
10:52:24 [epoch 627/3000] nll=0.0372  best=0.0373  con=0.6204
10:52:38 [epoch 628/3000] nll=0.0371  best=0.0372  con=0.6197
10:52:52 [epoch 629/3000] nll=0.0370  best=0.0371  con=0.6190
10:53:07 [epoch 630/3000] nll=0.0370  best=0.0370  con=0.6183
10:53:21 [epoch 631/3000] nll=0.0369  best=0.0370  con=0.6176
10:53:35 [epoch 632/3000] nll=0.0368  best=0.0369  con=0.6169
10:53:50 [epoch 633/3000] nll=0.0367  best=0.0368  con=0.6163
10:54:04 [epoch 634/3000] nll=0.0366  best=0.0367  con=0.6155
10:54:18 [epoch 635/3000] nll=0.0365  best=0.0366  con=0.6149
10:54:33 [epoch 636/3000] nll=0.0365  best=0.0365  con=0.6141
10:54:47 [epoch 637/3000] nll=0.0364  best=0.0365  con=0.6135
10:55:01 [epoch 638/3000] nll=0.0364  best=0.0364  con=0.6128
10:55:16 [epoch 639/3000] nll=0.0372  best=0.0364  con=0.6122
10:55:30 [epoch 640/3000] nll=0.0620  best=0.0364  con=0.6120
10:55:44 [epoch 641/3000] nll=0.0644  best=0.0364  con=0.6114
10:55:59 [epoch 642/3000] nll=0.0717  best=0.0364  con=0.6108
10:56:13 [epoch 643/3000] nll=0.0606  best=0.0364  con=0.6101
10:56:27 [epoch 644/3000] nll=0.0539  best=0.0364  con=0.6103
10:56:42 [epoch 645/3000] nll=0.1983  best=0.0364  con=0.6104
10:56:56 [epoch 646/3000] nll=0.0923  best=0.0364  con=0.6114
10:57:10 [epoch 647/3000] nll=0.0941  best=0.0364  con=0.6124
10:57:25 [epoch 648/3000] nll=0.0792  best=0.0364  con=0.6123
10:57:39 [epoch 649/3000] nll=0.0937  best=0.0364  con=0.6150
10:57:53 [epoch 650/3000] nll=0.0828  best=0.0364  con=0.6141
10:58:08 [epoch 651/3000] nll=0.0650  best=0.0364  con=0.6133
10:58:22 [epoch 652/3000] nll=0.0545  best=0.0364  con=0.6127
10:58:36 [epoch 653/3000] nll=0.0626  best=0.0364  con=0.6120
10:58:51 [epoch 654/3000] nll=0.0486  best=0.0364  con=0.6122
10:59:05 [epoch 655/3000] nll=0.0384  best=0.0364  con=0.6115
10:59:19 [epoch 656/3000] nll=0.0379  best=0.0364  con=0.6110
10:59:34 [epoch 657/3000] nll=0.0359  best=0.0364  con=0.6103
10:59:48 [epoch 658/3000] nll=0.0356  best=0.0359  con=0.6097
11:00:02 [epoch 659/3000] nll=0.0356  best=0.0356  con=0.6090
11:00:17 [epoch 660/3000] nll=0.0353  best=0.0356  con=0.6084
11:00:31 [epoch 661/3000] nll=0.0350  best=0.0353  con=0.6077
11:00:45 [epoch 662/3000] nll=0.0348  best=0.0350  con=0.6071
11:01:00 [epoch 663/3000] nll=0.0347  best=0.0348  con=0.6064
11:01:14 [epoch 664/3000] nll=0.0346  best=0.0347  con=0.6059
11:01:28 [epoch 665/3000] nll=0.0344  best=0.0346  con=0.6052
11:01:43 [epoch 666/3000] nll=0.0343  best=0.0344  con=0.6046
11:01:57 [epoch 667/3000] nll=0.0344  best=0.0343  con=0.6039
11:02:11 [epoch 668/3000] nll=0.0346  best=0.0343  con=0.6032
11:02:26 [epoch 669/3000] nll=0.0342  best=0.0343  con=0.6026
11:02:40 [epoch 670/3000] nll=0.0341  best=0.0342  con=0.6020
11:02:54 [epoch 671/3000] nll=0.0340  best=0.0341  con=0.6014
11:03:09 [epoch 672/3000] nll=0.0339  best=0.0340  con=0.6008
11:03:23 [epoch 673/3000] nll=0.0338  best=0.0339  con=0.6001
11:03:37 [epoch 674/3000] nll=0.0338  best=0.0338  con=0.5995
11:03:52 [epoch 675/3000] nll=0.0337  best=0.0338  con=0.5989
11:04:06 [epoch 676/3000] nll=0.0336  best=0.0337  con=0.5983
11:04:20 [epoch 677/3000] nll=0.0336  best=0.0336  con=0.5977
11:04:35 [epoch 678/3000] nll=0.0335  best=0.0336  con=0.5971
11:04:49 [epoch 679/3000] nll=0.0334  best=0.0335  con=0.5965
11:05:03 [epoch 680/3000] nll=0.0334  best=0.0334  con=0.5959
11:05:18 [epoch 681/3000] nll=0.0332  best=0.0334  con=0.5953
11:05:32 [epoch 682/3000] nll=0.0333  best=0.0332  con=0.5946
11:05:46 [epoch 683/3000] nll=0.0332  best=0.0332  con=0.5941
11:06:01 [epoch 684/3000] nll=0.0331  best=0.0332  con=0.5935
11:06:15 [epoch 685/3000] nll=0.0332  best=0.0331  con=0.5929
11:06:29 [epoch 686/3000] nll=0.0329  best=0.0331  con=0.5923
11:06:44 [epoch 687/3000] nll=0.0329  best=0.0329  con=0.5918
11:06:58 [epoch 688/3000] nll=0.0328  best=0.0329  con=0.5911
11:07:12 [epoch 689/3000] nll=0.0327  best=0.0328  con=0.5906
11:07:27 [epoch 690/3000] nll=0.0327  best=0.0327  con=0.5900
11:07:41 [epoch 691/3000] nll=0.0327  best=0.0327  con=0.5894
11:07:55 [epoch 692/3000] nll=0.0326  best=0.0327  con=0.5888
11:08:10 [epoch 693/3000] nll=0.0326  best=0.0326  con=0.5883
11:08:24 [epoch 694/3000] nll=0.0325  best=0.0326  con=0.5877
11:08:38 [epoch 695/3000] nll=0.0325  best=0.0325  con=0.5871
11:08:53 [epoch 696/3000] nll=0.0325  best=0.0325  con=0.5866
11:09:07 [epoch 697/3000] nll=0.0324  best=0.0325  con=0.5860
11:09:21 [epoch 698/3000] nll=0.0323  best=0.0324  con=0.5855
11:09:36 [epoch 699/3000] nll=0.0323  best=0.0323  con=0.5849
11:09:50 [epoch 700/3000] nll=0.0323  best=0.0323  con=0.5843
11:10:04 [epoch 701/3000] nll=0.0323  best=0.0323  con=0.5838
11:10:18 [epoch 702/3000] nll=0.0323  best=0.0323  con=0.5833
11:10:33 [epoch 703/3000] nll=0.0322  best=0.0323  con=0.5827
11:10:47 [epoch 704/3000] nll=0.0508  best=0.0322  con=0.5823
11:11:02 [epoch 705/3000] nll=0.0696  best=0.0322  con=0.5818
11:11:16 [epoch 706/3000] nll=0.0689  best=0.0322  con=0.5813
11:11:30 [epoch 707/3000] nll=0.0678  best=0.0322  con=0.5808
11:11:45 [epoch 708/3000] nll=0.0664  best=0.0322  con=0.5803
11:11:59 [epoch 709/3000] nll=0.0641  best=0.0322  con=0.5799
11:12:13 [epoch 710/3000] nll=0.0650  best=0.0322  con=0.5796
11:12:28 [epoch 711/3000] nll=0.1379  best=0.0322  con=0.5798
11:12:42 [epoch 712/3000] nll=0.0988  best=0.0322  con=0.5805
11:12:56 [epoch 713/3000] nll=0.1340  best=0.0322  con=0.5805
11:13:11 [epoch 714/3000] nll=0.0958  best=0.0322  con=0.5806
11:13:25 [epoch 715/3000] nll=0.0838  best=0.0322  con=0.5809
11:13:39 [epoch 716/3000] nll=0.0865  best=0.0322  con=0.5808
11:13:54 [epoch 717/3000] nll=0.0808  best=0.0322  con=0.5822
11:14:08 [epoch 718/3000] nll=0.0729  best=0.0322  con=0.5819
11:14:22 [epoch 719/3000] nll=0.0625  best=0.0322  con=0.5821
11:14:37 [epoch 720/3000] nll=0.0538  best=0.0322  con=0.5817
11:14:51 [epoch 721/3000] nll=0.0639  best=0.0322  con=0.5818
11:15:05 [epoch 722/3000] nll=0.0680  best=0.0322  con=0.5813
11:15:20 [epoch 723/3000] nll=0.0573  best=0.0322  con=0.5811
11:15:34 [epoch 724/3000] nll=0.0627  best=0.0322  con=0.5811
11:15:48 [epoch 725/3000] nll=0.0412  best=0.0322  con=0.5807
11:16:03 [epoch 726/3000] nll=0.0362  best=0.0322  con=0.5803
11:16:17 [epoch 727/3000] nll=0.0346  best=0.0322  con=0.5798
11:16:31 [epoch 728/3000] nll=0.0332  best=0.0322  con=0.5793
11:16:46 [epoch 729/3000] nll=0.0328  best=0.0322  con=0.5788
11:17:00 [epoch 730/3000] nll=0.0325  best=0.0322  con=0.5783
11:17:14 [epoch 731/3000] nll=0.0324  best=0.0322  con=0.5777
11:17:28 [epoch 732/3000] nll=0.0323  best=0.0322  con=0.5772
11:17:43 [epoch 733/3000] nll=0.0321  best=0.0322  con=0.5767
11:17:57 [epoch 734/3000] nll=0.0321  best=0.0321  con=0.5762
11:18:12 [epoch 735/3000] nll=0.0319  best=0.0321  con=0.5756
11:18:26 [epoch 736/3000] nll=0.0319  best=0.0319  con=0.5751
11:18:40 [epoch 737/3000] nll=0.0317  best=0.0319  con=0.5746
11:18:55 [epoch 738/3000] nll=0.0317  best=0.0317  con=0.5741
11:19:09 [epoch 739/3000] nll=0.0316  best=0.0317  con=0.5736
11:19:23 [epoch 740/3000] nll=0.0316  best=0.0316  con=0.5731
11:19:37 [epoch 741/3000] nll=0.0314  best=0.0316  con=0.5726
11:19:52 [epoch 742/3000] nll=0.0314  best=0.0314  con=0.5721
11:20:06 [epoch 743/3000] nll=0.0313  best=0.0314  con=0.5716
11:20:20 [epoch 744/3000] nll=0.0313  best=0.0313  con=0.5711
11:20:35 [epoch 745/3000] nll=0.0312  best=0.0313  con=0.5706
11:20:49 [epoch 746/3000] nll=0.0312  best=0.0312  con=0.5701
11:21:03 [epoch 747/3000] nll=0.0311  best=0.0312  con=0.5696
11:21:18 [epoch 748/3000] nll=0.0311  best=0.0311  con=0.5691
11:21:32 [epoch 749/3000] nll=0.0310  best=0.0311  con=0.5686
11:21:46 [epoch 750/3000] nll=0.0310  best=0.0310  con=0.5682
11:22:01 [epoch 751/3000] nll=0.0309  best=0.0310  con=0.5677
11:22:15 [epoch 752/3000] nll=0.0309  best=0.0309  con=0.5672
11:22:30 [epoch 753/3000] nll=0.0309  best=0.0309  con=0.5667
11:22:44 [epoch 754/3000] nll=0.0309  best=0.0309  con=0.5663
11:22:58 [epoch 755/3000] nll=0.0308  best=0.0309  con=0.5658
11:23:13 [epoch 756/3000] nll=0.0307  best=0.0308  con=0.5654
11:23:27 [epoch 757/3000] nll=0.0307  best=0.0307  con=0.5649
11:23:41 [epoch 758/3000] nll=0.0307  best=0.0307  con=0.5645
11:23:56 [epoch 759/3000] nll=0.0306  best=0.0307  con=0.5640
11:24:10 [epoch 760/3000] nll=0.0306  best=0.0306  con=0.5635
11:24:24 [epoch 761/3000] nll=0.0306  best=0.0306  con=0.5630
11:24:39 [epoch 762/3000] nll=0.0306  best=0.0306  con=0.5627
11:24:53 [epoch 763/3000] nll=0.0305  best=0.0306  con=0.5621
11:25:08 [epoch 764/3000] nll=0.0305  best=0.0305  con=0.5618
11:25:22 [epoch 765/3000] nll=0.0305  best=0.0305  con=0.5612
11:25:36 [epoch 766/3000] nll=0.0306  best=0.0305  con=0.5609
11:25:51 [epoch 767/3000] nll=0.0322  best=0.0305  con=0.5605
11:26:05 [epoch 768/3000] nll=0.0576  best=0.0305  con=0.5605
11:26:19 [epoch 769/3000] nll=0.0437  best=0.0305  con=0.5602
11:26:34 [epoch 770/3000] nll=0.0500  best=0.0305  con=0.5603
11:26:48 [epoch 771/3000] nll=0.0627  best=0.0305  con=0.5600
11:27:02 [epoch 772/3000] nll=0.0481  best=0.0305  con=0.5598
11:27:16 [epoch 773/3000] nll=0.0406  best=0.0305  con=0.5594
11:27:31 [epoch 774/3000] nll=0.0487  best=0.0305  con=0.5599
11:27:45 [epoch 775/3000] nll=0.0725  best=0.0305  con=0.5603
11:27:59 [epoch 776/3000] nll=0.0503  best=0.0305  con=0.5594
11:28:14 [epoch 777/3000] nll=0.0395  best=0.0305  con=0.5596
11:28:28 [epoch 778/3000] nll=0.0397  best=0.0305  con=0.5591
11:28:42 [epoch 779/3000] nll=0.0350  best=0.0305  con=0.5589
11:28:57 [epoch 780/3000] nll=0.0452  best=0.0305  con=0.5589
11:29:11 [epoch 781/3000] nll=0.0362  best=0.0305  con=0.5585
11:29:26 [epoch 782/3000] nll=0.0338  best=0.0305  con=0.5582
11:29:40 [epoch 783/3000] nll=0.0322  best=0.0305  con=0.5577
11:29:54 [epoch 784/3000] nll=0.0368  best=0.0305  con=0.5571
11:30:09 [epoch 785/3000] nll=0.0480  best=0.0305  con=0.5577
11:30:23 [epoch 786/3000] nll=0.0341  best=0.0305  con=0.5574
11:30:37 [epoch 787/3000] nll=0.0312  best=0.0305  con=0.5569
11:30:52 [epoch 788/3000] nll=0.0308  best=0.0305  con=0.5564
11:31:06 [epoch 789/3000] nll=0.0305  best=0.0305  con=0.5560
11:31:20 [epoch 790/3000] nll=0.0302  best=0.0305  con=0.5556
11:31:34 [epoch 791/3000] nll=0.0301  best=0.0302  con=0.5551
11:31:49 [epoch 792/3000] nll=0.0301  best=0.0301  con=0.5547
11:32:03 [epoch 793/3000] nll=0.0299  best=0.0301  con=0.5543
11:32:18 [epoch 794/3000] nll=0.0299  best=0.0299  con=0.5539
11:32:32 [epoch 795/3000] nll=0.0298  best=0.0299  con=0.5534
11:32:46 [epoch 796/3000] nll=0.0298  best=0.0298  con=0.5531
11:33:01 [epoch 797/3000] nll=0.0298  best=0.0298  con=0.5527
11:33:15 [epoch 798/3000] nll=0.0297  best=0.0298  con=0.5523
11:33:29 [epoch 799/3000] nll=0.0297  best=0.0297  con=0.5518
11:33:44 [epoch 800/3000] nll=0.0374  best=0.0297  con=0.5517
11:33:58 [epoch 801/3000] nll=0.1486  best=0.0297  con=0.5510
11:34:12 [epoch 802/3000] nll=0.1567  best=0.0297  con=0.5509
11:34:27 [epoch 803/3000] nll=0.1504  best=0.0297  con=0.5501
11:34:41 [epoch 804/3000] nll=0.1372  best=0.0297  con=0.5511
11:34:55 [epoch 805/3000] nll=0.1178  best=0.0297  con=0.5508
11:35:09 [epoch 806/3000] nll=0.1307  best=0.0297  con=0.5505
11:35:24 [epoch 807/3000] nll=0.3200  best=0.0297  con=0.5510
11:35:38 [epoch 808/3000] nll=0.2719  best=0.0297  con=0.5509
11:35:52 [epoch 809/3000] nll=0.2169  best=0.0297  con=0.5508
11:36:07 [epoch 810/3000] nll=0.1660  best=0.0297  con=0.5508
11:36:21 [epoch 811/3000] nll=0.1687  best=0.0297  con=0.5511
11:36:36 [epoch 812/3000] nll=0.1652  best=0.0297  con=0.5517
11:36:50 [epoch 813/3000] nll=0.1306  best=0.0297  con=0.5516
11:37:04 [epoch 814/3000] nll=0.1296  best=0.0297  con=0.5517
11:37:19 [epoch 815/3000] nll=0.2274  best=0.0297  con=0.5529
11:37:33 [epoch 816/3000] nll=0.1200  best=0.0297  con=0.5532
11:37:47 [epoch 817/3000] nll=0.1202  best=0.0297  con=0.5535
11:38:02 [epoch 818/3000] nll=0.1166  best=0.0297  con=0.5543
11:38:16 [epoch 819/3000] nll=0.1478  best=0.0297  con=0.5547
11:38:30 [epoch 820/3000] nll=0.1538  best=0.0297  con=0.5561
11:38:45 [epoch 821/3000] nll=0.1284  best=0.0297  con=0.5568
11:38:59 [epoch 822/3000] nll=0.1112  best=0.0297  con=0.5572
11:39:13 [epoch 823/3000] nll=0.0878  best=0.0297  con=0.5577
11:39:28 [epoch 824/3000] nll=0.0910  best=0.0297  con=0.5577
11:39:42 [epoch 825/3000] nll=0.0751  best=0.0297  con=0.5578
11:39:56 [epoch 826/3000] nll=0.0710  best=0.0297  con=0.5580
11:40:11 [epoch 827/3000] nll=0.0706  best=0.0297  con=0.5578
11:40:25 [epoch 828/3000] nll=0.0741  best=0.0297  con=0.5578
11:40:39 [epoch 829/3000] nll=0.0657  best=0.0297  con=0.5575
11:40:54 [epoch 830/3000] nll=0.0671  best=0.0297  con=0.5575
11:41:08 [epoch 831/3000] nll=0.0672  best=0.0297  con=0.5575
11:41:22 [epoch 832/3000] nll=0.0625  best=0.0297  con=0.5573
11:41:37 [epoch 833/3000] nll=0.0614  best=0.0297  con=0.5571
11:41:51 [epoch 834/3000] nll=0.0560  best=0.0297  con=0.5570
11:42:05 [epoch 835/3000] nll=0.0541  best=0.0297  con=0.5568
11:42:20 [epoch 836/3000] nll=0.0534  best=0.0297  con=0.5565
11:42:34 [epoch 837/3000] nll=0.0650  best=0.0297  con=0.5566
11:42:48 [epoch 838/3000] nll=0.0571  best=0.0297  con=0.5566
11:43:03 [epoch 839/3000] nll=0.0528  best=0.0297  con=0.5562
11:43:17 [epoch 840/3000] nll=0.1193  best=0.0297  con=0.5563
11:43:31 [epoch 841/3000] nll=0.0797  best=0.0297  con=0.5559
11:43:46 [epoch 842/3000] nll=0.0831  best=0.0297  con=0.5563
11:44:00 [epoch 843/3000] nll=0.1627  best=0.0297  con=0.5563
11:44:14 [epoch 844/3000] nll=0.0714  best=0.0297  con=0.5563
11:44:29 [epoch 845/3000] nll=0.0654  best=0.0297  con=0.5577
11:44:43 [epoch 846/3000] nll=0.0602  best=0.0297  con=0.5580
11:44:57 [epoch 847/3000] nll=0.0496  best=0.0297  con=0.5580
11:45:12 [epoch 848/3000] nll=0.0930  best=0.0297  con=0.5587
11:45:26 [epoch 849/3000] nll=0.0660  best=0.0297  con=0.5581
11:45:41 [epoch 850/3000] nll=0.0599  best=0.0297  con=0.5582
11:45:55 [epoch 851/3000] nll=0.0480  best=0.0297  con=0.5584
11:46:09 [epoch 852/3000] nll=0.0527  best=0.0297  con=0.5585
11:46:24 [epoch 853/3000] nll=0.0719  best=0.0297  con=0.5592
11:46:38 [epoch 854/3000] nll=0.0624  best=0.0297  con=0.5586
11:46:52 [epoch 855/3000] nll=0.0485  best=0.0297  con=0.5589
11:47:07 [epoch 856/3000] nll=0.0427  best=0.0297  con=0.5593
11:47:21 [epoch 857/3000] nll=0.0530  best=0.0297  con=0.5589
11:47:35 [epoch 858/3000] nll=0.0448  best=0.0297  con=0.5590
11:47:50 [epoch 859/3000] nll=0.0447  best=0.0297  con=0.5588
11:48:04 [epoch 860/3000] nll=0.0367  best=0.0297  con=0.5585
11:48:18 [epoch 861/3000] nll=0.0358  best=0.0297  con=0.5582
11:48:33 [epoch 862/3000] nll=0.0338  best=0.0297  con=0.5580
11:48:47 [epoch 863/3000] nll=0.0334  best=0.0297  con=0.5575
11:49:01 [epoch 864/3000] nll=0.0324  best=0.0297  con=0.5573
11:49:16 [epoch 865/3000] nll=0.0321  best=0.0297  con=0.5569
11:49:30 [epoch 866/3000] nll=0.0315  best=0.0297  con=0.5567
11:49:44 [epoch 867/3000] nll=0.0314  best=0.0297  con=0.5562
11:49:59 [epoch 868/3000] nll=0.0310  best=0.0297  con=0.5559
11:50:13 [epoch 869/3000] nll=0.0310  best=0.0297  con=0.5555
11:50:28 [epoch 870/3000] nll=0.0311  best=0.0297  con=0.5553
11:50:42 [epoch 871/3000] nll=0.0334  best=0.0297  con=0.5547
11:50:56 [epoch 872/3000] nll=0.0366  best=0.0297  con=0.5548
11:51:11 [epoch 873/3000] nll=0.0596  best=0.0297  con=0.5547
11:51:25 [epoch 874/3000] nll=0.1179  best=0.0297  con=0.5545
11:51:39 [epoch 875/3000] nll=0.1281  best=0.0297  con=0.5550
11:51:53 [epoch 876/3000] nll=0.0880  best=0.0297  con=0.5553
11:52:08 [epoch 877/3000] nll=0.0706  best=0.0297  con=0.5551
11:52:22 [epoch 878/3000] nll=0.0614  best=0.0297  con=0.5553
11:52:37 [epoch 879/3000] nll=0.0759  best=0.0297  con=0.5555
11:52:51 [epoch 880/3000] nll=0.0526  best=0.0297  con=0.5553
11:53:05 [epoch 881/3000] nll=0.0441  best=0.0297  con=0.5552
11:53:20 [epoch 882/3000] nll=0.0447  best=0.0297  con=0.5551
11:53:34 [epoch 883/3000] nll=0.0521  best=0.0297  con=0.5550
11:53:48 [epoch 884/3000] nll=0.0536  best=0.0297  con=0.5549
11:54:02 [epoch 885/3000] nll=0.0409  best=0.0297  con=0.5548
11:54:17 [epoch 886/3000] nll=0.0425  best=0.0297  con=0.5548
11:54:31 [epoch 887/3000] nll=0.0378  best=0.0297  con=0.5544
11:54:45 [epoch 888/3000] nll=0.0339  best=0.0297  con=0.5543
11:55:00 [epoch 889/3000] nll=0.0324  best=0.0297  con=0.5541
11:55:14 [epoch 890/3000] nll=0.0315  best=0.0297  con=0.5536
11:55:28 [epoch 891/3000] nll=0.0307  best=0.0297  con=0.5534
11:55:43 [epoch 892/3000] nll=0.0315  best=0.0297  con=0.5530
11:55:57 [epoch 893/3000] nll=0.0304  best=0.0297  con=0.5528
11:56:11 [epoch 894/3000] nll=0.0289  best=0.0297  con=0.5524
11:56:26 [epoch 895/3000] nll=0.0284  best=0.0289  con=0.5521
11:56:40 [epoch 896/3000] nll=0.0370  best=0.0284  con=0.5518
11:56:54 [epoch 897/3000] nll=0.0632  best=0.0284  con=0.5515
11:57:09 [epoch 898/3000] nll=0.0511  best=0.0284  con=0.5517
11:57:23 [epoch 899/3000] nll=0.0460  best=0.0284  con=0.5514
11:57:38 [epoch 900/3000] nll=0.0424  best=0.0284  con=0.5512
11:57:52 [epoch 901/3000] nll=0.0395  best=0.0284  con=0.5508
11:58:06 [epoch 902/3000] nll=0.0402  best=0.0284  con=0.5504
11:58:21 [epoch 903/3000] nll=0.0791  best=0.0284  con=0.5502
11:58:35 [epoch 904/3000] nll=0.0842  best=0.0284  con=0.5503
11:58:49 [epoch 905/3000] nll=0.0791  best=0.0284  con=0.5499
11:59:04 [epoch 906/3000] nll=0.0750  best=0.0284  con=0.5496
11:59:18 [epoch 907/3000] nll=0.0875  best=0.0284  con=0.5495
11:59:32 [epoch 908/3000] nll=0.2594  best=0.0284  con=0.5503
11:59:47 [epoch 909/3000] nll=0.1585  best=0.0284  con=0.5501
12:00:01 [epoch 910/3000] nll=0.1067  best=0.0284  con=0.5498
12:00:15 [epoch 911/3000] nll=0.1076  best=0.0284  con=0.5495
12:00:30 [epoch 912/3000] nll=0.1035  best=0.0284  con=0.5492
12:00:44 [epoch 913/3000] nll=0.0873  best=0.0284  con=0.5490
12:00:58 [epoch 914/3000] nll=0.0967  best=0.0284  con=0.5499
12:01:13 [epoch 915/3000] nll=0.0932  best=0.0284  con=0.5505
12:01:27 [epoch 916/3000] nll=0.0789  best=0.0284  con=0.5502
12:01:41 [epoch 917/3000] nll=0.0635  best=0.0284  con=0.5501
12:01:55 [epoch 918/3000] nll=0.0663  best=0.0284  con=0.5499
12:02:10 [epoch 919/3000] nll=0.0442  best=0.0284  con=0.5499
12:02:24 [epoch 920/3000] nll=0.0524  best=0.0284  con=0.5498
12:02:38 [epoch 921/3000] nll=0.0809  best=0.0284  con=0.5500
12:02:53 [epoch 922/3000] nll=0.0572  best=0.0284  con=0.5500
12:03:07 [epoch 923/3000] nll=0.0401  best=0.0284  con=0.5498
12:03:22 [epoch 924/3000] nll=0.0344  best=0.0284  con=0.5499
12:03:36 [epoch 925/3000] nll=0.0389  best=0.0284  con=0.5496
12:03:50 [epoch 926/3000] nll=0.0399  best=0.0284  con=0.5498
12:04:04 [epoch 927/3000] nll=0.0497  best=0.0284  con=0.5495
12:04:19 [epoch 928/3000] nll=0.0377  best=0.0284  con=0.5494
12:04:33 [epoch 929/3000] nll=0.0308  best=0.0284  con=0.5493
12:04:47 [epoch 930/3000] nll=0.0317  best=0.0284  con=0.5491
12:05:02 [epoch 931/3000] nll=0.0294  best=0.0284  con=0.5488
12:05:16 [epoch 932/3000] nll=0.0288  best=0.0284  con=0.5485
12:05:30 [epoch 933/3000] nll=0.0612  best=0.0284  con=0.5495
12:05:45 [epoch 934/3000] nll=0.0660  best=0.0284  con=0.5492
12:05:59 [epoch 935/3000] nll=0.0670  best=0.0284  con=0.5490
12:06:13 [epoch 936/3000] nll=0.0753  best=0.0284  con=0.5490
12:06:28 [epoch 937/3000] nll=0.0868  best=0.0284  con=0.5505
12:06:42 [epoch 938/3000] nll=0.0653  best=0.0284  con=0.5506
12:06:56 [epoch 939/3000] nll=0.0499  best=0.0284  con=0.5500
12:07:11 [epoch 940/3000] nll=0.0499  best=0.0284  con=0.5510
12:07:25 [epoch 941/3000] nll=0.0547  best=0.0284  con=0.5512
12:07:39 [epoch 942/3000] nll=0.0387  best=0.0284  con=0.5511
12:07:54 [epoch 943/3000] nll=0.0304  best=0.0284  con=0.5507
12:08:08 [epoch 944/3000] nll=0.0287  best=0.0284  con=0.5504
12:08:22 [epoch 945/3000] nll=0.0287  best=0.0284  con=0.5500
12:08:37 [epoch 946/3000] nll=0.0497  best=0.0284  con=0.5496
12:08:51 [epoch 947/3000] nll=0.1222  best=0.0284  con=0.5491
12:09:05 [epoch 948/3000] nll=0.1078  best=0.0284  con=0.5486
12:09:20 [epoch 949/3000] nll=0.1195  best=0.0284  con=0.5484
12:09:34 [epoch 950/3000] nll=0.0915  best=0.0284  con=0.5480
12:09:48 [epoch 951/3000] nll=0.0846  best=0.0284  con=0.5478
12:10:03 [epoch 952/3000] nll=0.0816  best=0.0284  con=0.5473
12:10:17 [epoch 953/3000] nll=0.0797  best=0.0284  con=0.5468
12:10:31 [epoch 954/3000] nll=0.0799  best=0.0284  con=0.5463
12:10:46 [epoch 955/3000] nll=0.0771  best=0.0284  con=0.5460
12:11:00 [epoch 956/3000] nll=0.0748  best=0.0284  con=0.5457
12:11:14 [epoch 957/3000] nll=0.0741  best=0.0284  con=0.5453
12:11:29 [epoch 958/3000] nll=0.0722  best=0.0284  con=0.5450
12:11:43 [epoch 959/3000] nll=0.0703  best=0.0284  con=0.5448
12:11:57 [epoch 960/3000] nll=0.0699  best=0.0284  con=0.5447
12:12:12 [epoch 961/3000] nll=0.0636  best=0.0284  con=0.5444
12:12:26 [epoch 962/3000] nll=0.0569  best=0.0284  con=0.5442
12:12:40 [epoch 963/3000] nll=0.0540  best=0.0284  con=0.5440
12:12:55 [epoch 964/3000] nll=0.0739  best=0.0284  con=0.5439
12:13:09 [epoch 965/3000] nll=0.1225  best=0.0284  con=0.5429
12:13:23 [epoch 966/3000] nll=0.1171  best=0.0284  con=0.5425
12:13:38 [epoch 967/3000] nll=0.1071  best=0.0284  con=0.5423
12:13:52 [epoch 968/3000] nll=0.0917  best=0.0284  con=0.5424
12:14:06 [epoch 969/3000] nll=0.0722  best=0.0284  con=0.5425
12:14:21 [epoch 970/3000] nll=0.1594  best=0.0284  con=0.5439
12:14:35 [epoch 971/3000] nll=0.1152  best=0.0284  con=0.5430
12:14:49 [epoch 972/3000] nll=0.0955  best=0.0284  con=0.5433
12:15:04 [epoch 973/3000] nll=0.0834  best=0.0284  con=0.5434
12:15:18 [epoch 974/3000] nll=0.0940  best=0.0284  con=0.5435
12:15:32 [epoch 975/3000] nll=0.0742  best=0.0284  con=0.5438
12:15:47 [epoch 976/3000] nll=0.0638  best=0.0284  con=0.5441
12:16:01 [epoch 977/3000] nll=0.0800  best=0.0284  con=0.5445
12:16:15 [epoch 978/3000] nll=0.0913  best=0.0284  con=0.5435
12:16:30 [epoch 979/3000] nll=0.0697  best=0.0284  con=0.5447
12:16:44 [epoch 980/3000] nll=0.0888  best=0.0284  con=0.5452
12:16:58 [epoch 981/3000] nll=0.0668  best=0.0284  con=0.5446
12:17:13 [epoch 982/3000] nll=0.0670  best=0.0284  con=0.5460
12:17:27 [epoch 983/3000] nll=0.0782  best=0.0284  con=0.5450
12:17:41 [epoch 984/3000] nll=0.0842  best=0.0284  con=0.5462
12:17:56 [epoch 985/3000] nll=0.1174  best=0.0284  con=0.5464
12:18:10 [epoch 986/3000] nll=0.0868  best=0.0284  con=0.5471
12:18:24 [epoch 987/3000] nll=0.0659  best=0.0284  con=0.5467
12:18:39 [epoch 988/3000] nll=0.0477  best=0.0284  con=0.5473
12:18:53 [epoch 989/3000] nll=0.0495  best=0.0284  con=0.5469
12:19:07 [epoch 990/3000] nll=0.0418  best=0.0284  con=0.5473
12:19:22 [epoch 991/3000] nll=0.0369  best=0.0284  con=0.5469
12:19:36 [epoch 992/3000] nll=0.0358  best=0.0284  con=0.5465
12:19:50 [epoch 993/3000] nll=0.0344  best=0.0284  con=0.5462
12:20:05 [epoch 994/3000] nll=0.0340  best=0.0284  con=0.5459
12:20:19 [epoch 995/3000] nll=0.0336  best=0.0284  con=0.5455
12:20:33 [epoch 996/3000] nll=0.0332  best=0.0284  con=0.5451
12:20:48 [epoch 997/3000] nll=0.0330  best=0.0284  con=0.5447
12:21:02 [epoch 998/3000] nll=0.0328  best=0.0284  con=0.5443
12:21:16 [epoch 999/3000] nll=0.0324  best=0.0284  con=0.5439
12:21:31 [epoch 1000/3000] nll=0.0327  best=0.0284  con=0.5435
12:21:45 [epoch 1001/3000] nll=0.0802  best=0.0284  con=0.5434
12:21:59 [epoch 1002/3000] nll=0.0682  best=0.0284  con=0.5438
12:22:14 [epoch 1003/3000] nll=0.0652  best=0.0284  con=0.5434
12:22:28 [epoch 1004/3000] nll=0.0612  best=0.0284  con=0.5430
12:22:42 [epoch 1005/3000] nll=0.0547  best=0.0284  con=0.5426
12:22:57 [epoch 1006/3000] nll=0.0425  best=0.0284  con=0.5423
12:23:11 [epoch 1007/3000] nll=0.0358  best=0.0284  con=0.5421
12:23:25 [epoch 1008/3000] nll=0.0340  best=0.0284  con=0.5418
12:23:40 [epoch 1009/3000] nll=0.0335  best=0.0284  con=0.5415
12:23:54 [epoch 1010/3000] nll=0.0328  best=0.0284  con=0.5411
12:24:08 [epoch 1011/3000] nll=0.0322  best=0.0284  con=0.5408
12:24:23 [epoch 1012/3000] nll=0.0379  best=0.0284  con=0.5404
12:24:37 [epoch 1013/3000] nll=0.0343  best=0.0284  con=0.5405
12:24:51 [epoch 1014/3000] nll=0.0482  best=0.0284  con=0.5402
12:25:06 [epoch 1015/3000] nll=0.0385  best=0.0284  con=0.5400
12:25:20 [epoch 1016/3000] nll=0.0355  best=0.0284  con=0.5398
12:25:35 [epoch 1017/3000] nll=0.0495  best=0.0284  con=0.5392
12:25:49 [epoch 1018/3000] nll=0.0382  best=0.0284  con=0.5399
12:26:03 [epoch 1019/3000] nll=0.0467  best=0.0284  con=0.5397
12:26:18 [epoch 1020/3000] nll=0.0690  best=0.0284  con=0.5391
12:26:32 [epoch 1021/3000] nll=0.0373  best=0.0284  con=0.5390
12:26:46 [epoch 1022/3000] nll=0.0343  best=0.0284  con=0.5389
12:27:01 [epoch 1023/3000] nll=0.0336  best=0.0284  con=0.5385
12:27:15 [epoch 1024/3000] nll=0.0331  best=0.0284  con=0.5381
12:27:29 [epoch 1025/3000] nll=0.0325  best=0.0284  con=0.5378
12:27:44 [epoch 1026/3000] nll=0.0316  best=0.0284  con=0.5374
12:27:58 [epoch 1027/3000] nll=0.0311  best=0.0284  con=0.5370
12:28:12 [epoch 1028/3000] nll=0.0310  best=0.0284  con=0.5367
12:28:27 [epoch 1029/3000] nll=0.0308  best=0.0284  con=0.5363
12:28:41 [epoch 1030/3000] nll=0.0307  best=0.0284  con=0.5359
12:28:55 [epoch 1031/3000] nll=0.0306  best=0.0284  con=0.5355
12:29:10 [epoch 1032/3000] nll=0.0305  best=0.0284  con=0.5352
12:29:24 [epoch 1033/3000] nll=0.0303  best=0.0284  con=0.5348
12:29:38 [epoch 1034/3000] nll=0.0302  best=0.0284  con=0.5344
12:29:53 [epoch 1035/3000] nll=0.0302  best=0.0284  con=0.5340
12:30:07 [epoch 1036/3000] nll=0.0301  best=0.0284  con=0.5337
12:30:21 [epoch 1037/3000] nll=0.0300  best=0.0284  con=0.5333
12:30:36 [epoch 1038/3000] nll=0.0299  best=0.0284  con=0.5330
12:30:50 [epoch 1039/3000] nll=0.0298  best=0.0284  con=0.5326
12:31:04 [epoch 1040/3000] nll=0.0297  best=0.0284  con=0.5323
12:31:19 [epoch 1041/3000] nll=0.0296  best=0.0284  con=0.5319
12:31:33 [epoch 1042/3000] nll=0.0302  best=0.0284  con=0.5316
12:31:47 [epoch 1043/3000] nll=0.0659  best=0.0284  con=0.5325
12:32:02 [epoch 1044/3000] nll=0.0696  best=0.0284  con=0.5322
12:32:16 [epoch 1045/3000] nll=0.1617  best=0.0284  con=0.5321
12:32:30 [epoch 1046/3000] nll=0.0645  best=0.0284  con=0.5326
12:32:45 [epoch 1047/3000] nll=0.0630  best=0.0284  con=0.5325
12:32:59 [epoch 1048/3000] nll=0.1562  best=0.0284  con=0.5321
12:33:13 [epoch 1049/3000] nll=0.1037  best=0.0284  con=0.5324
12:33:28 [epoch 1050/3000] nll=0.0659  best=0.0284  con=0.5336
12:33:42 [epoch 1051/3000] nll=0.0640  best=0.0284  con=0.5331
12:33:56 [epoch 1052/3000] nll=0.0699  best=0.0284  con=0.5339
12:34:11 [epoch 1053/3000] nll=0.0841  best=0.0284  con=0.5343
12:34:25 [epoch 1054/3000] nll=0.1464  best=0.0284  con=0.5334
12:34:39 [epoch 1055/3000] nll=0.1049  best=0.0284  con=0.5351
12:34:54 [epoch 1056/3000] nll=0.0872  best=0.0284  con=0.5347
12:35:08 [epoch 1057/3000] nll=0.0928  best=0.0284  con=0.5352
12:35:22 [epoch 1058/3000] nll=0.0720  best=0.0284  con=0.5352
12:35:37 [epoch 1059/3000] nll=0.0722  best=0.0284  con=0.5345
12:35:51 [epoch 1060/3000] nll=0.1209  best=0.0284  con=0.5358
12:36:05 [epoch 1061/3000] nll=0.0990  best=0.0284  con=0.5360
12:36:20 [epoch 1062/3000] nll=0.0893  best=0.0284  con=0.5367
12:36:34 [epoch 1063/3000] nll=0.0811  best=0.0284  con=0.5362
12:36:48 [epoch 1064/3000] nll=0.0702  best=0.0284  con=0.5363
12:37:03 [epoch 1065/3000] nll=0.0573  best=0.0284  con=0.5360
12:37:17 [epoch 1066/3000] nll=0.0534  best=0.0284  con=0.5365
12:37:31 [epoch 1067/3000] nll=0.1034  best=0.0284  con=0.5360
12:37:46 [epoch 1068/3000] nll=0.0668  best=0.0284  con=0.5369
12:38:00 [epoch 1069/3000] nll=0.0460  best=0.0284  con=0.5365
12:38:14 [epoch 1070/3000] nll=0.0486  best=0.0284  con=0.5360
12:38:29 [epoch 1071/3000] nll=0.0441  best=0.0284  con=0.5363
12:38:43 [epoch 1072/3000] nll=0.0546  best=0.0284  con=0.5360
12:38:57 [epoch 1073/3000] nll=0.0706  best=0.0284  con=0.5369
12:39:12 [epoch 1074/3000] nll=0.0424  best=0.0284  con=0.5364
12:39:26 [epoch 1075/3000] nll=0.0328  best=0.0284  con=0.5358
12:39:40 [epoch 1076/3000] nll=0.0299  best=0.0284  con=0.5357
12:39:55 [epoch 1077/3000] nll=0.0286  best=0.0284  con=0.5353
12:40:09 [epoch 1078/3000] nll=0.0279  best=0.0284  con=0.5350
12:40:24 [epoch 1079/3000] nll=0.0277  best=0.0279  con=0.5346
12:40:38 [epoch 1080/3000] nll=0.0275  best=0.0277  con=0.5343
12:40:52 [epoch 1081/3000] nll=0.0274  best=0.0275  con=0.5339
12:41:07 [epoch 1082/3000] nll=0.0273  best=0.0274  con=0.5337
12:41:21 [epoch 1083/3000] nll=0.0271  best=0.0273  con=0.5333
12:41:35 [epoch 1084/3000] nll=0.0270  best=0.0271  con=0.5330
12:41:50 [epoch 1085/3000] nll=0.0269  best=0.0270  con=0.5326
12:42:04 [epoch 1086/3000] nll=0.0268  best=0.0269  con=0.5323
12:42:18 [epoch 1087/3000] nll=0.0266  best=0.0268  con=0.5319
12:42:33 [epoch 1088/3000] nll=0.0266  best=0.0266  con=0.5316
12:42:47 [epoch 1089/3000] nll=0.0265  best=0.0266  con=0.5313
12:43:01 [epoch 1090/3000] nll=0.0264  best=0.0265  con=0.5310
12:43:16 [epoch 1091/3000] nll=0.0263  best=0.0264  con=0.5306
12:43:30 [epoch 1092/3000] nll=0.0263  best=0.0263  con=0.5303
12:43:44 [epoch 1093/3000] nll=0.0261  best=0.0263  con=0.5300
12:43:59 [epoch 1094/3000] nll=0.0261  best=0.0261  con=0.5297
12:44:13 [epoch 1095/3000] nll=0.0260  best=0.0261  con=0.5293
12:44:27 [epoch 1096/3000] nll=0.0260  best=0.0260  con=0.5290
12:44:42 [epoch 1097/3000] nll=0.0259  best=0.0260  con=0.5286
12:44:56 [epoch 1098/3000] nll=0.0258  best=0.0259  con=0.5284
12:45:10 [epoch 1099/3000] nll=0.0256  best=0.0258  con=0.5280
12:45:25 [epoch 1100/3000] nll=0.0256  best=0.0256  con=0.5277
12:45:39 [epoch 1101/3000] nll=0.0256  best=0.0256  con=0.5274
12:45:53 [epoch 1102/3000] nll=0.0256  best=0.0256  con=0.5271
12:46:08 [epoch 1103/3000] nll=0.0253  best=0.0256  con=0.5268
12:46:22 [epoch 1104/3000] nll=0.0253  best=0.0253  con=0.5265
12:46:36 [epoch 1105/3000] nll=0.0252  best=0.0253  con=0.5261
12:46:51 [epoch 1106/3000] nll=0.0251  best=0.0252  con=0.5259
12:47:05 [epoch 1107/3000] nll=0.0252  best=0.0251  con=0.5255
12:47:19 [epoch 1108/3000] nll=0.0251  best=0.0251  con=0.5253
12:47:34 [epoch 1109/3000] nll=0.0269  best=0.0251  con=0.5249
12:47:48 [epoch 1110/3000] nll=0.0257  best=0.0251  con=0.5249
12:48:02 [epoch 1111/3000] nll=0.0254  best=0.0251  con=0.5244
12:48:17 [epoch 1112/3000] nll=0.0249  best=0.0251  con=0.5242
12:48:31 [epoch 1113/3000] nll=0.0247  best=0.0249  con=0.5239
12:48:45 [epoch 1114/3000] nll=0.0245  best=0.0247  con=0.5236
12:49:00 [epoch 1115/3000] nll=0.0245  best=0.0245  con=0.5232
12:49:14 [epoch 1116/3000] nll=0.0246  best=0.0245  con=0.5230
12:49:29 [epoch 1117/3000] nll=0.0244  best=0.0245  con=0.5227
12:49:43 [epoch 1118/3000] nll=0.0300  best=0.0244  con=0.5225
12:49:57 [epoch 1119/3000] nll=0.0598  best=0.0244  con=0.5227
12:50:12 [epoch 1120/3000] nll=0.0515  best=0.0244  con=0.5224
12:50:26 [epoch 1121/3000] nll=0.0301  best=0.0244  con=0.5222
12:50:40 [epoch 1122/3000] nll=0.0273  best=0.0244  con=0.5220
12:50:48 [epoch 1123/3000] nll=0.0263  best=0.0244  con=0.5218
12:50:57 [epoch 1124/3000] nll=0.0256  best=0.0244  con=0.5215
12:51:06 [epoch 1125/3000] nll=0.0254  best=0.0244  con=0.5212
12:51:14 [epoch 1126/3000] nll=0.0253  best=0.0244  con=0.5209
12:51:23 [epoch 1127/3000] nll=0.0251  best=0.0244  con=0.5206
12:51:32 [epoch 1128/3000] nll=0.0250  best=0.0244  con=0.5204
12:51:41 [epoch 1129/3000] nll=0.0248  best=0.0244  con=0.5200
12:51:51 [epoch 1130/3000] nll=0.0248  best=0.0244  con=0.5198
12:52:01 [epoch 1131/3000] nll=0.0245  best=0.0244  con=0.5195
12:52:12 [epoch 1132/3000] nll=0.0245  best=0.0244  con=0.5192
12:52:21 [epoch 1133/3000] nll=0.0244  best=0.0244  con=0.5189
12:52:31 [epoch 1134/3000] nll=0.0247  best=0.0244  con=0.5186
12:52:41 [epoch 1135/3000] nll=0.0243  best=0.0244  con=0.5183
12:52:51 [epoch 1136/3000] nll=0.0240  best=0.0243  con=0.5181
12:53:01 [epoch 1137/3000] nll=0.0239  best=0.0240  con=0.5178
12:53:15 [epoch 1138/3000] nll=0.0241  best=0.0239  con=0.5175
12:53:25 [epoch 1139/3000] nll=0.0238  best=0.0239  con=0.5173
12:53:35 [epoch 1140/3000] nll=0.0239  best=0.0238  con=0.5170
12:53:44 [epoch 1141/3000] nll=0.0235  best=0.0238  con=0.5167
12:53:54 [epoch 1142/3000] nll=0.0232  best=0.0235  con=0.5164
12:54:04 [epoch 1143/3000] nll=0.0230  best=0.0232  con=0.5162
12:54:14 [epoch 1144/3000] nll=0.0229  best=0.0230  con=0.5159
12:54:24 [epoch 1145/3000] nll=0.0228  best=0.0229  con=0.5156
12:54:34 [epoch 1146/3000] nll=0.0227  best=0.0228  con=0.5154
12:54:44 [epoch 1147/3000] nll=0.0226  best=0.0227  con=0.5151
12:54:53 [epoch 1148/3000] nll=0.0226  best=0.0226  con=0.5148
12:55:04 [epoch 1149/3000] nll=0.0224  best=0.0226  con=0.5146
12:55:14 [epoch 1150/3000] nll=0.0223  best=0.0224  con=0.5143
12:55:24 [epoch 1151/3000] nll=0.0222  best=0.0223  con=0.5140
12:55:33 [epoch 1152/3000] nll=0.0222  best=0.0222  con=0.5139
12:55:43 [epoch 1153/3000] nll=0.0220  best=0.0222  con=0.5135
12:55:53 [epoch 1154/3000] nll=0.0220  best=0.0220  con=0.5133
12:56:03 [epoch 1155/3000] nll=0.0219  best=0.0220  con=0.5130
12:56:15 [epoch 1156/3000] nll=0.0218  best=0.0219  con=0.5128
12:56:25 [epoch 1157/3000] nll=0.0217  best=0.0218  con=0.5125
12:56:35 [epoch 1158/3000] nll=0.0217  best=0.0217  con=0.5122
12:56:45 [epoch 1159/3000] nll=0.0217  best=0.0217  con=0.5119
12:56:55 [epoch 1160/3000] nll=0.0216  best=0.0217  con=0.5117
12:57:05 [epoch 1161/3000] nll=0.0216  best=0.0216  con=0.5114
12:57:15 [epoch 1162/3000] nll=0.0216  best=0.0216  con=0.5111
12:57:24 [epoch 1163/3000] nll=0.0215  best=0.0216  con=0.5109
12:57:34 [epoch 1164/3000] nll=0.0216  best=0.0215  con=0.5106
12:57:44 [epoch 1165/3000] nll=0.0215  best=0.0215  con=0.5103
12:57:54 [epoch 1166/3000] nll=0.0736  best=0.0215  con=0.5102
12:58:04 [epoch 1167/3000] nll=0.0670  best=0.0215  con=0.5100
12:58:14 [epoch 1168/3000] nll=0.0732  best=0.0215  con=0.5098
12:58:23 [epoch 1169/3000] nll=0.1077  best=0.0215  con=0.5094
12:58:33 [epoch 1170/3000] nll=0.0843  best=0.0215  con=0.5095
12:58:44 [epoch 1171/3000] nll=0.0882  best=0.0215  con=0.5098
12:58:58 [epoch 1172/3000] nll=0.0853  best=0.0215  con=0.5099
12:59:09 [epoch 1173/3000] nll=0.0884  best=0.0215  con=0.5097
12:59:19 [epoch 1174/3000] nll=0.0845  best=0.0215  con=0.5104
12:59:28 [epoch 1175/3000] nll=0.0656  best=0.0215  con=0.5105
12:59:40 [epoch 1176/3000] nll=0.0483  best=0.0215  con=0.5106
12:59:50 [epoch 1177/3000] nll=0.0381  best=0.0215  con=0.5110
13:00:00 [epoch 1178/3000] nll=0.0549  best=0.0215  con=0.5111
13:00:10 [epoch 1179/3000] nll=0.0407  best=0.0215  con=0.5113
13:00:20 [epoch 1180/3000] nll=0.0380  best=0.0215  con=0.5114
13:00:30 [epoch 1181/3000] nll=0.0262  best=0.0215  con=0.5112
13:00:40 [epoch 1182/3000] nll=0.0236  best=0.0215  con=0.5111
13:00:50 [epoch 1183/3000] nll=0.1015  best=0.0215  con=0.5110
13:00:59 [epoch 1184/3000] nll=0.0657  best=0.0215  con=0.5108
13:01:10 [epoch 1185/3000] nll=0.0426  best=0.0215  con=0.5111
13:01:20 [epoch 1186/3000] nll=0.0491  best=0.0215  con=0.5108
13:01:32 [epoch 1187/3000] nll=0.0758  best=0.0215  con=0.5109
13:01:45 [epoch 1188/3000] nll=0.0524  best=0.0215  con=0.5111
13:01:57 [epoch 1189/3000] nll=0.1122  best=0.0215  con=0.5114
13:02:08 [epoch 1190/3000] nll=0.1459  best=0.0215  con=0.5112
13:02:18 [epoch 1191/3000] nll=0.1284  best=0.0215  con=0.5105
13:02:31 [epoch 1192/3000] nll=0.1195  best=0.0215  con=0.5104
13:02:41 [epoch 1193/3000] nll=0.1451  best=0.0215  con=0.5102
13:02:51 [epoch 1194/3000] nll=0.1082  best=0.0215  con=0.5099
13:03:02 [epoch 1195/3000] nll=0.1007  best=0.0215  con=0.5097
13:03:14 [epoch 1196/3000] nll=0.0969  best=0.0215  con=0.5095
13:03:24 [epoch 1197/3000] nll=0.0940  best=0.0215  con=0.5093
13:03:35 [epoch 1198/3000] nll=0.0993  best=0.0215  con=0.5092
13:03:47 [epoch 1199/3000] nll=0.1011  best=0.0215  con=0.5090
13:03:58 [epoch 1200/3000] nll=0.1068  best=0.0215  con=0.5090
13:04:08 [epoch 1201/3000] nll=0.0886  best=0.0215  con=0.5088
13:04:18 [epoch 1202/3000] nll=0.0817  best=0.0215  con=0.5086
13:04:28 [epoch 1203/3000] nll=0.0775  best=0.0215  con=0.5084
13:04:38 [epoch 1204/3000] nll=0.0744  best=0.0215  con=0.5082
13:04:47 [epoch 1205/3000] nll=0.0713  best=0.0215  con=0.5080
13:04:57 [epoch 1206/3000] nll=0.0685  best=0.0215  con=0.5079
13:05:08 [epoch 1207/3000] nll=0.0657  best=0.0215  con=0.5077
13:05:17 [epoch 1208/3000] nll=0.0631  best=0.0215  con=0.5076
13:05:27 [epoch 1209/3000] nll=0.0610  best=0.0215  con=0.5074
13:05:37 [epoch 1210/3000] nll=0.0637  best=0.0215  con=0.5073
13:05:50 [epoch 1211/3000] nll=0.1237  best=0.0215  con=0.5072
13:06:01 [epoch 1212/3000] nll=0.1796  best=0.0215  con=0.5079
13:06:12 [epoch 1213/3000] nll=0.0987  best=0.0215  con=0.5080
13:06:23 [epoch 1214/3000] nll=0.0768  best=0.0215  con=0.5084
13:06:33 [epoch 1215/3000] nll=0.1055  best=0.0215  con=0.5088
13:06:43 [epoch 1216/3000] nll=0.0736  best=0.0215  con=0.5092
13:06:52 [epoch 1217/3000] nll=0.0866  best=0.0215  con=0.5095
13:07:02 [epoch 1218/3000] nll=0.0727  best=0.0215  con=0.5098
13:07:13 [epoch 1219/3000] nll=0.0790  best=0.0215  con=0.5101
13:07:22 [epoch 1220/3000] nll=0.1145  best=0.0215  con=0.5103
13:07:32 [epoch 1221/3000] nll=0.1157  best=0.0215  con=0.5103
13:07:42 [epoch 1222/3000] nll=0.0958  best=0.0215  con=0.5106
13:07:51 [epoch 1223/3000] nll=0.0845  best=0.0215  con=0.5106
13:08:02 [epoch 1224/3000] nll=0.0786  best=0.0215  con=0.5106
13:08:12 [epoch 1225/3000] nll=0.0754  best=0.0215  con=0.5107
13:08:22 [epoch 1226/3000] nll=0.0812  best=0.0215  con=0.5099
13:08:32 [epoch 1227/3000] nll=0.0725  best=0.0215  con=0.5103
13:08:41 [epoch 1228/3000] nll=0.0704  best=0.0215  con=0.5101
13:08:51 [epoch 1229/3000] nll=0.0668  best=0.0215  con=0.5102
13:09:01 [epoch 1230/3000] nll=0.0718  best=0.0215  con=0.5099
13:09:11 [epoch 1231/3000] nll=0.0643  best=0.0215  con=0.5100
13:09:21 [epoch 1232/3000] nll=0.0608  best=0.0215  con=0.5098
13:09:31 [epoch 1233/3000] nll=0.0601  best=0.0215  con=0.5100
13:09:40 [epoch 1234/3000] nll=0.0647  best=0.0215  con=0.5095
13:09:50 [epoch 1235/3000] nll=0.0637  best=0.0215  con=0.5096
13:10:00 [epoch 1236/3000] nll=0.0704  best=0.0215  con=0.5093
13:10:10 [epoch 1237/3000] nll=0.0628  best=0.0215  con=0.5096
13:10:20 [epoch 1238/3000] nll=0.0622  best=0.0215  con=0.5093
13:10:30 [epoch 1239/3000] nll=0.0534  best=0.0215  con=0.5095
13:10:40 [epoch 1240/3000] nll=0.0514  best=0.0215  con=0.5095
13:10:49 [epoch 1241/3000] nll=0.0618  best=0.0215  con=0.5093
13:10:59 [epoch 1242/3000] nll=0.0595  best=0.0215  con=0.5093
13:11:10 [epoch 1243/3000] nll=0.0581  best=0.0215  con=0.5091
13:11:19 [epoch 1244/3000] nll=0.0572  best=0.0215  con=0.5090
13:11:29 [epoch 1245/3000] nll=0.0563  best=0.0215  con=0.5087
13:11:39 [epoch 1246/3000] nll=0.0558  best=0.0215  con=0.5086
13:11:50 [epoch 1247/3000] nll=0.0550  best=0.0215  con=0.5083
13:12:01 [epoch 1248/3000] nll=0.0533  best=0.0215  con=0.5082
13:12:13 [epoch 1249/3000] nll=0.0523  best=0.0215  con=0.5079
13:12:23 [epoch 1250/3000] nll=0.0507  best=0.0215  con=0.5078
13:12:33 [epoch 1251/3000] nll=0.0495  best=0.0215  con=0.5077
13:12:42 [epoch 1252/3000] nll=0.0471  best=0.0215  con=0.5076
13:12:52 [epoch 1253/3000] nll=0.0439  best=0.0215  con=0.5074
13:13:04 [epoch 1254/3000] nll=0.0352  best=0.0215  con=0.5075
13:13:16 [epoch 1255/3000] nll=0.0456  best=0.0215  con=0.5071
13:13:25 [epoch 1256/3000] nll=0.0675  best=0.0215  con=0.5086
13:13:35 [epoch 1257/3000] nll=0.0711  best=0.0215  con=0.5080
13:13:45 [epoch 1258/3000] nll=0.0720  best=0.0215  con=0.5083
13:13:54 [epoch 1259/3000] nll=0.0631  best=0.0215  con=0.5083
13:14:05 [epoch 1260/3000] nll=0.0501  best=0.0215  con=0.5079
13:14:14 [epoch 1261/3000] nll=0.0709  best=0.0215  con=0.5072
13:14:24 [epoch 1262/3000] nll=0.1431  best=0.0215  con=0.5099
13:14:34 [epoch 1263/3000] nll=0.0548  best=0.0215  con=0.5108
13:14:44 [epoch 1264/3000] nll=0.0344  best=0.0215  con=0.5104
13:14:54 [epoch 1265/3000] nll=0.0585  best=0.0215  con=0.5105
13:15:04 [epoch 1266/3000] nll=0.0514  best=0.0215  con=0.5105
13:15:14 [epoch 1267/3000] nll=0.0412  best=0.0215  con=0.5100
13:15:23 [epoch 1268/3000] nll=0.0621  best=0.0215  con=0.5106
13:15:33 [epoch 1269/3000] nll=0.0551  best=0.0215  con=0.5107
13:15:43 [epoch 1270/3000] nll=0.0509  best=0.0215  con=0.5104
13:15:53 [epoch 1271/3000] nll=0.0451  best=0.0215  con=0.5101
13:16:03 [epoch 1272/3000] nll=0.0348  best=0.0215  con=0.5098
13:16:13 [epoch 1273/3000] nll=0.0347  best=0.0215  con=0.5096
13:16:23 [epoch 1274/3000] nll=0.0468  best=0.0215  con=0.5101
13:16:32 [epoch 1275/3000] nll=0.0373  best=0.0215  con=0.5097
13:16:42 [epoch 1276/3000] nll=0.0272  best=0.0215  con=0.5094
13:16:53 [epoch 1277/3000] nll=0.0250  best=0.0215  con=0.5093
13:17:04 [epoch 1278/3000] nll=0.0324  best=0.0215  con=0.5090
13:17:15 [epoch 1279/3000] nll=0.0494  best=0.0215  con=0.5094
13:17:26 [epoch 1280/3000] nll=0.0413  best=0.0215  con=0.5091
13:17:36 [epoch 1281/3000] nll=0.0283  best=0.0215  con=0.5088
13:17:45 [epoch 1282/3000] nll=0.0254  best=0.0215  con=0.5085
13:17:55 [epoch 1283/3000] nll=0.0294  best=0.0215  con=0.5085
13:18:05 [epoch 1284/3000] nll=0.0307  best=0.0215  con=0.5081
13:18:15 [epoch 1285/3000] nll=0.0442  best=0.0215  con=0.5085
13:18:25 [epoch 1286/3000] nll=0.0319  best=0.0215  con=0.5082
13:18:35 [epoch 1287/3000] nll=0.0250  best=0.0215  con=0.5079
13:18:44 [epoch 1288/3000] nll=0.0226  best=0.0215  con=0.5078
13:18:54 [epoch 1289/3000] nll=0.0217  best=0.0215  con=0.5075
13:19:03 [epoch 1290/3000] nll=0.0213  best=0.0215  con=0.5073
13:19:12 [epoch 1291/3000] nll=0.0211  best=0.0213  con=0.5070
13:19:20 [epoch 1292/3000] nll=0.0212  best=0.0211  con=0.5068
13:19:29 [epoch 1293/3000] nll=0.0218  best=0.0211  con=0.5065
13:19:37 [epoch 1294/3000] nll=0.0399  best=0.0211  con=0.5064
13:19:46 [epoch 1295/3000] nll=0.0509  best=0.0211  con=0.5069
13:19:54 [epoch 1296/3000] nll=0.0544  best=0.0211  con=0.5069
13:20:03 [epoch 1297/3000] nll=0.0558  best=0.0211  con=0.5071
13:20:11 [epoch 1298/3000] nll=0.0511  best=0.0211  con=0.5073
13:20:20 [epoch 1299/3000] nll=0.0413  best=0.0211  con=0.5072
13:20:28 [epoch 1300/3000] nll=0.0279  best=0.0211  con=0.5073
