13:14:42 50 docs → 193 segments
13:16:04 [epoch 0/3000] nll=3.6518  best=inf  con=5.2878
13:17:25 [epoch 1/3000] nll=7.1769  best=3.6518  con=5.1411
13:18:46 [epoch 2/3000] nll=5.6206  best=3.6518  con=4.9483
13:20:06 [epoch 3/3000] nll=4.8712  best=3.6518  con=4.7500
13:21:27 [epoch 4/3000] nll=4.4186  best=3.6518  con=4.6063
13:22:48 [epoch 5/3000] nll=4.1502  best=3.6518  con=4.4500
13:24:09 [epoch 6/3000] nll=4.0841  best=3.6518  con=4.3181
13:25:29 [epoch 7/3000] nll=3.9870  best=3.6518  con=4.2020
13:26:50 [epoch 8/3000] nll=3.8758  best=3.6518  con=4.1029
13:28:11 [epoch 9/3000] nll=3.8613  best=3.6518  con=3.9997
13:29:31 [epoch 10/3000] nll=3.6384  best=3.6518  con=3.9190
13:30:52 [epoch 11/3000] nll=3.5721  best=3.6384  con=3.8456
13:32:13 [epoch 12/3000] nll=3.4256  best=3.5721  con=3.7632
13:33:33 [epoch 13/3000] nll=3.3987  best=3.4256  con=3.6872
13:34:54 [epoch 14/3000] nll=3.3919  best=3.3987  con=3.6263
13:36:15 [epoch 15/3000] nll=3.2353  best=3.3919  con=3.5770
13:37:36 [epoch 16/3000] nll=3.2093  best=3.2353  con=3.5257
13:38:56 [epoch 17/3000] nll=3.1537  best=3.2093  con=3.4769
13:40:17 [epoch 18/3000] nll=3.1081  best=3.1537  con=3.4322
13:41:38 [epoch 19/3000] nll=3.0701  best=3.1081  con=3.3865
13:42:59 [epoch 20/3000] nll=2.9583  best=3.0701  con=3.3432
13:44:19 [epoch 21/3000] nll=2.8575  best=2.9583  con=3.2948
13:45:40 [epoch 22/3000] nll=2.8802  best=2.8575  con=3.2608
13:47:01 [epoch 23/3000] nll=2.8631  best=2.8575  con=3.2347
13:48:22 [epoch 24/3000] nll=2.9411  best=2.8575  con=3.2107
13:49:42 [epoch 25/3000] nll=2.9984  best=2.8575  con=3.1833
13:51:03 [epoch 26/3000] nll=2.9118  best=2.8575  con=3.1779
13:52:24 [epoch 27/3000] nll=2.8782  best=2.8575  con=3.1542
13:53:44 [epoch 28/3000] nll=2.8205  best=2.8575  con=3.1357
13:55:05 [epoch 29/3000] nll=2.6853  best=2.8205  con=3.1260
13:56:26 [epoch 30/3000] nll=2.6668  best=2.6853  con=3.1033
13:57:47 [epoch 31/3000] nll=2.5938  best=2.6668  con=3.0843
13:59:08 [epoch 32/3000] nll=2.5298  best=2.5938  con=3.0630
14:00:28 [epoch 33/3000] nll=2.4311  best=2.5298  con=3.0566
14:01:49 [epoch 34/3000] nll=2.3678  best=2.4311  con=3.0399
14:03:10 [epoch 35/3000] nll=2.3617  best=2.3678  con=3.0277
14:04:31 [epoch 36/3000] nll=2.2858  best=2.3617  con=3.0284
14:05:52 [epoch 37/3000] nll=2.2774  best=2.2858  con=3.0198
14:07:13 [epoch 38/3000] nll=2.2630  best=2.2774  con=3.0144
14:08:33 [epoch 39/3000] nll=2.1745  best=2.2630  con=2.9980
14:09:54 [epoch 40/3000] nll=2.1243  best=2.1745  con=2.9885
14:11:15 [epoch 41/3000] nll=2.0666  best=2.1243  con=2.9795
14:12:36 [epoch 42/3000] nll=1.9975  best=2.0666  con=2.9754
14:13:57 [epoch 43/3000] nll=2.0351  best=1.9975  con=2.9648
14:15:17 [epoch 44/3000] nll=2.0433  best=1.9975  con=2.9627
14:16:38 [epoch 45/3000] nll=2.0814  best=1.9975  con=2.9609
14:17:59 [epoch 46/3000] nll=1.9727  best=1.9975  con=2.9479
14:19:20 [epoch 47/3000] nll=1.9247  best=1.9727  con=2.9505
14:20:40 [epoch 48/3000] nll=1.8528  best=1.9247  con=2.9429
14:22:01 [epoch 49/3000] nll=1.9053  best=1.8528  con=2.9416
14:23:21 [epoch 50/3000] nll=1.9020  best=1.8528  con=2.9450
14:24:42 [epoch 51/3000] nll=1.7638  best=1.8528  con=2.9444
14:26:03 [epoch 52/3000] nll=1.7344  best=1.7638  con=2.9438
14:27:23 [epoch 53/3000] nll=1.6966  best=1.7344  con=2.9397
14:28:44 [epoch 54/3000] nll=1.6989  best=1.6966  con=2.9343
14:30:05 [epoch 55/3000] nll=1.6440  best=1.6966  con=2.9318
14:31:26 [epoch 56/3000] nll=1.6244  best=1.6440  con=2.9331
14:32:46 [epoch 57/3000] nll=1.5368  best=1.6244  con=2.9284
14:34:07 [epoch 58/3000] nll=1.5456  best=1.5368  con=2.9323
14:35:28 [epoch 59/3000] nll=1.5225  best=1.5368  con=2.9304
14:36:49 [epoch 60/3000] nll=1.4566  best=1.5225  con=2.9250
14:38:09 [epoch 61/3000] nll=1.4165  best=1.4566  con=2.9249
14:39:30 [epoch 62/3000] nll=1.4171  best=1.4165  con=2.9236
14:40:51 [epoch 63/3000] nll=1.4642  best=1.4165  con=2.9257
14:42:12 [epoch 64/3000] nll=1.4487  best=1.4165  con=2.9249
14:43:32 [epoch 65/3000] nll=1.3731  best=1.4165  con=2.9256
14:44:53 [epoch 66/3000] nll=1.3011  best=1.3731  con=2.9201
14:46:14 [epoch 67/3000] nll=1.2663  best=1.3011  con=2.9183
14:47:35 [epoch 68/3000] nll=1.2613  best=1.2663  con=2.9183
14:48:55 [epoch 69/3000] nll=1.2305  best=1.2613  con=2.9168
14:50:16 [epoch 70/3000] nll=1.2263  best=1.2305  con=2.9175
14:51:36 [epoch 71/3000] nll=1.1752  best=1.2263  con=2.9147
14:52:57 [epoch 72/3000] nll=1.1619  best=1.1752  con=2.9181
14:54:18 [epoch 73/3000] nll=1.1305  best=1.1619  con=2.9199
14:55:39 [epoch 74/3000] nll=1.0552  best=1.1305  con=2.9149
14:57:00 [epoch 75/3000] nll=1.0985  best=1.0552  con=2.9098
14:58:20 [epoch 76/3000] nll=1.0719  best=1.0552  con=2.9126
14:59:41 [epoch 77/3000] nll=0.9765  best=1.0552  con=2.9081
15:01:02 [epoch 78/3000] nll=0.9756  best=0.9765  con=2.9061
15:02:22 [epoch 79/3000] nll=0.9391  best=0.9756  con=2.9038
15:03:43 [epoch 80/3000] nll=0.9124  best=0.9391  con=2.9028
15:05:04 [epoch 81/3000] nll=0.8904  best=0.9124  con=2.9010
15:06:25 [epoch 82/3000] nll=0.8852  best=0.8904  con=2.8971
15:07:45 [epoch 83/3000] nll=0.8390  best=0.8852  con=2.8930
15:09:06 [epoch 84/3000] nll=0.8046  best=0.8390  con=2.8896
15:10:27 [epoch 85/3000] nll=0.7865  best=0.8046  con=2.8834
15:11:48 [epoch 86/3000] nll=0.7816  best=0.7865  con=2.8830
15:13:08 [epoch 87/3000] nll=0.7880  best=0.7816  con=2.8808
15:14:29 [epoch 88/3000] nll=0.7998  best=0.7816  con=2.8785
15:15:50 [epoch 89/3000] nll=0.7298  best=0.7816  con=2.8773
15:17:11 [epoch 90/3000] nll=0.7038  best=0.7298  con=2.8695
15:18:31 [epoch 91/3000] nll=0.6897  best=0.7038  con=2.8697
15:19:52 [epoch 92/3000] nll=0.6436  best=0.6897  con=2.8642
15:21:13 [epoch 93/3000] nll=0.6328  best=0.6436  con=2.8599
15:22:34 [epoch 94/3000] nll=0.6154  best=0.6328  con=2.8549
15:23:54 [epoch 95/3000] nll=0.6231  best=0.6154  con=2.8539
15:25:15 [epoch 96/3000] nll=0.6156  best=0.6154  con=2.8465
15:26:36 [epoch 97/3000] nll=0.6015  best=0.6154  con=2.8456
15:27:58 [epoch 98/3000] nll=0.5801  best=0.6015  con=2.8405
15:29:19 [epoch 99/3000] nll=0.5350  best=0.5801  con=2.8343
15:30:40 [epoch 100/3000] nll=0.5035  best=0.5350  con=2.8293
15:32:03 [epoch 101/3000] nll=0.5015  best=0.5035  con=2.8226
15:33:24 [epoch 102/3000] nll=0.4735  best=0.5015  con=2.8176
15:34:46 [epoch 103/3000] nll=0.4391  best=0.4735  con=2.8114
15:36:08 [epoch 104/3000] nll=0.4482  best=0.4391  con=2.8065
15:37:30 [epoch 105/3000] nll=0.4463  best=0.4391  con=2.8000
15:38:50 [epoch 106/3000] nll=0.4555  best=0.4391  con=2.7922
15:40:11 [epoch 107/3000] nll=0.4295  best=0.4391  con=2.7848
15:41:32 [epoch 108/3000] nll=0.4401  best=0.4295  con=2.7786
15:42:53 [epoch 109/3000] nll=0.3986  best=0.4295  con=2.7725
15:44:13 [epoch 110/3000] nll=0.3760  best=0.3986  con=2.7644
15:45:34 [epoch 111/3000] nll=0.3561  best=0.3760  con=2.7561
15:46:55 [epoch 112/3000] nll=0.3581  best=0.3561  con=2.7476
15:48:15 [epoch 113/3000] nll=0.3942  best=0.3561  con=2.7407
15:49:36 [epoch 114/3000] nll=0.3487  best=0.3561  con=2.7328
15:50:57 [epoch 115/3000] nll=0.3269  best=0.3487  con=2.7256
15:52:18 [epoch 116/3000] nll=0.3454  best=0.3269  con=2.7190
15:53:38 [epoch 117/3000] nll=0.3069  best=0.3269  con=2.7125
15:54:59 [epoch 118/3000] nll=0.3161  best=0.3069  con=2.7044
15:56:20 [epoch 119/3000] nll=0.3253  best=0.3069  con=2.6974
15:57:41 [epoch 120/3000] nll=0.2887  best=0.3069  con=2.6894
15:59:01 [epoch 121/3000] nll=0.2833  best=0.2887  con=2.6812
16:00:22 [epoch 122/3000] nll=0.2672  best=0.2833  con=2.6731
16:01:43 [epoch 123/3000] nll=0.2645  best=0.2672  con=2.6640
16:03:04 [epoch 124/3000] nll=0.2586  best=0.2645  con=2.6570
16:04:25 [epoch 125/3000] nll=0.2459  best=0.2586  con=2.6492
16:05:45 [epoch 126/3000] nll=0.2503  best=0.2459  con=2.6401
16:07:06 [epoch 127/3000] nll=0.2394  best=0.2459  con=2.6320
16:08:27 [epoch 128/3000] nll=0.2393  best=0.2394  con=2.6233
16:09:48 [epoch 129/3000] nll=0.2396  best=0.2393  con=2.6145
16:11:08 [epoch 130/3000] nll=0.2202  best=0.2393  con=2.6062
16:12:29 [epoch 131/3000] nll=0.2007  best=0.2202  con=2.5977
16:13:50 [epoch 132/3000] nll=0.2072  best=0.2007  con=2.5893
16:15:10 [epoch 133/3000] nll=0.2057  best=0.2007  con=2.5812
16:16:31 [epoch 134/3000] nll=0.2141  best=0.2007  con=2.5728
16:17:52 [epoch 135/3000] nll=0.2117  best=0.2007  con=2.5649
16:19:13 [epoch 136/3000] nll=0.2104  best=0.2007  con=2.5572
16:20:33 [epoch 137/3000] nll=0.2034  best=0.2007  con=2.5485
16:21:54 [epoch 138/3000] nll=0.2070  best=0.2007  con=2.5406
16:23:15 [epoch 139/3000] nll=0.1939  best=0.2007  con=2.5323
16:24:36 [epoch 140/3000] nll=0.1796  best=0.1939  con=2.5245
16:25:56 [epoch 141/3000] nll=0.1600  best=0.1796  con=2.5167
16:27:17 [epoch 142/3000] nll=0.1771  best=0.1600  con=2.5089
16:28:38 [epoch 143/3000] nll=0.1703  best=0.1600  con=2.5009
16:29:58 [epoch 144/3000] nll=0.1730  best=0.1600  con=2.4922
16:31:19 [epoch 145/3000] nll=0.1553  best=0.1600  con=2.4853
16:32:40 [epoch 146/3000] nll=0.1571  best=0.1553  con=2.4764
16:34:01 [epoch 147/3000] nll=0.1747  best=0.1553  con=2.4690
16:35:21 [epoch 148/3000] nll=0.1518  best=0.1553  con=2.4605
16:36:42 [epoch 149/3000] nll=0.1546  best=0.1518  con=2.4532
16:38:03 [epoch 150/3000] nll=0.1441  best=0.1518  con=2.4450
16:39:24 [epoch 151/3000] nll=0.1425  best=0.1441  con=2.4377
16:40:45 [epoch 152/3000] nll=0.1684  best=0.1425  con=2.4300
16:42:05 [epoch 153/3000] nll=0.1429  best=0.1425  con=2.4219
16:43:26 [epoch 154/3000] nll=0.1399  best=0.1425  con=2.4143
16:44:47 [epoch 155/3000] nll=0.1637  best=0.1399  con=2.4067
16:46:08 [epoch 156/3000] nll=0.1373  best=0.1399  con=2.4004
16:47:29 [epoch 157/3000] nll=0.1322  best=0.1373  con=2.3926
16:48:49 [epoch 158/3000] nll=0.1373  best=0.1322  con=2.3860
16:50:10 [epoch 159/3000] nll=0.1398  best=0.1322  con=2.3788
16:51:31 [epoch 160/3000] nll=0.1499  best=0.1322  con=2.3719
16:52:52 [epoch 161/3000] nll=0.1333  best=0.1322  con=2.3649
16:54:13 [epoch 162/3000] nll=0.1169  best=0.1322  con=2.3571
16:55:33 [epoch 163/3000] nll=0.1110  best=0.1169  con=2.3497
16:56:54 [epoch 164/3000] nll=0.1059  best=0.1110  con=2.3421
16:58:15 [epoch 165/3000] nll=0.1084  best=0.1059  con=2.3352
16:59:35 [epoch 166/3000] nll=0.0953  best=0.1059  con=2.3276
17:00:56 [epoch 167/3000] nll=0.1030  best=0.0953  con=2.3211
17:02:17 [epoch 168/3000] nll=0.1016  best=0.0953  con=2.3137
17:03:38 [epoch 169/3000] nll=0.1013  best=0.0953  con=2.3062
17:04:58 [epoch 170/3000] nll=0.0953  best=0.0953  con=2.2992
17:06:19 [epoch 171/3000] nll=0.0871  best=0.0953  con=2.2923
17:07:40 [epoch 172/3000] nll=0.0884  best=0.0871  con=2.2853
17:09:01 [epoch 173/3000] nll=0.0886  best=0.0871  con=2.2779
17:10:21 [epoch 174/3000] nll=0.1110  best=0.0871  con=2.2732
17:11:42 [epoch 175/3000] nll=0.1843  best=0.0871  con=2.2674
17:13:03 [epoch 176/3000] nll=0.1133  best=0.0871  con=2.2612
17:14:24 [epoch 177/3000] nll=0.1035  best=0.0871  con=2.2557
17:15:44 [epoch 178/3000] nll=0.1054  best=0.0871  con=2.2486
17:17:05 [epoch 179/3000] nll=0.1147  best=0.0871  con=2.2421
17:18:26 [epoch 180/3000] nll=0.1010  best=0.0871  con=2.2357
17:19:47 [epoch 181/3000] nll=0.0999  best=0.0871  con=2.2297
17:21:07 [epoch 182/3000] nll=0.1042  best=0.0871  con=2.2243
17:22:28 [epoch 183/3000] nll=0.1181  best=0.0871  con=2.2182
17:23:49 [epoch 184/3000] nll=0.1055  best=0.0871  con=2.2126
17:32:06 50 docs → 193 segments
17:32:06 Resumed from experiments/v58_text_50docs/runs/20260225_131401/latest_epoch184.pt, starting at epoch 184
17:33:01 [epoch 184/3000] nll=0.1417  best=inf  con=2.2070
17:33:58 [epoch 185/3000] nll=0.1035  best=0.1417  con=2.2018
17:35:18 [epoch 186/3000] nll=0.1425  best=0.1035  con=2.1970
17:36:39 [epoch 187/3000] nll=0.0989  best=0.1035  con=2.1915
17:38:00 [epoch 188/3000] nll=0.0884  best=0.0989  con=2.1859
17:39:22 [epoch 189/3000] nll=0.0895  best=0.0884  con=2.1807
17:40:43 [epoch 190/3000] nll=0.1264  best=0.0884  con=2.1758
17:42:04 [epoch 191/3000] nll=0.0979  best=0.0884  con=2.1711
17:43:25 [epoch 192/3000] nll=0.1110  best=0.0884  con=2.1657
17:44:47 [epoch 193/3000] nll=0.1030  best=0.0884  con=2.1604
17:46:08 [epoch 194/3000] nll=0.0944  best=0.0884  con=2.1565
17:47:29 [epoch 195/3000] nll=0.0912  best=0.0884  con=2.1511
17:48:50 [epoch 196/3000] nll=0.1050  best=0.0884  con=2.1462
17:50:12 [epoch 197/3000] nll=0.1118  best=0.0884  con=2.1416
17:51:33 [epoch 198/3000] nll=0.1257  best=0.0884  con=2.1375
17:52:54 [epoch 199/3000] nll=0.1204  best=0.0884  con=2.1337
17:54:16 [epoch 200/3000] nll=0.1134  best=0.0884  con=2.1288
17:55:37 [epoch 201/3000] nll=0.1054  best=0.0884  con=2.1249
17:56:58 [epoch 202/3000] nll=0.1125  best=0.0884  con=2.1203
17:58:20 [epoch 203/3000] nll=0.1280  best=0.0884  con=2.1164
17:59:41 [epoch 204/3000] nll=0.1090  best=0.0884  con=2.1117
18:01:02 [epoch 205/3000] nll=0.1247  best=0.0884  con=2.1073
18:02:23 [epoch 206/3000] nll=0.1130  best=0.0884  con=2.1023
18:03:45 [epoch 207/3000] nll=0.1098  best=0.0884  con=2.0982
18:05:06 [epoch 208/3000] nll=0.1316  best=0.0884  con=2.0936
18:06:27 [epoch 209/3000] nll=0.1077  best=0.0884  con=2.0895
18:07:49 [epoch 210/3000] nll=0.0981  best=0.0884  con=2.0855
18:09:10 [epoch 211/3000] nll=0.0870  best=0.0884  con=2.0808
18:10:31 [epoch 212/3000] nll=0.0825  best=0.0870  con=2.0763
18:11:48 [epoch 213/3000] nll=0.1062  best=0.0825  con=2.0713
18:13:03 [epoch 214/3000] nll=0.1120  best=0.0825  con=2.0693
18:14:25 [epoch 215/3000] nll=0.0952  best=0.0825  con=2.0656
18:15:46 [epoch 216/3000] nll=0.0735  best=0.0825  con=2.0600
18:17:07 [epoch 217/3000] nll=0.0701  best=0.0735  con=2.0555
18:18:29 [epoch 218/3000] nll=0.0729  best=0.0701  con=2.0508
18:19:50 [epoch 219/3000] nll=0.0789  best=0.0701  con=2.0459
18:21:11 [epoch 220/3000] nll=0.0998  best=0.0701  con=2.0429
18:22:32 [epoch 221/3000] nll=0.1068  best=0.0701  con=2.0399
18:23:54 [epoch 222/3000] nll=0.0920  best=0.0701  con=2.0355
18:25:15 [epoch 223/3000] nll=0.1289  best=0.0701  con=2.0315
18:26:37 [epoch 224/3000] nll=0.1147  best=0.0701  con=2.0280
18:27:58 [epoch 225/3000] nll=0.1712  best=0.0701  con=2.0244
18:29:19 [epoch 226/3000] nll=0.1132  best=0.0701  con=2.0219
18:30:41 [epoch 227/3000] nll=0.1094  best=0.0701  con=2.0179
18:32:02 [epoch 228/3000] nll=0.1016  best=0.0701  con=2.0144
18:33:23 [epoch 229/3000] nll=0.1458  best=0.0701  con=2.0123
18:34:45 [epoch 230/3000] nll=0.1464  best=0.0701  con=2.0095
18:36:06 [epoch 231/3000] nll=0.1243  best=0.0701  con=2.0068
18:37:28 [epoch 232/3000] nll=0.1311  best=0.0701  con=2.0045
18:38:49 [epoch 233/3000] nll=0.1243  best=0.0701  con=2.0016
18:40:10 [epoch 234/3000] nll=0.1255  best=0.0701  con=1.9990
18:41:32 [epoch 235/3000] nll=0.1188  best=0.0701  con=1.9978
18:42:53 [epoch 236/3000] nll=0.1450  best=0.0701  con=1.9955
18:44:14 [epoch 237/3000] nll=0.1317  best=0.0701  con=1.9914
18:45:36 [epoch 238/3000] nll=0.1234  best=0.0701  con=1.9885
18:46:57 [epoch 239/3000] nll=0.1278  best=0.0701  con=1.9869
18:48:18 [epoch 240/3000] nll=0.1320  best=0.0701  con=1.9833
18:49:40 [epoch 241/3000] nll=0.1275  best=0.0701  con=1.9814
18:51:01 [epoch 242/3000] nll=0.2124  best=0.0701  con=1.9778
18:52:22 [epoch 243/3000] nll=0.1588  best=0.0701  con=1.9743
18:53:44 [epoch 244/3000] nll=0.1816  best=0.0701  con=1.9725
18:55:05 [epoch 245/3000] nll=0.1717  best=0.0701  con=1.9687
18:56:26 [epoch 246/3000] nll=0.1714  best=0.0701  con=1.9657
18:57:47 [epoch 247/3000] nll=0.2057  best=0.0701  con=1.9621
18:59:09 [epoch 248/3000] nll=0.1952  best=0.0701  con=1.9606
19:00:30 [epoch 249/3000] nll=0.2009  best=0.0701  con=1.9574
19:01:52 [epoch 250/3000] nll=0.1533  best=0.0701  con=1.9540
19:03:13 [epoch 251/3000] nll=0.1808  best=0.0701  con=1.9506
19:04:34 [epoch 252/3000] nll=0.2064  best=0.0701  con=1.9474
19:05:55 [epoch 253/3000] nll=0.1703  best=0.0701  con=1.9451
19:07:17 [epoch 254/3000] nll=0.1473  best=0.0701  con=1.9413
19:08:38 [epoch 255/3000] nll=0.1278  best=0.0701  con=1.9383
19:09:59 [epoch 256/3000] nll=0.1420  best=0.0701  con=1.9364
19:11:21 [epoch 257/3000] nll=0.1575  best=0.0701  con=1.9338
19:12:42 [epoch 258/3000] nll=0.2041  best=0.0701  con=1.9309
19:14:03 [epoch 259/3000] nll=0.1757  best=0.0701  con=1.9293
19:15:24 [epoch 260/3000] nll=0.2036  best=0.0701  con=1.9263
19:16:46 [epoch 261/3000] nll=0.1441  best=0.0701  con=1.9235
19:18:07 [epoch 262/3000] nll=0.1251  best=0.0701  con=1.9199
19:19:28 [epoch 263/3000] nll=0.1289  best=0.0701  con=1.9184
19:20:50 [epoch 264/3000] nll=0.1813  best=0.0701  con=1.9153
19:22:11 [epoch 265/3000] nll=0.1525  best=0.0701  con=1.9122
19:23:32 [epoch 266/3000] nll=0.1348  best=0.0701  con=1.9105
19:24:54 [epoch 267/3000] nll=0.1778  best=0.0701  con=1.9087
19:26:15 [epoch 268/3000] nll=0.1880  best=0.0701  con=1.9075
19:27:36 [epoch 269/3000] nll=0.1981  best=0.0701  con=1.9057
19:28:57 [epoch 270/3000] nll=0.1583  best=0.0701  con=1.9031
19:30:19 [epoch 271/3000] nll=0.1495  best=0.0701  con=1.9000
19:31:40 [epoch 272/3000] nll=0.1444  best=0.0701  con=1.8985
19:33:01 [epoch 273/3000] nll=0.1366  best=0.0701  con=1.8962
19:34:23 [epoch 274/3000] nll=0.1209  best=0.0701  con=1.8926
19:35:44 [epoch 275/3000] nll=0.1165  best=0.0701  con=1.8902
19:37:05 [epoch 276/3000] nll=0.1072  best=0.0701  con=1.8862
19:38:27 [epoch 277/3000] nll=0.1254  best=0.0701  con=1.8829
19:39:48 [epoch 278/3000] nll=0.1119  best=0.0701  con=1.8803
19:41:09 [epoch 279/3000] nll=0.1056  best=0.0701  con=1.8770
19:42:31 [epoch 280/3000] nll=0.1139  best=0.0701  con=1.8754
19:43:52 [epoch 281/3000] nll=0.1271  best=0.0701  con=1.8721
19:45:13 [epoch 282/3000] nll=0.1227  best=0.0701  con=1.8691
19:46:35 [epoch 283/3000] nll=0.1306  best=0.0701  con=1.8670
19:47:56 [epoch 284/3000] nll=0.1138  best=0.0701  con=1.8637
19:49:17 [epoch 285/3000] nll=0.1312  best=0.0701  con=1.8607
19:50:38 [epoch 286/3000] nll=0.1069  best=0.0701  con=1.8579
19:52:00 [epoch 287/3000] nll=0.1013  best=0.0701  con=1.8547
19:53:21 [epoch 288/3000] nll=0.1642  best=0.0701  con=1.8524
19:54:42 [epoch 289/3000] nll=0.1538  best=0.0701  con=1.8498
19:56:04 [epoch 290/3000] nll=0.1290  best=0.0701  con=1.8466
19:57:25 [epoch 291/3000] nll=0.1447  best=0.0701  con=1.8438
19:58:46 [epoch 292/3000] nll=0.1237  best=0.0701  con=1.8410
20:00:08 [epoch 293/3000] nll=0.1224  best=0.0701  con=1.8388
20:01:29 [epoch 294/3000] nll=0.1917  best=0.0701  con=1.8364
20:02:51 [epoch 295/3000] nll=0.2285  best=0.0701  con=1.8357
20:04:12 [epoch 296/3000] nll=0.2393  best=0.0701  con=1.8350
20:05:33 [epoch 297/3000] nll=0.2060  best=0.0701  con=1.8337
20:06:55 [epoch 298/3000] nll=0.1816  best=0.0701  con=1.8318
20:08:16 [epoch 299/3000] nll=0.1577  best=0.0701  con=1.8297
20:09:37 [epoch 300/3000] nll=0.1639  best=0.0701  con=1.8275
20:10:59 [epoch 301/3000] nll=0.1978  best=0.0701  con=1.8261
20:12:20 [epoch 302/3000] nll=0.1733  best=0.0701  con=1.8246
20:13:41 [epoch 303/3000] nll=0.1928  best=0.0701  con=1.8234
20:15:02 [epoch 304/3000] nll=0.1877  best=0.0701  con=1.8219
20:16:24 [epoch 305/3000] nll=0.1521  best=0.0701  con=1.8203
20:17:45 [epoch 306/3000] nll=0.1587  best=0.0701  con=1.8183
20:19:06 [epoch 307/3000] nll=0.1282  best=0.0701  con=1.8160
20:20:28 [epoch 308/3000] nll=0.1317  best=0.0701  con=1.8132
20:21:49 [epoch 309/3000] nll=0.1204  best=0.0701  con=1.8120
20:23:10 [epoch 310/3000] nll=0.1356  best=0.0701  con=1.8091
20:24:32 [epoch 311/3000] nll=0.1426  best=0.0701  con=1.8072
20:25:53 [epoch 312/3000] nll=0.1332  best=0.0701  con=1.8049
20:27:14 [epoch 313/3000] nll=0.1394  best=0.0701  con=1.8022
20:28:36 [epoch 314/3000] nll=0.1357  best=0.0701  con=1.8021
20:29:57 [epoch 315/3000] nll=0.1353  best=0.0701  con=1.8002
20:31:18 [epoch 316/3000] nll=0.1533  best=0.0701  con=1.7981
20:32:40 [epoch 317/3000] nll=0.1561  best=0.0701  con=1.7967
20:32:40 Early stopping at epoch 317 (patience=100)
20:32:40 Done → experiments/v58_text_50docs/runs/20260225_131401
